Log file open, 01/31/20 20:14:38
LogWindows: Failed to load 'aqProf.dll' (GetLastError=126)
LogWindows: File 'aqProf.dll' does not exist
LogWindows: Failed to load 'VtuneApi.dll' (GetLastError=126)
LogWindows: File 'VtuneApi.dll' does not exist
LogWindows: Failed to load 'VtuneApi32e.dll' (GetLastError=126)
LogWindows: File 'VtuneApi32e.dll' does not exist
LogConsoleResponse: Display: Failed to find resolution value strings in scalability ini. Falling back to default.
LogInit: Display: Running engine for game: MyProject
LogPlatformFile: Not using cached read wrapper
LogTaskGraph: Started task graph with 5 named threads and 23 total threads with 3 sets of task threads.
LogStats: Stats thread started at 0.560337
LogD3D11RHI: Loaded GFSDK_Aftermath_Lib.x64.dll
LogICUInternationalization: ICU TimeZone Detection - Raw Offset: +0:00, Platform Override: ''
LogPluginManager: Mounting plugin Paper2D
LogPluginManager: Mounting plugin AISupport
LogPluginManager: Mounting plugin LightPropagationVolume
LogPluginManager: Mounting plugin ActorLayerUtilities
LogPluginManager: Mounting plugin AnimationSharing
LogPluginManager: Mounting plugin CLionSourceCodeAccess
LogPluginManager: Mounting plugin CodeLiteSourceCodeAccess
LogPluginManager: Mounting plugin GitSourceControl
LogPluginManager: Mounting plugin KDevelopSourceCodeAccess
LogPluginManager: Mounting plugin NullSourceCodeAccess
LogPluginManager: Mounting plugin PerforceSourceControl
LogPluginManager: Mounting plugin PlasticSourceControl
LogPluginManager: Mounting plugin SubversionSourceControl
LogPluginManager: Mounting plugin UObjectPlugin
LogPluginManager: Mounting plugin VisualStudioCodeSourceCodeAccess
LogPluginManager: Mounting plugin VisualStudioSourceCodeAccess
LogPluginManager: Mounting plugin XCodeSourceCodeAccess
LogPluginManager: Mounting plugin AssetManagerEditor
LogPluginManager: Mounting plugin CryptoKeys
LogPluginManager: Mounting plugin CurveEditorTools
LogPluginManager: Mounting plugin DataValidation
LogPluginManager: Mounting plugin FacialAnimation
LogPluginManager: Mounting plugin GameplayTagsEditor
LogPluginManager: Mounting plugin MacGraphicsSwitching
LogPluginManager: Mounting plugin MaterialAnalyzer
LogPluginManager: Mounting plugin MobileLauncherProfileWizard
LogPluginManager: Mounting plugin PluginBrowser
LogPluginManager: Mounting plugin SpeedTreeImporter
LogPluginManager: Mounting plugin DatasmithContent
LogPluginManager: Mounting plugin VariantManagerContent
LogPluginManager: Mounting plugin AlembicImporter
LogPluginManager: Mounting plugin AutomationUtils
LogPluginManager: Mounting plugin BackChannel
LogPluginManager: Mounting plugin CharacterAI
LogPluginManager: Mounting plugin GeometryCache
LogPluginManager: Mounting plugin PlatformCrypto
LogPluginManager: Mounting plugin ProxyLODPlugin
LogPluginManager: Mounting plugin SkeletalReduction
LogPluginManager: Mounting plugin MagicLeap
LogPluginManager: Mounting plugin MagicLeapMedia
LogPluginManager: Mounting plugin MLSDK
LogPluginManager: Mounting plugin AndroidMedia
LogPluginManager: Mounting plugin AvfMedia
LogPluginManager: Mounting plugin ImgMedia
LogPluginManager: Mounting plugin MediaCompositing
LogPluginManager: Mounting plugin MediaPlayerEditor
LogPluginManager: Mounting plugin WebMMedia
LogPluginManager: Mounting plugin WmfMedia
LogPluginManager: Mounting plugin TcpMessaging
LogPluginManager: Mounting plugin UdpMessaging
LogPluginManager: Mounting plugin ActorSequence
LogPluginManager: Mounting plugin LevelSequenceEditor
LogPluginManager: Mounting plugin MatineeToLevelSequence
LogPluginManager: Mounting plugin NetcodeUnitTest
LogPluginManager: Mounting plugin NUTUnrealEngine4
LogPluginManager: Mounting plugin OnlineSubsystemGooglePlay
LogPluginManager: Mounting plugin OnlineSubsystemIOS
LogPluginManager: Mounting plugin OnlineSubsystem
LogPluginManager: Mounting plugin OnlineSubsystemNull
LogPluginManager: Mounting plugin OnlineSubsystemUtils
LogPluginManager: Mounting plugin LauncherChunkInstaller
LogPluginManager: Mounting plugin AndroidDeviceProfileSelector
LogPluginManager: Mounting plugin AndroidMoviePlayer
LogPluginManager: Mounting plugin AndroidPermission
LogPluginManager: Mounting plugin AppleImageUtils
LogPluginManager: Mounting plugin AppleMoviePlayer
LogPluginManager: Mounting plugin ArchVisCharacter
LogPluginManager: Mounting plugin AssetTags
LogPluginManager: Mounting plugin AudioCapture
LogPluginManager: Mounting plugin CableComponent
LogPluginManager: Mounting plugin CustomMeshComponent
LogPluginManager: Mounting plugin EditableMesh
LogPluginManager: Mounting plugin ExampleDeviceProfileSelector
LogPluginManager: Mounting plugin GoogleCloudMessaging
LogPluginManager: Mounting plugin IOSDeviceProfileSelector
LogPluginManager: Mounting plugin LinuxDeviceProfileSelector
LogPluginManager: Mounting plugin LocationServicesBPLibrary
LogPluginManager: Mounting plugin MobilePatchingUtils
LogPluginManager: Mounting plugin OculusVR
LogPluginManager: Mounting plugin PhysXVehicles
LogPluginManager: Mounting plugin PostSplashScreen
LogPluginManager: Mounting plugin ProceduralMeshComponent
LogPluginManager: Mounting plugin RuntimePhysXCooking
LogPluginManager: Mounting plugin SignificanceManager
LogPluginManager: Mounting plugin SteamVR
LogPluginManager: Mounting plugin WebMMoviePlayer
LogPluginManager: Mounting plugin WindowsMoviePlayer
LogPluginManager: Mounting plugin ScreenshotTools
LogInit: Using libcurl 7.55.1-DEV
LogInit:  - built for x86_64-pc-win32
LogInit:  - supports SSL with OpenSSL/1.1.1
LogInit:  - supports HTTP deflate (compression) using libz 1.2.8
LogInit:  - other features:
LogInit:      CURL_VERSION_SSL
LogInit:      CURL_VERSION_LIBZ
LogInit:      CURL_VERSION_IPV6
LogInit:      CURL_VERSION_ASYNCHDNS
LogInit:      CURL_VERSION_LARGEFILE
LogInit:      CURL_VERSION_IDN
LogInit:  CurlRequestOptions (configurable via config and command line):
LogInit:  - bVerifyPeer = true  - Libcurl will verify peer certificate
LogInit:  - bUseHttpProxy = false  - Libcurl will NOT use HTTP proxy
LogInit:  - bDontReuseConnections = false  - Libcurl will reuse connections
LogInit:  - MaxHostConnections = 16  - Libcurl will limit the number of connections to a host
LogInit:  - LocalHostAddr = Default
LogInit:  - BufferSize = 65536
LogOnline: OSS: Creating online subsystem instance for: NULL
LogInit: WinSock: version 1.1 (2.2), MaxSocks=32767, MaxUdp=65467
LogOnline: OSS: TryLoadSubsystemAndSetDefault: Loaded subsystem for module [NULL]
LogInit: Build: ++UE4+Release-4.24-CL-11100242
LogInit: Engine Version: 4.24.2-11100242+++UE4+Release-4.24
LogInit: Compatible Engine Version: 4.24.0-10570792+++UE4+Release-4.24
LogInit: Net CL: 10570792
LogInit: OS: Windows 10 (Release 1909) (), CPU: AMD Ryzen 5 2500U with Radeon Vega Mobile Gfx  , GPU: AMD Radeon(TM) Vega 8 Mobile Graphics
LogInit: Compiled (64-bit): Jan 24 2020 02:05:53
LogInit: Compiled with Visual C++: 19.16.27032.01
LogInit: Build Configuration: Development
LogInit: Branch Name: ++UE4+Release-4.24
LogInit: Command Line: 
LogInit: Base Directory: C:/Program Files/Epic Games/UE_4.24/Engine/Binaries/Win64/
LogInit: Installed Engine Build: 1
LogDevObjectVersion: Number of dev versions registered: 25
LogDevObjectVersion:   Dev-Blueprints (B0D832E4-1F89-4F0D-ACCF-7EB736FD4AA2): 10
LogDevObjectVersion:   Dev-Build (E1C64328-A22C-4D53-A36C-8E866417BD8C): 0
LogDevObjectVersion:   Dev-Core (375EC13C-06E4-48FB-B500-84F0262A717E): 3
LogDevObjectVersion:   Dev-Editor (E4B068ED-F494-42E9-A231-DA0B2E46BB41): 37
LogDevObjectVersion:   Dev-Framework (CFFC743F-43B0-4480-9391-14DF171D2073): 36
LogDevObjectVersion:   Dev-Mobile (B02B49B5-BB20-44E9-A304-32B752E40360): 2
LogDevObjectVersion:   Dev-Networking (A4E4105C-59A1-49B5-A7C5-40C4547EDFEE): 0
LogDevObjectVersion:   Dev-Online (39C831C9-5AE6-47DC-9A44-9C173E1C8E7C): 0
LogDevObjectVersion:   Dev-Physics (78F01B33-EBEA-4F98-B9B4-84EACCB95AA2): 2
LogDevObjectVersion:   Dev-Platform (6631380F-2D4D-43E0-8009-CF276956A95A): 0
LogDevObjectVersion:   Dev-Rendering (12F88B9F-8875-4AFC-A67C-D90C383ABD29): 36
LogDevObjectVersion:   Dev-Sequencer (7B5AE74C-D270-4C10-A958-57980B212A5A): 11
LogDevObjectVersion:   Dev-VR (D7296918-1DD6-4BDD-9DE2-64A83CC13884): 2
LogDevObjectVersion:   Dev-LoadTimes (C2A15278-BFE7-4AFE-6C17-90FF531DF755): 1
LogDevObjectVersion:   Private-Geometry (6EACA3D4-40EC-4CC1-B786-8BED09428FC5): 3
LogDevObjectVersion:   Dev-AnimPhys (29E575DD-E0A3-4627-9D10-D276232CDCEA): 17
LogDevObjectVersion:   Dev-Anim (AF43A65D-7FD3-4947-9873-3E8ED9C1BB05): 2
LogDevObjectVersion:   Dev-ReflectionCapture (6B266CEC-1EC7-4B8F-A30B-E4D90942FC07): 1
LogDevObjectVersion:   Dev-Automation (0DF73D61-A23F-47EA-B727-89E90C41499A): 1
LogDevObjectVersion:   FortniteMain (601D1886-AC64-4F84-AA16-D3DE0DEAC7D6): 31
LogDevObjectVersion:   Dev-Enterprise (9DFFBCD6-494F-0158-E221-12823C92A888): 8
LogDevObjectVersion:   Dev-Niagara (F2AED0AC-9AFE-416F-8664-AA7FFA26D6FC): 1
LogDevObjectVersion:   Dev-Destruction (174F1F0B-B4C6-45A5-B13F-2EE8D0FB917D): 9
LogDevObjectVersion:   Dev-Physics-Ext (35F94A83-E258-406C-A318-09F59610247C): 8
LogDevObjectVersion:   Dev-CineCamera (B2E18506-4273-CFC2-A54E-F4BB758BBA07): 1
LogInit: Presizing for max 25165824 objects, including 0 objects not considered by GC, pre-allocating 0 bytes for permanent pool.
LogInit: Object subsystem initialized
LogConfig: Setting CVar [[con.DebugEarlyDefault:1]]
LogConfig: Setting CVar [[r.setres:1280x720]]
[2020.01.31-20.14.38:924][  0]LogConfig: Setting CVar [[r.VSync:0]]
[2020.01.31-20.14.38:924][  0]LogConfig: Setting CVar [[r.RHICmdBypass:0]]
[2020.01.31-20.14.38:924][  0]LogConfig: Applying CVar settings from Section [/Script/Engine.RendererSettings] File [C:/Users/Recov/Desktop/3D game prototype/3D Games Prototyping/MyProject 4.24/Saved/Config/Windows/Engine.ini]
[2020.01.31-20.14.38:924][  0]LogConfig: Setting CVar [[r.GPUCrashDebugging:0]]
[2020.01.31-20.14.38:924][  0]LogConfig: Applying CVar settings from Section [/Script/Engine.RendererOverrideSettings] File [C:/Users/Recov/Desktop/3D game prototype/3D Games Prototyping/MyProject 4.24/Saved/Config/Windows/Engine.ini]
[2020.01.31-20.14.38:924][  0]LogConfig: Applying CVar settings from Section [/Script/Engine.StreamingSettings] File [C:/Users/Recov/Desktop/3D game prototype/3D Games Prototyping/MyProject 4.24/Saved/Config/Windows/Engine.ini]
[2020.01.31-20.14.38:924][  0]LogConfig: Setting CVar [[s.MinBulkDataSizeForAsyncLoading:131072]]
[2020.01.31-20.14.38:924][  0]LogConfig: Setting CVar [[s.AsyncLoadingThreadEnabled:0]]
[2020.01.31-20.14.38:924][  0]LogConfig: Setting CVar [[s.EventDrivenLoaderEnabled:1]]
[2020.01.31-20.14.38:924][  0]LogConfig: Setting CVar [[s.WarnIfTimeLimitExceeded:0]]
[2020.01.31-20.14.38:924][  0]LogConfig: Setting CVar [[s.TimeLimitExceededMultiplier:1.5]]
[2020.01.31-20.14.38:924][  0]LogConfig: Setting CVar [[s.TimeLimitExceededMinTime:0.005]]
[2020.01.31-20.14.38:924][  0]LogConfig: Setting CVar [[s.UseBackgroundLevelStreaming:1]]
[2020.01.31-20.14.38:924][  0]LogConfig: Setting CVar [[s.PriorityAsyncLoadingExtraTime:15.0]]
[2020.01.31-20.14.38:924][  0]LogConfig: Setting CVar [[s.LevelStreamingActorsUpdateTimeLimit:5.0]]
[2020.01.31-20.14.38:924][  0]LogConfig: Setting CVar [[s.PriorityLevelStreamingActorsUpdateExtraTime:5.0]]
[2020.01.31-20.14.38:924][  0]LogConfig: Setting CVar [[s.LevelStreamingComponentsRegistrationGranularity:10]]
[2020.01.31-20.14.38:924][  0]LogConfig: Setting CVar [[s.UnregisterComponentsTimeLimit:1.0]]
[2020.01.31-20.14.38:924][  0]LogConfig: Setting CVar [[s.LevelStreamingComponentsUnregistrationGranularity:5]]
[2020.01.31-20.14.38:924][  0]LogConfig: Setting CVar [[s.FlushStreamingOnExit:1]]
[2020.01.31-20.14.38:924][  0]LogConfig: Applying CVar settings from Section [/Script/Engine.GarbageCollectionSettings] File [C:/Users/Recov/Desktop/3D game prototype/3D Games Prototyping/MyProject 4.24/Saved/Config/Windows/Engine.ini]
[2020.01.31-20.14.38:924][  0]LogConfig: Setting CVar [[gc.MaxObjectsNotConsideredByGC:1]]
[2020.01.31-20.14.38:924][  0]LogConfig: Setting CVar [[gc.SizeOfPermanentObjectPool:0]]
[2020.01.31-20.14.38:924][  0]LogConfig: Setting CVar [[gc.FlushStreamingOnGC:0]]
[2020.01.31-20.14.38:925][  0]LogConfig: Setting CVar [[gc.NumRetriesBeforeForcingGC:10]]
[2020.01.31-20.14.38:925][  0]LogConfig: Setting CVar [[gc.AllowParallelGC:1]]
[2020.01.31-20.14.38:925][  0]LogConfig: Setting CVar [[gc.TimeBetweenPurgingPendingKillObjects:61.1]]
[2020.01.31-20.14.38:925][  0]LogConfig: Setting CVar [[gc.MaxObjectsInEditor:25165824]]
[2020.01.31-20.14.38:925][  0]LogConfig: Setting CVar [[gc.IncrementalBeginDestroyEnabled:1]]
[2020.01.31-20.14.38:925][  0]LogConfig: Setting CVar [[gc.CreateGCClusters:1]]
[2020.01.31-20.14.38:925][  0]LogConfig: Setting CVar [[gc.MinGCClusterSize:5]]
[2020.01.31-20.14.38:925][  0]LogConfig: Setting CVar [[gc.ActorClusteringEnabled:0]]
[2020.01.31-20.14.38:925][  0]LogConfig: Setting CVar [[gc.BlueprintClusteringEnabled:0]]
[2020.01.31-20.14.38:925][  0]LogConfig: Setting CVar [[gc.UseDisregardForGCOnDedicatedServers:0]]
[2020.01.31-20.14.38:925][  0]LogConfig: Applying CVar settings from Section [/Script/Engine.NetworkSettings] File [C:/Users/Recov/Desktop/3D game prototype/3D Games Prototyping/MyProject 4.24/Saved/Config/Windows/Engine.ini]
[2020.01.31-20.14.38:925][  0]LogConfig: Applying CVar settings from Section [/Script/UnrealEd.CookerSettings] File [C:/Users/Recov/Desktop/3D game prototype/3D Games Prototyping/MyProject 4.24/Saved/Config/Windows/Engine.ini]
[2020.01.31-20.14.38:934][  0]LogConfig: Applying CVar settings from Section [ViewDistanceQuality@3] File [C:/Users/Recov/Desktop/3D game prototype/3D Games Prototyping/MyProject 4.24/Saved/Config/Windows/Scalability.ini]
[2020.01.31-20.14.38:934][  0]LogConfig: Setting CVar [[r.SkeletalMeshLODBias:0]]
[2020.01.31-20.14.38:934][  0]LogConfig: Setting CVar [[r.ViewDistanceScale:1.0]]
[2020.01.31-20.14.38:934][  0]LogConfig: Applying CVar settings from Section [AntiAliasingQuality@3] File [C:/Users/Recov/Desktop/3D game prototype/3D Games Prototyping/MyProject 4.24/Saved/Config/Windows/Scalability.ini]
[2020.01.31-20.14.38:934][  0]LogConfig: Setting CVar [[r.PostProcessAAQuality:4]]
[2020.01.31-20.14.38:934][  0]LogConfig: Applying CVar settings from Section [ShadowQuality@3] File [C:/Users/Recov/Desktop/3D game prototype/3D Games Prototyping/MyProject 4.24/Saved/Config/Windows/Scalability.ini]
[2020.01.31-20.14.38:935][  0]LogConfig: Setting CVar [[r.LightFunctionQuality:1]]
[2020.01.31-20.14.38:935][  0]LogConfig: Setting CVar [[r.ShadowQuality:5]]
[2020.01.31-20.14.38:935][  0]LogConfig: Setting CVar [[r.Shadow.CSM.MaxCascades:10]]
[2020.01.31-20.14.38:935][  0]LogConfig: Setting CVar [[r.Shadow.MaxResolution:2048]]
[2020.01.31-20.14.38:935][  0]LogConfig: Setting CVar [[r.Shadow.MaxCSMResolution:2048]]
[2020.01.31-20.14.38:935][  0]LogConfig: Setting CVar [[r.Shadow.RadiusThreshold:0.01]]
[2020.01.31-20.14.38:935][  0]LogConfig: Setting CVar [[r.Shadow.DistanceScale:1.0]]
[2020.01.31-20.14.38:935][  0]LogConfig: Setting CVar [[r.Shadow.CSM.TransitionScale:1.0]]
[2020.01.31-20.14.38:935][  0]LogConfig: Setting CVar [[r.Shadow.PreShadowResolutionFactor:1.0]]
[2020.01.31-20.14.38:935][  0]LogConfig: Setting CVar [[r.DistanceFieldShadowing:1]]
[2020.01.31-20.14.38:935][  0]LogConfig: Setting CVar [[r.DistanceFieldAO:1]]
[2020.01.31-20.14.38:935][  0]LogConfig: Setting CVar [[r.AOQuality:2]]
[2020.01.31-20.14.38:935][  0]LogConfig: Setting CVar [[r.VolumetricFog:1]]
[2020.01.31-20.14.38:935][  0]LogConfig: Setting CVar [[r.VolumetricFog.GridPixelSize:8]]
[2020.01.31-20.14.38:935][  0]LogConfig: Setting CVar [[r.VolumetricFog.GridSizeZ:128]]
[2020.01.31-20.14.38:935][  0]LogConfig: Setting CVar [[r.VolumetricFog.HistoryMissSupersampleCount:4]]
[2020.01.31-20.14.38:935][  0]LogConfig: Setting CVar [[r.LightMaxDrawDistanceScale:1]]
[2020.01.31-20.14.38:935][  0]LogConfig: Setting CVar [[r.CapsuleShadows:1]]
[2020.01.31-20.14.38:935][  0]LogConfig: Applying CVar settings from Section [PostProcessQuality@3] File [C:/Users/Recov/Desktop/3D game prototype/3D Games Prototyping/MyProject 4.24/Saved/Config/Windows/Scalability.ini]
[2020.01.31-20.14.38:935][  0]LogConfig: Setting CVar [[r.MotionBlurQuality:4]]
[2020.01.31-20.14.38:935][  0]LogConfig: Setting CVar [[r.AmbientOcclusionMipLevelFactor:0.4]]
[2020.01.31-20.14.38:935][  0]LogConfig: Setting CVar [[r.AmbientOcclusionMaxQuality:100]]
[2020.01.31-20.14.38:935][  0]LogConfig: Setting CVar [[r.AmbientOcclusionLevels:-1]]
[2020.01.31-20.14.38:935][  0]LogConfig: Setting CVar [[r.AmbientOcclusionRadiusScale:1.0]]
[2020.01.31-20.14.38:935][  0]LogConfig: Setting CVar [[r.DepthOfFieldQuality:2]]
[2020.01.31-20.14.38:935][  0]LogConfig: Setting CVar [[r.RenderTargetPoolMin:400]]
[2020.01.31-20.14.38:935][  0]LogConfig: Setting CVar [[r.LensFlareQuality:2]]
[2020.01.31-20.14.38:935][  0]LogConfig: Setting CVar [[r.SceneColorFringeQuality:1]]
[2020.01.31-20.14.38:935][  0]LogConfig: Setting CVar [[r.EyeAdaptationQuality:2]]
[2020.01.31-20.14.38:935][  0]LogConfig: Setting CVar [[r.BloomQuality:5]]
[2020.01.31-20.14.38:935][  0]LogConfig: Setting CVar [[r.FastBlurThreshold:100]]
[2020.01.31-20.14.38:935][  0]LogConfig: Setting CVar [[r.Upscale.Quality:3]]
[2020.01.31-20.14.38:935][  0]LogConfig: Setting CVar [[r.Tonemapper.GrainQuantization:1]]
[2020.01.31-20.14.38:935][  0]LogConfig: Setting CVar [[r.LightShaftQuality:1]]
[2020.01.31-20.14.38:935][  0]LogConfig: Setting CVar [[r.Filter.SizeScale:1]]
[2020.01.31-20.14.38:935][  0]LogConfig: Setting CVar [[r.Tonemapper.Quality:5]]
[2020.01.31-20.14.38:935][  0]LogConfig: Setting CVar [[r.DOF.Gather.AccumulatorQuality:1        ; higher gathering accumulator quality]]
[2020.01.31-20.14.38:935][  0]LogConfig: Setting CVar [[r.DOF.Gather.PostfilterMethod:1          ; Median3x3 postfilering method]]
[2020.01.31-20.14.38:935][  0]LogConfig: Setting CVar [[r.DOF.Gather.EnableBokehSettings:0       ; no bokeh simulation when gathering]]
[2020.01.31-20.14.38:935][  0]LogConfig: Setting CVar [[r.DOF.Gather.RingCount:4                 ; medium number of samples when gathering]]
[2020.01.31-20.14.38:935][  0]LogConfig: Setting CVar [[r.DOF.Scatter.ForegroundCompositing:1    ; additive foreground scattering]]
[2020.01.31-20.14.38:935][  0]LogConfig: Setting CVar [[r.DOF.Scatter.BackgroundCompositing:2    ; additive background scattering]]
[2020.01.31-20.14.38:935][  0]LogConfig: Setting CVar [[r.DOF.Scatter.EnableBokehSettings:1      ; bokeh simulation when scattering]]
[2020.01.31-20.14.38:935][  0]LogConfig: Setting CVar [[r.DOF.Scatter.MaxSpriteRatio:0.1         ; only a maximum of 10% of scattered bokeh]]
[2020.01.31-20.14.38:935][  0]LogConfig: Setting CVar [[r.DOF.Recombine.Quality:1                ; cheap slight out of focus]]
[2020.01.31-20.14.38:935][  0]LogConfig: Setting CVar [[r.DOF.Recombine.EnableBokehSettings:0    ; no bokeh simulation on slight out of focus]]
[2020.01.31-20.14.38:936][  0]LogConfig: Setting CVar [[r.DOF.TemporalAAQuality:1                ; more stable temporal accumulation]]
[2020.01.31-20.14.38:936][  0]LogConfig: Setting CVar [[r.DOF.Kernel.MaxForegroundRadius:0.025]]
[2020.01.31-20.14.38:936][  0]LogConfig: Setting CVar [[r.DOF.Kernel.MaxBackgroundRadius:0.025]]
[2020.01.31-20.14.38:936][  0]LogConfig: Applying CVar settings from Section [TextureQuality@3] File [C:/Users/Recov/Desktop/3D game prototype/3D Games Prototyping/MyProject 4.24/Saved/Config/Windows/Scalability.ini]
[2020.01.31-20.14.38:936][  0]LogConfig: Setting CVar [[r.Streaming.MipBias:0]]
[2020.01.31-20.14.38:936][  0]LogConfig: Setting CVar [[r.Streaming.AmortizeCPUToGPUCopy:0]]
[2020.01.31-20.14.38:936][  0]LogConfig: Setting CVar [[r.Streaming.MaxNumTexturesToStreamPerFrame:0]]
[2020.01.31-20.14.38:936][  0]LogConfig: Setting CVar [[r.Streaming.Boost:1]]
[2020.01.31-20.14.38:936][  0]LogConfig: Setting CVar [[r.MaxAnisotropy:8]]
[2020.01.31-20.14.38:936][  0]LogConfig: Setting CVar [[r.VT.MaxAnisotropy:8]]
[2020.01.31-20.14.38:936][  0]LogConfig: Setting CVar [[r.Streaming.LimitPoolSizeToVRAM:0]]
[2020.01.31-20.14.38:936][  0]LogConfig: Setting CVar [[r.Streaming.PoolSize:1000]]
[2020.01.31-20.14.38:936][  0]LogConfig: Setting CVar [[r.Streaming.MaxEffectiveScreenSize:0]]
[2020.01.31-20.14.38:936][  0]LogConfig: Applying CVar settings from Section [EffectsQuality@3] File [C:/Users/Recov/Desktop/3D game prototype/3D Games Prototyping/MyProject 4.24/Saved/Config/Windows/Scalability.ini]
[2020.01.31-20.14.38:936][  0]LogConfig: Setting CVar [[r.TranslucencyLightingVolumeDim:64]]
[2020.01.31-20.14.38:936][  0]LogConfig: Setting CVar [[r.RefractionQuality:2]]
[2020.01.31-20.14.38:936][  0]LogConfig: Setting CVar [[r.SSR.Quality:3]]
[2020.01.31-20.14.38:936][  0]LogConfig: Setting CVar [[r.SSR.HalfResSceneColor:0]]
[2020.01.31-20.14.38:936][  0]LogConfig: Setting CVar [[r.SceneColorFormat:4]]
[2020.01.31-20.14.38:936][  0]LogConfig: Setting CVar [[r.DetailMode:2]]
[2020.01.31-20.14.38:936][  0]LogConfig: Setting CVar [[r.TranslucencyVolumeBlur:1]]
[2020.01.31-20.14.38:936][  0]LogConfig: Setting CVar [[r.MaterialQualityLevel:1 ; High quality]]
[2020.01.31-20.14.38:936][  0]LogConfig: Setting CVar [[r.SSS.Scale:1]]
[2020.01.31-20.14.38:936][  0]LogConfig: Setting CVar [[r.SSS.SampleSet:2]]
[2020.01.31-20.14.38:936][  0]LogConfig: Setting CVar [[r.SSS.Quality:1]]
[2020.01.31-20.14.38:936][  0]LogConfig: Setting CVar [[r.SSS.HalfRes:1]]
[2020.01.31-20.14.38:936][  0]LogConfig: Setting CVar [[r.SSGI.Quality:3]]
[2020.01.31-20.14.38:936][  0]LogConfig: Setting CVar [[r.EmitterSpawnRateScale:1.0]]
[2020.01.31-20.14.38:936][  0]LogConfig: Setting CVar [[r.ParticleLightQuality:2]]
[2020.01.31-20.14.38:936][  0]LogConfig: Setting CVar [[r.SkyAtmosphere.AerialPerspectiveLUT.FastApplyOnOpaque:1 ; Always have FastSkyLUT 1 in this case to avoid wrong sky]]
[2020.01.31-20.14.38:936][  0]LogConfig: Setting CVar [[r.SkyAtmosphere.AerialPerspectiveLUT.SampleCountPerSlice:1]]
[2020.01.31-20.14.38:936][  0]LogConfig: Setting CVar [[r.SkyAtmosphere.AerialPerspectiveLUT.DepthResolution:16.0]]
[2020.01.31-20.14.38:936][  0]LogConfig: Setting CVar [[r.SkyAtmosphere.FastSkyLUT:1]]
[2020.01.31-20.14.38:936][  0]LogConfig: Setting CVar [[r.SkyAtmosphere.FastSkyLUT.SampleCountMin:4.0]]
[2020.01.31-20.14.38:936][  0]LogConfig: Setting CVar [[r.SkyAtmosphere.FastSkyLUT.SampleCountMax:32.0]]
[2020.01.31-20.14.38:936][  0]LogConfig: Setting CVar [[r.SkyAtmosphere.SampleCountMin:4.0]]
[2020.01.31-20.14.38:936][  0]LogConfig: Setting CVar [[r.SkyAtmosphere.SampleCountMax:32.0]]
[2020.01.31-20.14.38:936][  0]LogConfig: Setting CVar [[r.SkyAtmosphere.TransmittanceLUT.UseSmallFormat:0]]
[2020.01.31-20.14.38:936][  0]LogConfig: Setting CVar [[r.SkyAtmosphere.TransmittanceLUT.SampleCount:10.0]]
[2020.01.31-20.14.38:936][  0]LogConfig: Setting CVar [[r.SkyAtmosphere.MultiScatteringLUT.SampleCount:15.0]]
[2020.01.31-20.14.38:936][  0]LogConfig: Applying CVar settings from Section [FoliageQuality@3] File [C:/Users/Recov/Desktop/3D game prototype/3D Games Prototyping/MyProject 4.24/Saved/Config/Windows/Scalability.ini]
[2020.01.31-20.14.38:936][  0]LogConfig: Setting CVar [[foliage.DensityScale:1.0]]
[2020.01.31-20.14.38:936][  0]LogConfig: Setting CVar [[grass.DensityScale:1.0]]
[2020.01.31-20.14.38:936][  0]LogConfig: Applying CVar settings from Section [ShadingQuality@3] File [C:/Users/Recov/Desktop/3D game prototype/3D Games Prototyping/MyProject 4.24/Saved/Config/Windows/Scalability.ini]
[2020.01.31-20.14.38:936][  0]LogConfig: Setting CVar [[r.HairStrands.SkyLighting.SampleCount:16]]
[2020.01.31-20.14.38:936][  0]LogConfig: Setting CVar [[r.HairStrands.SkyLighting.JitterIntegration:0]]
[2020.01.31-20.14.38:937][  0]LogConfig: Setting CVar [[r.HairStrands.SkyAO.SampleCount:16]]
[2020.01.31-20.14.38:937][  0]LogInit: Selected Device Profile: [Windows]
[2020.01.31-20.14.38:937][  0]LogInit: Applying CVar settings loaded from the selected device profile: [Windows]
[2020.01.31-20.14.38:952][  0]LogHAL: Display: Platform has ~ 7 GB [7462916096 / 8589934592 / 7], which maps to Smaller [LargestMinGB=32, LargerMinGB=12, DefaultMinGB=8, SmallerMinGB=6, SmallestMinGB=0)
[2020.01.31-20.14.38:952][  0]LogInit: Going up to parent DeviceProfile []
[2020.01.31-20.14.38:952][  0]LogConfig: Applying CVar settings from Section [ViewDistanceQuality@3] File [C:/Users/Recov/Desktop/3D game prototype/3D Games Prototyping/MyProject 4.24/Saved/Config/Windows/Scalability.ini]
[2020.01.31-20.14.38:952][  0]LogConfig: Setting CVar [[r.SkeletalMeshLODBias:0]]
[2020.01.31-20.14.38:952][  0]LogConfig: Setting CVar [[r.ViewDistanceScale:1.0]]
[2020.01.31-20.14.38:952][  0]LogConfig: Applying CVar settings from Section [AntiAliasingQuality@3] File [C:/Users/Recov/Desktop/3D game prototype/3D Games Prototyping/MyProject 4.24/Saved/Config/Windows/Scalability.ini]
[2020.01.31-20.14.38:952][  0]LogConfig: Setting CVar [[r.PostProcessAAQuality:4]]
[2020.01.31-20.14.38:952][  0]LogConfig: Applying CVar settings from Section [ShadowQuality@3] File [C:/Users/Recov/Desktop/3D game prototype/3D Games Prototyping/MyProject 4.24/Saved/Config/Windows/Scalability.ini]
[2020.01.31-20.14.38:952][  0]LogConfig: Setting CVar [[r.LightFunctionQuality:1]]
[2020.01.31-20.14.38:952][  0]LogConfig: Setting CVar [[r.ShadowQuality:5]]
[2020.01.31-20.14.38:952][  0]LogConfig: Setting CVar [[r.Shadow.CSM.MaxCascades:10]]
[2020.01.31-20.14.38:952][  0]LogConfig: Setting CVar [[r.Shadow.MaxResolution:2048]]
[2020.01.31-20.14.38:952][  0]LogConfig: Setting CVar [[r.Shadow.MaxCSMResolution:2048]]
[2020.01.31-20.14.38:952][  0]LogConfig: Setting CVar [[r.Shadow.RadiusThreshold:0.01]]
[2020.01.31-20.14.38:952][  0]LogConfig: Setting CVar [[r.Shadow.DistanceScale:1.0]]
[2020.01.31-20.14.38:952][  0]LogConfig: Setting CVar [[r.Shadow.CSM.TransitionScale:1.0]]
[2020.01.31-20.14.38:952][  0]LogConfig: Setting CVar [[r.Shadow.PreShadowResolutionFactor:1.0]]
[2020.01.31-20.14.38:952][  0]LogConfig: Setting CVar [[r.DistanceFieldShadowing:1]]
[2020.01.31-20.14.38:952][  0]LogConfig: Setting CVar [[r.DistanceFieldAO:1]]
[2020.01.31-20.14.38:952][  0]LogConfig: Setting CVar [[r.AOQuality:2]]
[2020.01.31-20.14.38:952][  0]LogConfig: Setting CVar [[r.VolumetricFog:1]]
[2020.01.31-20.14.38:952][  0]LogConfig: Setting CVar [[r.VolumetricFog.GridPixelSize:8]]
[2020.01.31-20.14.38:952][  0]LogConfig: Setting CVar [[r.VolumetricFog.GridSizeZ:128]]
[2020.01.31-20.14.38:952][  0]LogConfig: Setting CVar [[r.VolumetricFog.HistoryMissSupersampleCount:4]]
[2020.01.31-20.14.38:952][  0]LogConfig: Setting CVar [[r.LightMaxDrawDistanceScale:1]]
[2020.01.31-20.14.38:952][  0]LogConfig: Setting CVar [[r.CapsuleShadows:1]]
[2020.01.31-20.14.38:952][  0]LogConfig: Applying CVar settings from Section [PostProcessQuality@3] File [C:/Users/Recov/Desktop/3D game prototype/3D Games Prototyping/MyProject 4.24/Saved/Config/Windows/Scalability.ini]
[2020.01.31-20.14.38:952][  0]LogConfig: Setting CVar [[r.MotionBlurQuality:4]]
[2020.01.31-20.14.38:952][  0]LogConfig: Setting CVar [[r.AmbientOcclusionMipLevelFactor:0.4]]
[2020.01.31-20.14.38:952][  0]LogConfig: Setting CVar [[r.AmbientOcclusionMaxQuality:100]]
[2020.01.31-20.14.38:952][  0]LogConfig: Setting CVar [[r.AmbientOcclusionLevels:-1]]
[2020.01.31-20.14.38:952][  0]LogConfig: Setting CVar [[r.AmbientOcclusionRadiusScale:1.0]]
[2020.01.31-20.14.38:952][  0]LogConfig: Setting CVar [[r.DepthOfFieldQuality:2]]
[2020.01.31-20.14.38:952][  0]LogConfig: Setting CVar [[r.RenderTargetPoolMin:400]]
[2020.01.31-20.14.38:952][  0]LogConfig: Setting CVar [[r.LensFlareQuality:2]]
[2020.01.31-20.14.38:952][  0]LogConfig: Setting CVar [[r.SceneColorFringeQuality:1]]
[2020.01.31-20.14.38:952][  0]LogConfig: Setting CVar [[r.EyeAdaptationQuality:2]]
[2020.01.31-20.14.38:953][  0]LogConfig: Setting CVar [[r.BloomQuality:5]]
[2020.01.31-20.14.38:953][  0]LogConfig: Setting CVar [[r.FastBlurThreshold:100]]
[2020.01.31-20.14.38:953][  0]LogConfig: Setting CVar [[r.Upscale.Quality:3]]
[2020.01.31-20.14.38:953][  0]LogConfig: Setting CVar [[r.Tonemapper.GrainQuantization:1]]
[2020.01.31-20.14.38:953][  0]LogConfig: Setting CVar [[r.LightShaftQuality:1]]
[2020.01.31-20.14.38:953][  0]LogConfig: Setting CVar [[r.Filter.SizeScale:1]]
[2020.01.31-20.14.38:953][  0]LogConfig: Setting CVar [[r.Tonemapper.Quality:5]]
[2020.01.31-20.14.38:953][  0]LogConfig: Setting CVar [[r.DOF.Gather.AccumulatorQuality:1        ; higher gathering accumulator quality]]
[2020.01.31-20.14.38:953][  0]LogConfig: Setting CVar [[r.DOF.Gather.PostfilterMethod:1          ; Median3x3 postfilering method]]
[2020.01.31-20.14.38:953][  0]LogConfig: Setting CVar [[r.DOF.Gather.EnableBokehSettings:0       ; no bokeh simulation when gathering]]
[2020.01.31-20.14.38:953][  0]LogConfig: Setting CVar [[r.DOF.Gather.RingCount:4                 ; medium number of samples when gathering]]
[2020.01.31-20.14.38:953][  0]LogConfig: Setting CVar [[r.DOF.Scatter.ForegroundCompositing:1    ; additive foreground scattering]]
[2020.01.31-20.14.38:953][  0]LogConfig: Setting CVar [[r.DOF.Scatter.BackgroundCompositing:2    ; additive background scattering]]
[2020.01.31-20.14.38:953][  0]LogConfig: Setting CVar [[r.DOF.Scatter.EnableBokehSettings:1      ; bokeh simulation when scattering]]
[2020.01.31-20.14.38:953][  0]LogConfig: Setting CVar [[r.DOF.Scatter.MaxSpriteRatio:0.1         ; only a maximum of 10% of scattered bokeh]]
[2020.01.31-20.14.38:953][  0]LogConfig: Setting CVar [[r.DOF.Recombine.Quality:1                ; cheap slight out of focus]]
[2020.01.31-20.14.38:953][  0]LogConfig: Setting CVar [[r.DOF.Recombine.EnableBokehSettings:0    ; no bokeh simulation on slight out of focus]]
[2020.01.31-20.14.38:953][  0]LogConfig: Setting CVar [[r.DOF.TemporalAAQuality:1                ; more stable temporal accumulation]]
[2020.01.31-20.14.38:953][  0]LogConfig: Setting CVar [[r.DOF.Kernel.MaxForegroundRadius:0.025]]
[2020.01.31-20.14.38:953][  0]LogConfig: Setting CVar [[r.DOF.Kernel.MaxBackgroundRadius:0.025]]
[2020.01.31-20.14.38:953][  0]LogConfig: Applying CVar settings from Section [TextureQuality@3] File [C:/Users/Recov/Desktop/3D game prototype/3D Games Prototyping/MyProject 4.24/Saved/Config/Windows/Scalability.ini]
[2020.01.31-20.14.38:953][  0]LogConfig: Setting CVar [[r.Streaming.MipBias:0]]
[2020.01.31-20.14.38:953][  0]LogConfig: Setting CVar [[r.Streaming.AmortizeCPUToGPUCopy:0]]
[2020.01.31-20.14.38:953][  0]LogConfig: Setting CVar [[r.Streaming.MaxNumTexturesToStreamPerFrame:0]]
[2020.01.31-20.14.38:953][  0]LogConfig: Setting CVar [[r.Streaming.Boost:1]]
[2020.01.31-20.14.38:953][  0]LogConfig: Setting CVar [[r.MaxAnisotropy:8]]
[2020.01.31-20.14.38:953][  0]LogConfig: Setting CVar [[r.VT.MaxAnisotropy:8]]
[2020.01.31-20.14.38:953][  0]LogConfig: Setting CVar [[r.Streaming.LimitPoolSizeToVRAM:0]]
[2020.01.31-20.14.38:953][  0]LogConfig: Setting CVar [[r.Streaming.PoolSize:1000]]
[2020.01.31-20.14.38:953][  0]LogConfig: Setting CVar [[r.Streaming.MaxEffectiveScreenSize:0]]
[2020.01.31-20.14.38:953][  0]LogConfig: Applying CVar settings from Section [EffectsQuality@3] File [C:/Users/Recov/Desktop/3D game prototype/3D Games Prototyping/MyProject 4.24/Saved/Config/Windows/Scalability.ini]
[2020.01.31-20.14.38:953][  0]LogConfig: Setting CVar [[r.TranslucencyLightingVolumeDim:64]]
[2020.01.31-20.14.38:953][  0]LogConfig: Setting CVar [[r.RefractionQuality:2]]
[2020.01.31-20.14.38:953][  0]LogConfig: Setting CVar [[r.SSR.Quality:3]]
[2020.01.31-20.14.38:953][  0]LogConfig: Setting CVar [[r.SSR.HalfResSceneColor:0]]
[2020.01.31-20.14.38:953][  0]LogConfig: Setting CVar [[r.SceneColorFormat:4]]
[2020.01.31-20.14.38:953][  0]LogConfig: Setting CVar [[r.DetailMode:2]]
[2020.01.31-20.14.38:953][  0]LogConfig: Setting CVar [[r.TranslucencyVolumeBlur:1]]
[2020.01.31-20.14.38:953][  0]LogConfig: Setting CVar [[r.MaterialQualityLevel:1 ; High quality]]
[2020.01.31-20.14.38:953][  0]LogConfig: Setting CVar [[r.SSS.Scale:1]]
[2020.01.31-20.14.38:953][  0]LogConfig: Setting CVar [[r.SSS.SampleSet:2]]
[2020.01.31-20.14.38:953][  0]LogConfig: Setting CVar [[r.SSS.Quality:1]]
[2020.01.31-20.14.38:953][  0]LogConfig: Setting CVar [[r.SSS.HalfRes:1]]
[2020.01.31-20.14.38:953][  0]LogConfig: Setting CVar [[r.SSGI.Quality:3]]
[2020.01.31-20.14.38:953][  0]LogConfig: Setting CVar [[r.EmitterSpawnRateScale:1.0]]
[2020.01.31-20.14.38:953][  0]LogConfig: Setting CVar [[r.ParticleLightQuality:2]]
[2020.01.31-20.14.38:953][  0]LogConfig: Setting CVar [[r.SkyAtmosphere.AerialPerspectiveLUT.FastApplyOnOpaque:1 ; Always have FastSkyLUT 1 in this case to avoid wrong sky]]
[2020.01.31-20.14.38:953][  0]LogConfig: Setting CVar [[r.SkyAtmosphere.AerialPerspectiveLUT.SampleCountPerSlice:1]]
[2020.01.31-20.14.38:954][  0]LogConfig: Setting CVar [[r.SkyAtmosphere.AerialPerspectiveLUT.DepthResolution:16.0]]
[2020.01.31-20.14.38:954][  0]LogConfig: Setting CVar [[r.SkyAtmosphere.FastSkyLUT:1]]
[2020.01.31-20.14.38:954][  0]LogConfig: Setting CVar [[r.SkyAtmosphere.FastSkyLUT.SampleCountMin:4.0]]
[2020.01.31-20.14.38:954][  0]LogConfig: Setting CVar [[r.SkyAtmosphere.FastSkyLUT.SampleCountMax:32.0]]
[2020.01.31-20.14.38:954][  0]LogConfig: Setting CVar [[r.SkyAtmosphere.SampleCountMin:4.0]]
[2020.01.31-20.14.38:954][  0]LogConfig: Setting CVar [[r.SkyAtmosphere.SampleCountMax:32.0]]
[2020.01.31-20.14.38:954][  0]LogConfig: Setting CVar [[r.SkyAtmosphere.TransmittanceLUT.UseSmallFormat:0]]
[2020.01.31-20.14.38:954][  0]LogConfig: Setting CVar [[r.SkyAtmosphere.TransmittanceLUT.SampleCount:10.0]]
[2020.01.31-20.14.38:954][  0]LogConfig: Setting CVar [[r.SkyAtmosphere.MultiScatteringLUT.SampleCount:15.0]]
[2020.01.31-20.14.38:954][  0]LogConfig: Applying CVar settings from Section [FoliageQuality@3] File [C:/Users/Recov/Desktop/3D game prototype/3D Games Prototyping/MyProject 4.24/Saved/Config/Windows/Scalability.ini]
[2020.01.31-20.14.38:954][  0]LogConfig: Setting CVar [[foliage.DensityScale:1.0]]
[2020.01.31-20.14.38:954][  0]LogConfig: Setting CVar [[grass.DensityScale:1.0]]
[2020.01.31-20.14.38:954][  0]LogConfig: Applying CVar settings from Section [ShadingQuality@3] File [C:/Users/Recov/Desktop/3D game prototype/3D Games Prototyping/MyProject 4.24/Saved/Config/Windows/Scalability.ini]
[2020.01.31-20.14.38:954][  0]LogConfig: Setting CVar [[r.HairStrands.SkyLighting.SampleCount:16]]
[2020.01.31-20.14.38:954][  0]LogConfig: Setting CVar [[r.HairStrands.SkyLighting.JitterIntegration:0]]
[2020.01.31-20.14.38:954][  0]LogConfig: Setting CVar [[r.HairStrands.SkyAO.SampleCount:16]]
[2020.01.31-20.14.38:954][  0]LogConfig: Applying CVar settings from Section [Startup] File [../../../Engine/Config/ConsoleVariables.ini]
[2020.01.31-20.14.38:956][  0]LogConfig: Setting CVar [[net.UseAdaptiveNetUpdateFrequency:0]]
[2020.01.31-20.14.38:956][  0]LogConfig: Setting CVar [[p.chaos.AllowCreatePhysxBodies:1]]
[2020.01.31-20.14.38:956][  0]LogConfig: Applying CVar settings from Section [ConsoleVariables] File [C:/Users/Recov/Desktop/3D game prototype/3D Games Prototyping/MyProject 4.24/Saved/Config/Windows/Engine.ini]
[2020.01.31-20.14.38:956][  0]LogInit: Computer: LAPTOP-5SU6BEGF
[2020.01.31-20.14.38:956][  0]LogInit: User: Recov
[2020.01.31-20.14.38:956][  0]LogInit: CPU Page size=4096, Cores=4
[2020.01.31-20.14.38:956][  0]LogInit: High frequency timer resolution =10.000000 MHz
[2020.01.31-20.14.38:956][  0]LogMemory: Memory total: Physical=7.0GB (7GB approx)
[2020.01.31-20.14.38:956][  0]LogMemory: Platform Memory Stats for Windows
[2020.01.31-20.14.38:956][  0]LogMemory: Process Physical Memory: 108.00 MB used, 108.01 MB peak
[2020.01.31-20.14.38:956][  0]LogMemory: Process Virtual Memory: 100.71 MB used, 100.71 MB peak
[2020.01.31-20.14.38:956][  0]LogMemory: Physical Memory: 5730.96 MB used,  1386.23 MB free, 7117.19 MB total
[2020.01.31-20.14.38:956][  0]LogMemory: Virtual Memory: 5138.05 MB used,  134212592.00 MB free, 134217728.00 MB total
[2020.01.31-20.14.38:963][  0]LogWindows: WindowsPlatformFeatures enabled
[2020.01.31-20.14.39:048][  0]LogInit: Using OS detected language (en-GB).
[2020.01.31-20.14.39:048][  0]LogInit: Using OS detected locale (en-GB).
[2020.01.31-20.14.39:052][  0]LogTextLocalizationManager: No specific localization for 'en-GB' exists, so the 'en' localization will be used.
[2020.01.31-20.14.39:768][  0]LogInit: Setting process to per monitor DPI aware
[2020.01.31-20.14.39:952][  0]LogSlate: New Slate User Created.  User Index 0, Is Virtual User: 0
[2020.01.31-20.14.39:952][  0]LogSlate: Slate User Registered.  User Index 0, Is Virtual User: 0
[2020.01.31-20.14.45:428][  0]LogHMD: Failed to initialize OpenVR with code 110
[2020.01.31-20.14.45:428][  0]LogD3D11RHI: D3D11 min allowed feature level: 11_0
[2020.01.31-20.14.45:428][  0]LogD3D11RHI: D3D11 max allowed feature level: 11_0
[2020.01.31-20.14.45:428][  0]LogD3D11RHI: D3D11 adapters:
[2020.01.31-20.14.45:518][  0]LogD3D11RHI:    0. 'AMD Radeon(TM) Vega 8 Mobile Graphics' (Feature Level 11_0)
[2020.01.31-20.14.45:518][  0]LogD3D11RHI:       1009/0/3558 MB DedicatedVideo/DedicatedSystem/SharedSystem, Outputs:1, VendorId:0x1002
[2020.01.31-20.14.45:532][  0]LogD3D11RHI:    1. 'Microsoft Basic Render Driver' (Feature Level 11_0)
[2020.01.31-20.14.45:532][  0]LogD3D11RHI:       0/0/3558 MB DedicatedVideo/DedicatedSystem/SharedSystem, Outputs:0, VendorId:0x1414
[2020.01.31-20.14.45:532][  0]LogD3D11RHI: Chosen D3D11 Adapter: 0
[2020.01.31-20.14.45:559][  0]LogD3D11RHI: Creating new Direct3DDevice
[2020.01.31-20.14.45:559][  0]LogD3D11RHI:     GPU DeviceId: 0x15dd (for the marketing name, search the web for "GPU Device Id")
[2020.01.31-20.14.45:560][  0]LogWindows: EnumDisplayDevices:
[2020.01.31-20.14.45:561][  0]LogWindows:    0. 'AMD Radeon(TM) Vega 8 Mobile Graphics' (P:1 D:1)
[2020.01.31-20.14.45:562][  0]LogWindows:    1. 'AMD Radeon(TM) Vega 8 Mobile Graphics' (P:0 D:0)
[2020.01.31-20.14.45:562][  0]LogWindows: DebugString: FoundDriverCount:2 
[2020.01.31-20.14.45:562][  0]LogD3D11RHI:     Adapter Name: AMD Radeon(TM) Vega 8 Mobile Graphics
[2020.01.31-20.14.45:563][  0]LogD3D11RHI:   Driver Version: Crimson NDA (internal:24.20.12002.3001, unified:24.20.12002.3001)
[2020.01.31-20.14.45:563][  0]LogD3D11RHI:      Driver Date: 12-26-2018
[2020.01.31-20.14.45:563][  0]LogRHI: Texture pool is 706 MB (70% of 1009 MB)
[2020.01.31-20.14.45:656][  0]LogD3D11RHI: RHI does not have support for 64 bit atomics
[2020.01.31-20.14.45:656][  0]LogD3D11RHI: Async texture creation enabled
[2020.01.31-20.14.45:676][  0]LogD3D11RHI: GPU Timing Frequency: 25.000000 (Debug: 2 1)
[2020.01.31-20.14.46:312][  0]LogTargetPlatformManager: Display: Loaded TargetPlatform 'AllDesktop'
[2020.01.31-20.14.46:390][  0]LogTargetPlatformManager: Display: Loaded TargetPlatform 'Android'
[2020.01.31-20.14.46:390][  0]LogTargetPlatformManager: Display: Loaded TargetPlatform 'Android_ASTC'
[2020.01.31-20.14.46:390][  0]LogTargetPlatformManager: Display: Loaded TargetPlatform 'Android_ATC'
[2020.01.31-20.14.46:390][  0]LogTargetPlatformManager: Display: Loaded TargetPlatform 'Android_DXT'
[2020.01.31-20.14.46:390][  0]LogTargetPlatformManager: Display: Loaded TargetPlatform 'Android_ETC1'
[2020.01.31-20.14.46:390][  0]LogTargetPlatformManager: Display: Loaded TargetPlatform 'Android_ETC1a'
[2020.01.31-20.14.46:390][  0]LogTargetPlatformManager: Display: Loaded TargetPlatform 'Android_ETC2'
[2020.01.31-20.14.46:390][  0]LogTargetPlatformManager: Display: Loaded TargetPlatform 'Android_PVRTC'
[2020.01.31-20.14.46:390][  0]LogTargetPlatformManager: Display: Loaded TargetPlatform 'AndroidClient'
[2020.01.31-20.14.46:391][  0]LogTargetPlatformManager: Display: Loaded TargetPlatform 'Android_ASTCClient'
[2020.01.31-20.14.46:391][  0]LogTargetPlatformManager: Display: Loaded TargetPlatform 'Android_ATCClient'
[2020.01.31-20.14.46:391][  0]LogTargetPlatformManager: Display: Loaded TargetPlatform 'Android_DXTClient'
[2020.01.31-20.14.46:391][  0]LogTargetPlatformManager: Display: Loaded TargetPlatform 'Android_ETC1Client'
[2020.01.31-20.14.46:391][  0]LogTargetPlatformManager: Display: Loaded TargetPlatform 'Android_ETC1aClient'
[2020.01.31-20.14.46:391][  0]LogTargetPlatformManager: Display: Loaded TargetPlatform 'Android_ETC2Client'
[2020.01.31-20.14.46:391][  0]LogTargetPlatformManager: Display: Loaded TargetPlatform 'Android_PVRTCClient'
[2020.01.31-20.14.46:391][  0]LogTargetPlatformManager: Display: Loaded TargetPlatform 'Android_Multi'
[2020.01.31-20.14.46:391][  0]LogTargetPlatformManager: Display: Loaded TargetPlatform 'Android_MultiClient'
[2020.01.31-20.14.46:448][  0]LogTargetPlatformManager: Display: Loaded TargetPlatform 'IOSClient'
[2020.01.31-20.14.46:448][  0]LogTargetPlatformManager: Display: Loaded TargetPlatform 'IOS'
[2020.01.31-20.14.46:464][  0]LogTargetPlatformManager: Display: Loaded TargetPlatform 'LinuxNoEditor'
[2020.01.31-20.14.46:479][  0]LogTargetPlatformManager: Display: Loaded TargetPlatform 'LinuxClient'
[2020.01.31-20.14.46:493][  0]LogTargetPlatformManager: Display: Loaded TargetPlatform 'LinuxServer'
[2020.01.31-20.14.46:518][  0]LogTargetPlatformManager: Display: Loaded TargetPlatform 'LinuxAArch64NoEditor'
[2020.01.31-20.14.46:535][  0]LogTargetPlatformManager: Display: Loaded TargetPlatform 'LinuxAArch64Client'
[2020.01.31-20.14.46:550][  0]LogTargetPlatformManager: Display: Loaded TargetPlatform 'LinuxAArch64Server'
[2020.01.31-20.14.46:610][  0]LogTargetPlatformManager: Display: Loaded TargetPlatform 'Lumin'
[2020.01.31-20.14.46:610][  0]LogTargetPlatformManager: Display: Loaded TargetPlatform 'LuminClient'
[2020.01.31-20.14.46:641][  0]LogTargetPlatformManager: Display: Loaded TargetPlatform 'TVOSClient'
[2020.01.31-20.14.46:641][  0]LogTargetPlatformManager: Display: Loaded TargetPlatform 'TVOS'
[2020.01.31-20.14.46:655][  0]LogTargetPlatformManager: Display: Loaded TargetPlatform 'WindowsNoEditor'
[2020.01.31-20.14.46:671][  0]LogTargetPlatformManager: Display: Loaded TargetPlatform 'Windows'
[2020.01.31-20.14.46:685][  0]LogTargetPlatformManager: Display: Loaded TargetPlatform 'WindowsClient'
[2020.01.31-20.14.46:701][  0]LogTargetPlatformManager: Display: Loaded TargetPlatform 'WindowsServer'
[2020.01.31-20.14.46:701][  0]LogTargetPlatformManager: Display: Building Assets For Windows
[2020.01.31-20.14.46:716][  0]LogAudioDebug: Display: Lib vorbis DLL was dynamically loaded.
[2020.01.31-20.14.46:816][  0]LogShaderCompilers: Guid format shader working directory is -45 characters bigger than the processId version (../../../../../../Users/Recov/Desktop/3D game prototype/3D Games Prototyping/MyProject 4.24/Intermediate/Shaders/WorkingDirectory/4300/).
[2020.01.31-20.14.46:816][  0]LogShaderCompilers: Cleaned the shader compiler working directory 'C:/Users/Recov/AppData/Local/Temp/UnrealShaderWorkingDir/0D0AD6344E5F320BDC8885BEAD6E7946/'.
[2020.01.31-20.14.46:819][  0]LogXGEController: Cannot use XGE Controller as Incredibuild is not installed on this machine.
[2020.01.31-20.14.46:819][  0]LogShaderCompilers: Cannot use XGE Shader Compiler as Incredibuild is not installed on this machine.
[2020.01.31-20.14.46:820][  0]LogShaderCompilers: Display: Using Local Shader Compiler.
[2020.01.31-20.14.52:548][  0]LogDerivedDataCache: Display: Max Cache Size: 512 MB
[2020.01.31-20.14.52:892][  0]LogDerivedDataCache: Loaded boot cache 0.34s 79MB C:/Users/Recov/AppData/Local/UnrealEngine/4.24/DerivedDataCache/Boot.ddc.
[2020.01.31-20.14.52:892][  0]LogDerivedDataCache: Display: Loaded Boot cache: C:/Users/Recov/AppData/Local/UnrealEngine/4.24/DerivedDataCache/Boot.ddc
[2020.01.31-20.14.52:892][  0]LogDerivedDataCache: FDerivedDataBackendGraph:  Pak pak cache file ../../../../../../Users/Recov/Desktop/3D game prototype/3D Games Prototyping/MyProject 4.24/DerivedDataCache/DDC.ddp not found, will not use a pak cache.
[2020.01.31-20.14.52:892][  0]LogDerivedDataCache: Unable to find inner node Pak for hierarchical cache Hierarchy.
[2020.01.31-20.14.52:893][  0]LogDerivedDataCache: FDerivedDataBackendGraph:  CompressedPak pak cache file ../../../../../../Users/Recov/Desktop/3D game prototype/3D Games Prototyping/MyProject 4.24/DerivedDataCache/Compressed.ddp not found, will not use a pak cache.
[2020.01.31-20.14.52:893][  0]LogDerivedDataCache: Unable to find inner node CompressedPak for hierarchical cache Hierarchy.
[2020.01.31-20.14.52:918][  0]LogDerivedDataCache: Display: Pak cache opened for reading ../../../Engine/DerivedDataCache/Compressed.ddp.
[2020.01.31-20.14.52:919][  0]LogDerivedDataCache: FDerivedDataBackendGraph:  EnterprisePak pak cache file ../../../Enterprise/DerivedDataCache/Compressed.ddp not found, will not use a pak cache.
[2020.01.31-20.14.52:919][  0]LogDerivedDataCache: Unable to find inner node EnterprisePak for hierarchical cache Hierarchy.
[2020.01.31-20.14.52:922][  0]LogDerivedDataCache: Using Local data cache path C:/Users/Recov/AppData/Local/UnrealEngine/Common/DerivedDataCache: Writable
[2020.01.31-20.14.52:922][  0]LogDerivedDataCache: Shared data cache path not found in *engine.ini, will not use an Shared cache.
[2020.01.31-20.14.52:922][  0]LogDerivedDataCache: Unable to find inner node Shared for hierarchical cache Hierarchy.
[2020.01.31-20.14.52:982][  0]LogMaterial: Verifying Global Shaders for PCD3D_SM5
[2020.01.31-20.14.52:989][  0]LogSlate: Using FreeType 2.10.0
[2020.01.31-20.14.53:018][  0]LogSlate: SlateFontServices - WITH_FREETYPE: 1, WITH_HARFBUZZ: 1
[2020.01.31-20.14.53:665][  0]LogAssetRegistry: FAssetRegistry took 0.0052 seconds to start up
[2020.01.31-20.14.54:369][  0]LogInit: Selected Device Profile: [Windows]
[2020.01.31-20.14.54:682][  0]LogMeshReduction: Using QuadricMeshReduction for automatic static mesh reduction
[2020.01.31-20.14.54:682][  0]LogMeshReduction: Using SimplygonMeshReduction for automatic skeletal mesh reduction
[2020.01.31-20.14.54:682][  0]LogMeshReduction: Using ProxyLODMeshReduction for automatic mesh merging
[2020.01.31-20.14.54:682][  0]LogMeshReduction: No distributed automatic mesh merging module available
[2020.01.31-20.14.54:683][  0]LogMeshMerging: No distributed automatic mesh merging module available
[2020.01.31-20.14.54:713][  0]LogNetVersion: MyProject 1.0.0, NetCL: 10570792, EngineNetVer: 13, GameNetVer: 0 (Checksum: 2318771507)
[2020.01.31-20.15.02:076][  0]LogPackageLocalizationCache: Processed 10 localized package path(s) for 1 prioritized culture(s) in 0.100128 seconds
[2020.01.31-20.15.02:088][  0]LogUObjectArray: 46750 objects as part of root set at end of initial load.
[2020.01.31-20.15.02:089][  0]LogUObjectAllocator: 8137160 out of 0 bytes used by permanent object pool.
[2020.01.31-20.15.02:089][  0]LogUObjectArray: CloseDisregardForGC: 0/0 objects in disregard for GC pool
[2020.01.31-20.15.03:348][  0]LogTcpMessaging: Initializing TcpMessaging bridge
[2020.01.31-20.15.03:460][  0]LogUdpMessaging: Initializing bridge on interface 0.0.0.0:0 to multicast group 230.0.0.1:6666.
[2020.01.31-20.15.03:712][  0]SourceControl: Source control is disabled
[2020.01.31-20.15.03:712][  0]SourceControl: Source control is disabled
[2020.01.31-20.15.03:720][  0]SourceControl: Source control is disabled
[2020.01.31-20.15.03:725][  0]SourceControl: Source control is disabled
[2020.01.31-20.15.03:730][  0]SourceControl: Source control is disabled
[2020.01.31-20.15.04:154][  0]LogAndroidPermission: UAndroidPermissionCallbackProxy::GetInstance
[2020.01.31-20.15.04:202][  0]LogAudioCaptureCore: Display: No Audio Capture implementations found. Audio input will be silent.
[2020.01.31-20.15.04:202][  0]LogAudioCaptureCore: Display: No Audio Capture implementations found. Audio input will be silent.
[2020.01.31-20.15.04:501][  0]LogOcInput: OculusInput pre-init called
[2020.01.31-20.15.04:529][  0]LogWindows: Failed to load 'OVRPlugin.dll' (GetLastError=126)
[2020.01.31-20.15.04:529][  0]LogWindows: File 'OVRPlugin.dll' does not exist
[2020.01.31-20.15.04:797][  0]LogEngine: Initializing Engine...
[2020.01.31-20.15.04:803][  0]LogHMD: Failed to initialize OpenVR with code 110
[2020.01.31-20.15.04:808][  0]LogStats: UGameplayTagsManager::InitializeManager -  0.001 s
[2020.01.31-20.15.05:846][  0]LogInit: Initializing FReadOnlyCVARCache
[2020.01.31-20.15.05:885][  0]LogAIModule: Creating AISystem for world Untitled
[2020.01.31-20.15.05:897][  0]LogAudioMixer: Display: Audio Mixer Platform Settings:
[2020.01.31-20.15.05:897][  0]LogAudioMixer: Display: 	Sample Rate:						  48000
[2020.01.31-20.15.05:897][  0]LogAudioMixer: Display: 	Callback Buffer Frame Size Requested: 1024
[2020.01.31-20.15.05:897][  0]LogAudioMixer: Display: 	Callback Buffer Frame Size To Use:	  1024
[2020.01.31-20.15.05:898][  0]LogAudioMixer: Display: 	Number of buffers to queue:			  2
[2020.01.31-20.15.05:898][  0]LogAudioMixer: Display: 	Max Channels (voices):				  32
[2020.01.31-20.15.05:898][  0]LogAudioMixer: Display: 	Number of Async Source Workers:		  0
[2020.01.31-20.15.05:898][  0]LogAudio: Display: AudioDevice MaxSources: 32
[2020.01.31-20.15.05:900][  0]LogAudio: Display: Using built-in audio occlusion.
[2020.01.31-20.15.05:900][  0]LogAudioMixer: Display: Initializing audio mixer.
[2020.01.31-20.15.05:934][  0]LogAudioMixer: Display: Audio Device Output Speaker Info:
[2020.01.31-20.15.05:934][  0]LogAudioMixer: Display: Name: Speakers (Synaptics SmartAudio HD)
[2020.01.31-20.15.05:934][  0]LogAudioMixer: Display: Is Default: Yes
[2020.01.31-20.15.05:934][  0]LogAudioMixer: Display: Sample Rate: 48000
[2020.01.31-20.15.05:934][  0]LogAudioMixer: Display: Channel Count Used: 2
[2020.01.31-20.15.05:934][  0]LogAudioMixer: Display: Device Channel Count: 2
[2020.01.31-20.15.05:934][  0]LogAudioMixer: Display: Channel Order:
[2020.01.31-20.15.05:934][  0]LogAudioMixer: Display: 0: FrontLeft
[2020.01.31-20.15.05:934][  0]LogAudioMixer: Display: 1: FrontRight
[2020.01.31-20.15.06:147][  0]LogAudioMixer: Display: Using Audio Device Speakers (Synaptics SmartAudio HD)
[2020.01.31-20.15.06:163][  0]LogInit: FAudioDevice initialized.
[2020.01.31-20.15.06:165][  0]LogNetVersion: Set ProjectVersion to 1.0.0.0. Version Checksum will be recalculated on next use.
[2020.01.31-20.15.06:330][  0]LogDerivedDataCache: Saved boot cache 0.16s 79MB C:/Users/Recov/AppData/Local/UnrealEngine/4.24/DerivedDataCache/Boot.ddc.
[2020.01.31-20.15.06:342][  0]LogInit: Texture streaming: Enabled
[2020.01.31-20.15.06:396][  0]LogEngineSessionManager: EngineSessionManager initialized
[2020.01.31-20.15.06:397][  0]LogEditorSessionSummary: Verbose: Initializing EditorSessionSummaryWriter for editor session tracking
[2020.01.31-20.15.06:407][  0]LogEditorSessionSummary: EditorSessionSummaryWriter initialized
[2020.01.31-20.15.06:477][  0]LogInit: Transaction tracking system initialized
[2020.01.31-20.15.06:540][  0]BlueprintLog: New page: Editor Load
[2020.01.31-20.15.06:676][  0]LocalizationService: Localization service is disabled
[2020.01.31-20.15.07:582][  0]LogFileCache: Scanning file cache for directory 'C:/Users/Recov/Desktop/3D game prototype/3D Games Prototyping/MyProject 4.24/Content/' took 0.00s
[2020.01.31-20.15.07:582][  0]LogCook: Display: Max memory allowance for cook 16384mb min free memory 0mb
[2020.01.31-20.15.07:582][  0]LogCook: Display: Mobile HDR setting 1
[2020.01.31-20.15.09:306][  0]SourceControl: Source control is disabled
[2020.01.31-20.15.09:307][  0]Cmd: MAP LOAD FILE="../../../Engine/Content/Maps/Templates/Template_Default.umap" TEMPLATE=1 SHOWPROGRESS=1 FEATURELEVEL=3
[2020.01.31-20.15.09:309][  0]LightingResults: New page: Lighting Build
[2020.01.31-20.15.09:314][  0]LogWorld: UWorld::CleanupWorld for Untitled, bSessionEnded=true, bCleanupResources=true
[2020.01.31-20.15.09:314][  0]LogSlate: InvalidateAllWidgets triggered.  All widgets were invalidated
[2020.01.31-20.15.09:315][  0]MapCheck: New page: Map Check
[2020.01.31-20.15.09:315][  0]LightingResults: New page: Lighting Build
[2020.01.31-20.15.09:348][  0]LogUObjectHash: Compacting FUObjectHashTables data took   2.45ms
[2020.01.31-20.15.09:507][  0]LogAIModule: Creating AISystem for world Untitled_1
[2020.01.31-20.15.09:518][  0]LogEditorServer: Finished looking for orphan Actors (0.000 secs)
[2020.01.31-20.15.09:576][  0]LogUObjectHash: Compacting FUObjectHashTables data took   2.80ms
[2020.01.31-20.15.09:577][  0]Cmd: MAP CHECKDEP NOCLEARLOG
[2020.01.31-20.15.09:577][  0]MapCheck: Map check complete: 0 Error(s), 0 Warning(s), took 0.308ms to complete.
[2020.01.31-20.15.09:577][  0]LogFileHelpers: Loading map 'Template_Default' took 0.270
[2020.01.31-20.15.09:879][  0]LogSlate: Updating window title bar state: overlay mode, drag disabled, window buttons hidden, title bar hidden
[2020.01.31-20.15.09:900][  0]LogSlate: Updating window title bar state: overlay mode, drag disabled, window buttons hidden, title bar hidden
[2020.01.31-20.15.09:916][  0]LogSlate: Updating window title bar state: overlay mode, drag disabled, window buttons hidden, title bar hidden
[2020.01.31-20.15.09:924][  0]LogSlate: Updating window title bar state: overlay mode, drag disabled, window buttons hidden, title bar hidden
[2020.01.31-20.15.09:958][  0]LogCollectionManager: Loaded 0 collections in 0.003380 seconds
[2020.01.31-20.15.10:021][  0]LogFileCache: Scanning file cache for directory 'C:/Users/Recov/Desktop/3D game prototype/3D Games Prototyping/MyProject 4.24/Saved/Collections/' took 0.00s
[2020.01.31-20.15.10:022][  0]LogFileCache: Scanning file cache for directory 'C:/Users/Recov/Desktop/3D game prototype/3D Games Prototyping/MyProject 4.24/Content/Developers/Recov/Collections/' took 0.00s
[2020.01.31-20.15.10:022][  0]LogFileCache: Scanning file cache for directory 'C:/Users/Recov/Desktop/3D game prototype/3D Games Prototyping/MyProject 4.24/Content/Collections/' took 0.00s
[2020.01.31-20.15.10:022][  0]LogContentBrowser: Native class hierarchy populated in 0.0133 seconds. Added 3017 classes and 721 folders.
[2020.01.31-20.15.10:041][  0]LogContentBrowser: Native class hierarchy updated for 'WidgetCarousel' in 0.0011 seconds. Added 0 classes and 0 folders.
[2020.01.31-20.15.10:980][  0]LogContentBrowser: Native class hierarchy updated for 'AddContentDialog' in 0.0008 seconds. Added 0 classes and 0 folders.
[2020.01.31-20.15.11:007][  0]LogContentBrowser: Native class hierarchy updated for 'SceneOutliner' in 0.0011 seconds. Added 2 classes and 3 folders.
[2020.01.31-20.15.11:187][  0]LogSlate: Took 0.014194 seconds to synchronously load lazily loaded font '../../../Engine/Content/Slate/Fonts/Roboto-Regular.ttf' (155K)
[2020.01.31-20.15.11:202][  0]LogSlate: Took 0.010817 seconds to synchronously load lazily loaded font '../../../Engine/Content/Slate/Fonts/Roboto-Bold.ttf' (160K)
[2020.01.31-20.15.11:229][  0]LogSlate: Took 0.013054 seconds to synchronously load lazily loaded font '../../../Engine/Content/Editor/Slate/Fonts/FontAwesome.ttf' (139K)
[2020.01.31-20.15.11:506][  0]LogRenderer: Reallocating scene render targets to support 964x460 Format 10 NumSamples 1 (Frame:1).
[2020.01.31-20.15.12:058][  0]LogSlate: Window 'Tutorials' being destroyed
[2020.01.31-20.15.12:074][  0]LogContentBrowser: Native class hierarchy updated for 'HierarchicalLODOutliner' in 0.0007 seconds. Added 0 classes and 0 folders.
[2020.01.31-20.15.12:074][  0]LogLoad: (Engine Initialization) Total time: 40.34 seconds
[2020.01.31-20.15.12:074][  0]LogLoad: (Engine Initialization) Total Blueprint compile time: 0.00 seconds
[2020.01.31-20.15.12:154][  0]LogContentStreaming: Texture pool size now 1000 MB
[2020.01.31-20.15.12:195][  0]LogSlate: Took 0.010441 seconds to synchronously load lazily loaded font '../../../Engine/Content/Slate/Fonts/Roboto-Light.ttf' (167K)
[2020.01.31-20.15.13:713][ 56]LogAssetRegistry: Asset discovery search completed in 20.0497 seconds
[2020.01.31-20.15.13:729][ 56]LogCollectionManager: Fixed up redirectors for 0 collections in 0.000027 seconds (updated 0 objects)
[2020.01.31-20.18.14:691][683]LogTemp: Repeating last play command: Selected Viewport
[2020.01.31-20.18.14:709][683]LogPlayLevel: PlayLevel: No blueprints needed recompiling
[2020.01.31-20.18.14:730][683]PIE: New page: PIE session: Untitled_1 (31 Jan 2020, 20:18:14)
[2020.01.31-20.18.14:739][683]LogOnline: OSS: Creating online subsystem instance for: NULL
[2020.01.31-20.18.14:741][683]LogOnline: OSS: TryLoadSubsystemAndSetDefault: Loaded subsystem for module [NULL]
[2020.01.31-20.18.14:743][683]LogPlayLevel: Creating play world package: /Temp/UEDPIE_0_Untitled_1
[2020.01.31-20.18.14:750][683]LogPlayLevel: PIE: StaticDuplicateObject took: (0.006971s)
[2020.01.31-20.18.14:753][683]LogAIModule: Creating AISystem for world Untitled_1
[2020.01.31-20.18.14:755][683]LogPlayLevel: PIE: World Init took: (0.004635s)
[2020.01.31-20.18.14:756][683]LogPlayLevel: PIE: Created PIE world by copying editor world from /Temp/Untitled_1.Untitled_1 to /Temp/UEDPIE_0_Untitled_1.Untitled_1 (0.012657s)
[2020.01.31-20.18.14:803][683]LogUObjectHash: Compacting FUObjectHashTables data took   2.88ms
[2020.01.31-20.18.14:810][683]LogAudioMixer: Display: Audio Mixer Platform Settings:
[2020.01.31-20.18.14:810][683]LogAudioMixer: Display: 	Sample Rate:						  48000
[2020.01.31-20.18.14:810][683]LogAudioMixer: Display: 	Callback Buffer Frame Size Requested: 1024
[2020.01.31-20.18.14:810][683]LogAudioMixer: Display: 	Callback Buffer Frame Size To Use:	  1024
[2020.01.31-20.18.14:810][683]LogAudioMixer: Display: 	Number of buffers to queue:			  2
[2020.01.31-20.18.14:810][683]LogAudioMixer: Display: 	Max Channels (voices):				  32
[2020.01.31-20.18.14:810][683]LogAudioMixer: Display: 	Number of Async Source Workers:		  0
[2020.01.31-20.18.14:810][683]LogAudio: Display: AudioDevice MaxSources: 32
[2020.01.31-20.18.14:811][683]LogAudio: Display: Using built-in audio occlusion.
[2020.01.31-20.18.14:811][683]LogAudioMixer: Display: Initializing audio mixer.
[2020.01.31-20.18.14:820][683]LogAudioMixer: Display: Audio Device Output Speaker Info:
[2020.01.31-20.18.14:820][683]LogAudioMixer: Display: Name: Speakers (Synaptics SmartAudio HD)
[2020.01.31-20.18.14:820][683]LogAudioMixer: Display: Is Default: Yes
[2020.01.31-20.18.14:820][683]LogAudioMixer: Display: Sample Rate: 48000
[2020.01.31-20.18.14:821][683]LogAudioMixer: Display: Channel Count Used: 2
[2020.01.31-20.18.14:821][683]LogAudioMixer: Display: Device Channel Count: 2
[2020.01.31-20.18.14:821][683]LogAudioMixer: Display: Channel Order:
[2020.01.31-20.18.14:821][683]LogAudioMixer: Display: 0: FrontLeft
[2020.01.31-20.18.14:821][683]LogAudioMixer: Display: 1: FrontRight
[2020.01.31-20.18.14:966][683]LogAudioMixer: Display: Using Audio Device Speakers (Synaptics SmartAudio HD)
[2020.01.31-20.18.14:971][683]LogInit: FAudioDevice initialized.
[2020.01.31-20.18.15:009][683]LogLoad: Game class is 'BP_BaseGamemode_C'
[2020.01.31-20.18.15:025][683]LogWorld: Bringing World /Temp/UEDPIE_0_Untitled_1.Untitled_1 up for play (max tick rate 0) at 2020.01.31-20.18.15
[2020.01.31-20.18.15:027][683]LogWorld: Bringing up level for play took: 0.003329
[2020.01.31-20.18.15:029][683]LogOnline: OSS: Creating online subsystem instance for: :Context_1
[2020.01.31-20.18.15:073][683]LogContentBrowser: Native class hierarchy updated for 'MovieSceneCapture' in 0.0018 seconds. Added 20 classes and 0 folders.
[2020.01.31-20.18.15:107][683]PIE: Play in editor start time for /Temp/UEDPIE_0_Untitled_1 0.279
[2020.01.31-20.18.29:656][463]LogAudioMixer: Display: No commands were queued while flushing the source manager.
[2020.01.31-20.18.29:663][463]LogAudioMixer: Display: Flush succeeded in the source manager command queue (1).
[2020.01.31-20.18.29:683][463]LogAudioMixer: Display: Flush succeeded the source manager command queue (2).
[2020.01.31-20.18.29:690][463]LogSlate: Updating window title bar state: overlay mode, drag disabled, window buttons hidden, title bar hidden
[2020.01.31-20.18.29:690][463]LogWorld: BeginTearingDown for /Temp/UEDPIE_0_Untitled_1
[2020.01.31-20.18.29:692][463]LogAudioMixer: Display: No commands were queued while flushing the source manager.
[2020.01.31-20.18.29:695][463]LogWorld: UWorld::CleanupWorld for Untitled_1, bSessionEnded=true, bCleanupResources=true
[2020.01.31-20.18.29:696][463]LogSlate: InvalidateAllWidgets triggered.  All widgets were invalidated
[2020.01.31-20.18.29:720][463]LogPlayLevel: Display: Shutting down PIE online subsystems
[2020.01.31-20.18.29:728][463]LogSlate: InvalidateAllWidgets triggered.  All widgets were invalidated
[2020.01.31-20.18.29:787][463]LogAudioMixer: Display: No commands were queued while flushing the source manager.
[2020.01.31-20.18.29:796][463]LogSlate: Updating window title bar state: overlay mode, drag disabled, window buttons hidden, title bar hidden
[2020.01.31-20.18.29:806][463]LogUObjectHash: Compacting FUObjectHashTables data took   3.62ms
[2020.01.31-20.18.29:839][464]LogPlayLevel: Display: Destroying online subsystem :Context_1
[2020.01.31-20.18.30:960][514]LogTemp: Repeating last play command: Selected Viewport
[2020.01.31-20.18.30:996][514]LogPlayLevel: PlayLevel: No blueprints needed recompiling
[2020.01.31-20.18.30:996][514]PIE: New page: PIE session: Untitled_1 (31 Jan 2020, 20:18:30)
[2020.01.31-20.18.30:996][514]LogPlayLevel: Creating play world package: /Temp/UEDPIE_0_Untitled_1
[2020.01.31-20.18.31:002][514]LogPlayLevel: PIE: StaticDuplicateObject took: (0.005933s)
[2020.01.31-20.18.31:005][514]LogAIModule: Creating AISystem for world Untitled_1
[2020.01.31-20.18.31:007][514]LogPlayLevel: PIE: World Init took: (0.004094s)
[2020.01.31-20.18.31:007][514]LogPlayLevel: PIE: Created PIE world by copying editor world from /Temp/Untitled_1.Untitled_1 to /Temp/UEDPIE_0_Untitled_1.Untitled_1 (0.010613s)
[2020.01.31-20.18.31:057][514]LogUObjectHash: Compacting FUObjectHashTables data took   3.18ms
[2020.01.31-20.18.31:059][514]LogAudioMixer: Display: Audio Mixer Platform Settings:
[2020.01.31-20.18.31:059][514]LogAudioMixer: Display: 	Sample Rate:						  48000
[2020.01.31-20.18.31:059][514]LogAudioMixer: Display: 	Callback Buffer Frame Size Requested: 1024
[2020.01.31-20.18.31:059][514]LogAudioMixer: Display: 	Callback Buffer Frame Size To Use:	  1024
[2020.01.31-20.18.31:059][514]LogAudioMixer: Display: 	Number of buffers to queue:			  2
[2020.01.31-20.18.31:059][514]LogAudioMixer: Display: 	Max Channels (voices):				  32
[2020.01.31-20.18.31:059][514]LogAudioMixer: Display: 	Number of Async Source Workers:		  0
[2020.01.31-20.18.31:059][514]LogAudio: Display: AudioDevice MaxSources: 32
[2020.01.31-20.18.31:060][514]LogAudio: Display: Using built-in audio occlusion.
[2020.01.31-20.18.31:060][514]LogAudioMixer: Display: Initializing audio mixer.
[2020.01.31-20.18.31:072][514]LogAudioMixer: Display: Audio Device Output Speaker Info:
[2020.01.31-20.18.31:072][514]LogAudioMixer: Display: Name: Speakers (Synaptics SmartAudio HD)
[2020.01.31-20.18.31:072][514]LogAudioMixer: Display: Is Default: Yes
[2020.01.31-20.18.31:072][514]LogAudioMixer: Display: Sample Rate: 48000
[2020.01.31-20.18.31:072][514]LogAudioMixer: Display: Channel Count Used: 2
[2020.01.31-20.18.31:072][514]LogAudioMixer: Display: Device Channel Count: 2
[2020.01.31-20.18.31:072][514]LogAudioMixer: Display: Channel Order:
[2020.01.31-20.18.31:072][514]LogAudioMixer: Display: 0: FrontLeft
[2020.01.31-20.18.31:072][514]LogAudioMixer: Display: 1: FrontRight
[2020.01.31-20.18.31:192][514]LogAudioMixer: Display: Using Audio Device Speakers (Synaptics SmartAudio HD)
[2020.01.31-20.18.31:195][514]LogInit: FAudioDevice initialized.
[2020.01.31-20.18.31:210][514]LogLoad: Game class is 'BP_BaseGamemode_C'
[2020.01.31-20.18.31:211][514]LogWorld: Bringing World /Temp/UEDPIE_0_Untitled_1.Untitled_1 up for play (max tick rate 0) at 2020.01.31-20.18.31
[2020.01.31-20.18.31:211][514]LogWorld: Bringing up level for play took: 0.000768
[2020.01.31-20.18.31:213][514]LogOnline: OSS: Creating online subsystem instance for: :Context_2
[2020.01.31-20.18.31:215][514]PIE: Play in editor start time for /Temp/UEDPIE_0_Untitled_1 0.388
[2020.01.31-20.19.15:366][934]LogAudioMixer: Display: No commands were queued while flushing the source manager.
[2020.01.31-20.19.15:366][934]LogAudioMixer: Display: No commands were queued while flushing the source manager.
[2020.01.31-20.19.15:368][934]LogSlate: Updating window title bar state: overlay mode, drag disabled, window buttons hidden, title bar hidden
[2020.01.31-20.19.15:368][934]LogWorld: BeginTearingDown for /Temp/UEDPIE_0_Untitled_1
[2020.01.31-20.19.15:368][934]LogAudioMixer: Display: No commands were queued while flushing the source manager.
[2020.01.31-20.19.15:369][934]LogWorld: UWorld::CleanupWorld for Untitled_1, bSessionEnded=true, bCleanupResources=true
[2020.01.31-20.19.15:369][934]LogSlate: InvalidateAllWidgets triggered.  All widgets were invalidated
[2020.01.31-20.19.15:417][934]LogPlayLevel: Display: Shutting down PIE online subsystems
[2020.01.31-20.19.15:424][934]LogSlate: InvalidateAllWidgets triggered.  All widgets were invalidated
[2020.01.31-20.19.15:475][934]LogAudioMixer: Display: No commands were queued while flushing the source manager.
[2020.01.31-20.19.15:483][934]LogSlate: Updating window title bar state: overlay mode, drag disabled, window buttons hidden, title bar hidden
[2020.01.31-20.19.15:488][934]LogUObjectHash: Compacting FUObjectHashTables data took   2.79ms
[2020.01.31-20.19.15:516][935]LogPlayLevel: Display: Destroying online subsystem :Context_2
[2020.01.31-20.19.27:154][468]LogSlate: Took 0.000499 seconds to synchronously load lazily loaded font '../../../Engine/Content/Slate/Fonts/Roboto-Light.ttf' (167K)
[2020.01.31-20.19.27:196][468]LogAssetEditorSubsystem: Opening Asset editor for Blueprint /Game/Blueprints/Player/BP_PlayerCharacter.BP_PlayerCharacter
[2020.01.31-20.19.27:652][468]LogContentBrowser: Native class hierarchy updated for 'BlueprintGraph' in 0.0021 seconds. Added 121 classes and 0 folders.
[2020.01.31-20.19.29:440][468]LogSlate: Took 0.033933 seconds to synchronously load lazily loaded font '../../../Engine/Content/Slate/Fonts/Roboto-BoldCondensed.ttf' (158K)
[2020.01.31-20.20.10:669][ 18]LogEditorViewport: Clicking on Actor (LMB): BP_Sky_Sphere_C (Sky Sphere)
[2020.01.31-20.22.21:156][ 18]LogEditorViewport: Clicking on Actor (LMB): BP_Sky_Sphere_C (Sky Sphere)
[2020.01.31-20.22.24:257][149]LogTemp: Repeating last play command: Selected Viewport
[2020.01.31-20.22.24:301][149]LogPlayLevel: PlayLevel: No blueprints needed recompiling
[2020.01.31-20.22.24:301][149]PIE: New page: PIE session: Untitled_1 (31 Jan 2020, 20:22:24)
[2020.01.31-20.22.24:301][149]LogPlayLevel: Creating play world package: /Temp/UEDPIE_0_Untitled_1
[2020.01.31-20.22.24:308][149]LogPlayLevel: PIE: StaticDuplicateObject took: (0.006998s)
[2020.01.31-20.22.24:311][149]LogAIModule: Creating AISystem for world Untitled_1
[2020.01.31-20.22.24:311][149]LogPlayLevel: PIE: World Init took: (0.002829s)
[2020.01.31-20.22.24:311][149]LogPlayLevel: PIE: Created PIE world by copying editor world from /Temp/Untitled_1.Untitled_1 to /Temp/UEDPIE_0_Untitled_1.Untitled_1 (0.010161s)
[2020.01.31-20.22.24:380][149]LogUObjectHash: Compacting FUObjectHashTables data took   6.96ms
[2020.01.31-20.22.24:383][149]LogAudioMixer: Display: Audio Mixer Platform Settings:
[2020.01.31-20.22.24:383][149]LogAudioMixer: Display: 	Sample Rate:						  48000
[2020.01.31-20.22.24:383][149]LogAudioMixer: Display: 	Callback Buffer Frame Size Requested: 1024
[2020.01.31-20.22.24:383][149]LogAudioMixer: Display: 	Callback Buffer Frame Size To Use:	  1024
[2020.01.31-20.22.24:383][149]LogAudioMixer: Display: 	Number of buffers to queue:			  2
[2020.01.31-20.22.24:383][149]LogAudioMixer: Display: 	Max Channels (voices):				  32
[2020.01.31-20.22.24:383][149]LogAudioMixer: Display: 	Number of Async Source Workers:		  0
[2020.01.31-20.22.24:383][149]LogAudio: Display: AudioDevice MaxSources: 32
[2020.01.31-20.22.24:384][149]LogAudio: Display: Using built-in audio occlusion.
[2020.01.31-20.22.24:384][149]LogAudioMixer: Display: Initializing audio mixer.
[2020.01.31-20.22.24:395][149]LogAudioMixer: Display: Audio Device Output Speaker Info:
[2020.01.31-20.22.24:395][149]LogAudioMixer: Display: Name: Speakers (Synaptics SmartAudio HD)
[2020.01.31-20.22.24:395][149]LogAudioMixer: Display: Is Default: Yes
[2020.01.31-20.22.24:395][149]LogAudioMixer: Display: Sample Rate: 48000
[2020.01.31-20.22.24:395][149]LogAudioMixer: Display: Channel Count Used: 2
[2020.01.31-20.22.24:395][149]LogAudioMixer: Display: Device Channel Count: 2
[2020.01.31-20.22.24:395][149]LogAudioMixer: Display: Channel Order:
[2020.01.31-20.22.24:395][149]LogAudioMixer: Display: 0: FrontLeft
[2020.01.31-20.22.24:395][149]LogAudioMixer: Display: 1: FrontRight
[2020.01.31-20.22.24:527][149]LogAudioMixer: Display: Using Audio Device Speakers (Synaptics SmartAudio HD)
[2020.01.31-20.22.24:530][149]LogInit: FAudioDevice initialized.
[2020.01.31-20.22.24:546][149]LogLoad: Game class is 'BP_BaseGamemode_C'
[2020.01.31-20.22.24:550][149]LogWorld: Bringing World /Temp/UEDPIE_0_Untitled_1.Untitled_1 up for play (max tick rate 0) at 2020.01.31-20.22.24
[2020.01.31-20.22.24:550][149]LogWorld: Bringing up level for play took: 0.001117
[2020.01.31-20.22.24:550][149]LogOnline: OSS: Creating online subsystem instance for: :Context_5
[2020.01.31-20.22.24:554][149]PIE: Play in editor start time for /Temp/UEDPIE_0_Untitled_1 -0.274
[2020.01.31-20.23.04:952][322]LogAudioMixer: Display: No commands were queued while flushing the source manager.
[2020.01.31-20.23.04:962][322]LogAudioMixer: Display: Flush succeeded in the source manager command queue (1).
[2020.01.31-20.23.04:982][322]LogAudioMixer: Display: Flush succeeded the source manager command queue (2).
[2020.01.31-20.23.04:983][322]LogSlate: Updating window title bar state: overlay mode, drag disabled, window buttons hidden, title bar hidden
[2020.01.31-20.23.04:983][322]LogWorld: BeginTearingDown for /Temp/UEDPIE_0_Untitled_1
[2020.01.31-20.23.04:984][322]LogAudioMixer: Display: No commands were queued while flushing the source manager.
[2020.01.31-20.23.04:984][322]LogWorld: UWorld::CleanupWorld for Untitled_1, bSessionEnded=true, bCleanupResources=true
[2020.01.31-20.23.04:984][322]LogSlate: InvalidateAllWidgets triggered.  All widgets were invalidated
[2020.01.31-20.23.04:999][322]LogPlayLevel: Display: Shutting down PIE online subsystems
[2020.01.31-20.23.05:008][322]LogSlate: InvalidateAllWidgets triggered.  All widgets were invalidated
[2020.01.31-20.23.05:077][322]LogAudioMixer: Display: No commands were queued while flushing the source manager.
[2020.01.31-20.23.05:083][322]LogSlate: Updating window title bar state: overlay mode, drag disabled, window buttons hidden, title bar hidden
[2020.01.31-20.23.05:090][322]LogUObjectHash: Compacting FUObjectHashTables data took   5.05ms
[2020.01.31-20.23.05:122][323]LogPlayLevel: Display: Destroying online subsystem :Context_5
[2020.01.31-20.23.21:079][661]LogTemp: Repeating last play command: Selected Viewport
[2020.01.31-20.23.21:101][661]LogPlayLevel: PlayLevel: No blueprints needed recompiling
[2020.01.31-20.23.21:101][661]PIE: New page: PIE session: Untitled_1 (31 Jan 2020, 20:23:21)
[2020.01.31-20.23.21:101][661]LogPlayLevel: Creating play world package: /Temp/UEDPIE_0_Untitled_1
[2020.01.31-20.23.21:107][661]LogPlayLevel: PIE: StaticDuplicateObject took: (0.005653s)
[2020.01.31-20.23.21:109][661]LogAIModule: Creating AISystem for world Untitled_1
[2020.01.31-20.23.21:109][661]LogPlayLevel: PIE: World Init took: (0.002124s)
[2020.01.31-20.23.21:109][661]LogPlayLevel: PIE: Created PIE world by copying editor world from /Temp/Untitled_1.Untitled_1 to /Temp/UEDPIE_0_Untitled_1.Untitled_1 (0.008086s)
[2020.01.31-20.23.21:167][661]LogUObjectHash: Compacting FUObjectHashTables data took   3.79ms
[2020.01.31-20.23.21:168][661]LogAudioMixer: Display: Audio Mixer Platform Settings:
[2020.01.31-20.23.21:168][661]LogAudioMixer: Display: 	Sample Rate:						  48000
[2020.01.31-20.23.21:168][661]LogAudioMixer: Display: 	Callback Buffer Frame Size Requested: 1024
[2020.01.31-20.23.21:168][661]LogAudioMixer: Display: 	Callback Buffer Frame Size To Use:	  1024
[2020.01.31-20.23.21:168][661]LogAudioMixer: Display: 	Number of buffers to queue:			  2
[2020.01.31-20.23.21:168][661]LogAudioMixer: Display: 	Max Channels (voices):				  32
[2020.01.31-20.23.21:168][661]LogAudioMixer: Display: 	Number of Async Source Workers:		  0
[2020.01.31-20.23.21:168][661]LogAudio: Display: AudioDevice MaxSources: 32
[2020.01.31-20.23.21:169][661]LogAudio: Display: Using built-in audio occlusion.
[2020.01.31-20.23.21:169][661]LogAudioMixer: Display: Initializing audio mixer.
[2020.01.31-20.23.21:182][661]LogAudioMixer: Display: Audio Device Output Speaker Info:
[2020.01.31-20.23.21:182][661]LogAudioMixer: Display: Name: Speakers (Synaptics SmartAudio HD)
[2020.01.31-20.23.21:182][661]LogAudioMixer: Display: Is Default: Yes
[2020.01.31-20.23.21:182][661]LogAudioMixer: Display: Sample Rate: 48000
[2020.01.31-20.23.21:182][661]LogAudioMixer: Display: Channel Count Used: 2
[2020.01.31-20.23.21:182][661]LogAudioMixer: Display: Device Channel Count: 2
[2020.01.31-20.23.21:182][661]LogAudioMixer: Display: Channel Order:
[2020.01.31-20.23.21:182][661]LogAudioMixer: Display: 0: FrontLeft
[2020.01.31-20.23.21:182][661]LogAudioMixer: Display: 1: FrontRight
[2020.01.31-20.23.21:289][661]LogAudioMixer: Display: Using Audio Device Speakers (Synaptics SmartAudio HD)
[2020.01.31-20.23.21:293][661]LogInit: FAudioDevice initialized.
[2020.01.31-20.23.21:307][661]LogLoad: Game class is 'BP_BaseGamemode_C'
[2020.01.31-20.23.21:309][661]LogWorld: Bringing World /Temp/UEDPIE_0_Untitled_1.Untitled_1 up for play (max tick rate 0) at 2020.01.31-20.23.21
[2020.01.31-20.23.21:309][661]LogWorld: Bringing up level for play took: 0.000852
[2020.01.31-20.23.21:309][661]LogOnline: OSS: Creating online subsystem instance for: :Context_6
[2020.01.31-20.23.21:314][661]PIE: Play in editor start time for /Temp/UEDPIE_0_Untitled_1 0.486
[2020.01.31-20.25.22:243][840]LogAudioMixer: Display: Audio Buffer Underrun detected.
[2020.01.31-20.26.20:923][260]LogAudioMixer: Display: No commands were queued while flushing the source manager.
[2020.01.31-20.26.20:924][260]LogAudioMixer: Display: No commands were queued while flushing the source manager.
[2020.01.31-20.26.20:925][260]LogSlate: Updating window title bar state: overlay mode, drag disabled, window buttons hidden, title bar hidden
[2020.01.31-20.26.20:925][260]LogWorld: BeginTearingDown for /Temp/UEDPIE_0_Untitled_1
[2020.01.31-20.26.20:925][260]LogAudioMixer: Display: No commands were queued while flushing the source manager.
[2020.01.31-20.26.20:926][260]LogWorld: UWorld::CleanupWorld for Untitled_1, bSessionEnded=true, bCleanupResources=true
[2020.01.31-20.26.20:926][260]LogSlate: InvalidateAllWidgets triggered.  All widgets were invalidated
[2020.01.31-20.26.20:969][260]LogPlayLevel: Display: Shutting down PIE online subsystems
[2020.01.31-20.26.20:975][260]LogSlate: InvalidateAllWidgets triggered.  All widgets were invalidated
[2020.01.31-20.26.21:031][260]LogAudioMixer: Display: No commands were queued while flushing the source manager.
[2020.01.31-20.26.21:036][260]LogSlate: Updating window title bar state: overlay mode, drag disabled, window buttons hidden, title bar hidden
[2020.01.31-20.26.21:042][260]LogUObjectHash: Compacting FUObjectHashTables data took   4.14ms
[2020.01.31-20.26.21:065][261]LogPlayLevel: Display: Destroying online subsystem :Context_6
[2020.01.31-20.26.38:041][762]LogRenderer: Reallocating scene render targets to support 964x724 Format 10 NumSamples 1 (Frame:1).
[2020.01.31-20.26.41:658][843]LogSlate: Window 'BP_PlayerCharacter' being destroyed
[2020.01.31-20.26.41:789][843]LogWorld: UWorld::CleanupWorld for World_0, bSessionEnded=true, bCleanupResources=true
[2020.01.31-20.26.41:789][843]LogSlate: InvalidateAllWidgets triggered.  All widgets were invalidated
[2020.01.31-20.27.03:172][255]LogAudioMixer: Display: Audio Buffer Underrun detected.
[2020.01.31-20.33.03:490][596]LogAssetEditorSubsystem: Opening Asset editor for Blueprint /Game/Blueprints/Player/BP_PlayerCharacter.BP_PlayerCharacter
[2020.01.31-20.33.16:729][ 60]LogSlate: Took 0.019073 seconds to synchronously load lazily loaded font '../../../Engine/Content/Slate/Fonts/Roboto-Italic.ttf' (157K)
[2020.01.31-20.33.55:501][735]LogSlate: Window 'BP_PlayerCharacter' being destroyed
[2020.01.31-20.33.55:563][735]LogWorld: UWorld::CleanupWorld for World_2, bSessionEnded=true, bCleanupResources=true
[2020.01.31-20.33.55:563][735]LogSlate: InvalidateAllWidgets triggered.  All widgets were invalidated
[2020.01.31-20.34.29:886][338]LogAssetEditorSubsystem: Opening Asset editor for Blueprint /Game/Blueprints/Gamemode/BP_BaseGamemode.BP_BaseGamemode
[2020.01.31-20.34.39:817][706]LogSlate: Window 'BP_BaseGamemode' being destroyed
[2020.01.31-20.34.39:889][706]LogWorld: UWorld::CleanupWorld for World_5, bSessionEnded=true, bCleanupResources=true
[2020.01.31-20.34.39:889][706]LogSlate: InvalidateAllWidgets triggered.  All widgets were invalidated
[2020.01.31-20.36.52:143][340]LogAssetEditorSubsystem: Opening Asset editor for Class /Script/MyProject.PlayerCharacter
[2020.01.31-20.50.52:299][176]LogSlate: WidgetSwitcher ('None') active index changed to -1
[2020.01.31-20.50.52:301][176]LogSlate: WidgetSwitcher ('None') active index changed to 0
[2020.01.31-20.51.40:060][528]LogSlate: WidgetSwitcher ('None') active index changed to 1
[2020.01.31-20.52.51:268][788]Candidate modules for hot reload:
[2020.01.31-20.52.51:268][788]  MyProject
[2020.01.31-20.52.51:271][788]Launching UnrealBuildTool... [C:/Program Files/Epic Games/UE_4.24/Engine/Binaries/DotNET/UnrealBuildTool.exe  -ModuleWithSuffix=MyProject,3110 Win64 Development -TargetType=Editor -Project="C:/Users/Recov/Desktop/3D game prototype/3D Games Prototyping/MyProject 4.24/MyProject.uproject" "C:/Users/Recov/Desktop/3D game prototype/3D Games Prototyping/MyProject 4.24/MyProject.uproject"  -IgnoreJunk]
[2020.01.31-20.54.02:000][788]CompilerResultsLog: New page: Compilation - 31 Jan 2020, 20:54:01
[2020.01.31-20.54.02:008][788]CompilerResultsLog: Using 'git status' to determine working set for adaptive non-unity build (C:\Users\Recov\Desktop\3D game prototype\3D Games Prototyping).
[2020.01.31-20.54.02:009][788]CompilerResultsLog: Invalidating makefile for MyProjectEditor (source file added)
[2020.01.31-20.54.02:009][788]CompilerResultsLog: Parsing headers for MyProjectEditor
[2020.01.31-20.54.02:009][788]CompilerResultsLog:   Running UnrealHeaderTool "C:\Users\Recov\Desktop\3D game prototype\3D Games Prototyping\MyProject 4.24\MyProject.uproject" "C:\Users\Recov\Desktop\3D game prototype\3D Games Prototyping\MyProject 4.24\Intermediate\Build\Win64\MyProjectEditor\Development\MyProjectEditor.uhtmanifest" -LogCmds="loginit warning, logexit warning, logdatabase error" -Unattended -WarningsAsErrors -installed
[2020.01.31-20.54.02:009][788]CompilerResultsLog: Reflection code generated for MyProjectEditor in 45.3757881 seconds
[2020.01.31-20.54.02:009][788]CompilerResultsLog: Building MyProjectEditor...
[2020.01.31-20.54.02:009][788]CompilerResultsLog: Using Visual Studio 2019 14.24.28316 toolchain (C:\Program Files (x86)\Microsoft Visual Studio\2019\Community\VC\Tools\MSVC\14.24.28314) and Windows 10.0.18362.0 SDK (C:\Program Files (x86)\Windows Kits\10).
[2020.01.31-20.54.02:009][788]CompilerResultsLog: [Upgrade]
[2020.01.31-20.54.02:009][788]CompilerResultsLog: [Upgrade] Using backward-compatible build settings. The latest version of UE4 sets the following values by default, which may require code changes:
[2020.01.31-20.54.02:009][788]CompilerResultsLog: [Upgrade]     bLegacyPublicIncludePaths = false                 => Omits subfolders from public include paths to reduce compiler command line length. (Previously: true).
[2020.01.31-20.54.02:009][788]CompilerResultsLog: [Upgrade]     ShadowVariableWarningLevel = WarningLevel.Error   => Treats shadowed variable warnings as errors. (Previously: WarningLevel.Warning).
[2020.01.31-20.54.02:009][788]CompilerResultsLog: [Upgrade]     PCHUsage = PCHUsageMode.UseExplicitOrSharedPCHs   => Set in build.cs files to enables IWYU-style PCH model. See https://docs.unrealengine.com/en-US/Programming/BuildTools/UnrealBuildTool/IWYU/index.html. (Previously: PCHUsageMode.UseSharedPCHs).
[2020.01.31-20.54.02:009][788]CompilerResultsLog: [Upgrade] Suppress this message by setting 'DefaultBuildSettings = BuildSettingsVersion.V2;' in MyProjectEditor.Target.cs, and explicitly overriding settings that differ from the new defaults.
[2020.01.31-20.54.02:009][788]CompilerResultsLog: [Upgrade]
[2020.01.31-20.54.02:009][788]CompilerResultsLog: Building 6 actions with 8 processes...
[2020.01.31-20.54.02:009][788]CompilerResultsLog:   [1/6] MyProject.init.gen.cpp
[2020.01.31-20.54.02:009][788]CompilerResultsLog:   [2/6] APlayerCharacterMovement.cpp
[2020.01.31-20.54.02:009][788]CompilerResultsLog:   [3/6] APlayerCharacterMovement.gen.cpp
[2020.01.31-20.54.02:010][788]CompilerResultsLog:   [4/6] UE4Editor-MyProject-3110.lib
[2020.01.31-20.54.02:010][788]CompilerResultsLog:      Creating library C:\Users\Recov\Desktop\3D game prototype\3D Games Prototyping\MyProject 4.24\Intermediate\Build\Win64\UE4Editor\Development\MyProject\UE4Editor-MyProject-3110.lib and object C:\Users\Recov\Desktop\3D game prototype\3D Games Prototyping\MyProject 4.24\Intermediate\Build\Win64\UE4Editor\Development\MyProject\UE4Editor-MyProject-3110.exp
[2020.01.31-20.54.02:010][788]CompilerResultsLog:   [5/6] UE4Editor-MyProject-3110.dll
[2020.01.31-20.54.02:010][788]CompilerResultsLog:      Creating library C:\Users\Recov\Desktop\3D game prototype\3D Games Prototyping\MyProject 4.24\Intermediate\Build\Win64\UE4Editor\Development\MyProject\UE4Editor-MyProject-3110.suppressed.lib and object C:\Users\Recov\Desktop\3D game prototype\3D Games Prototyping\MyProject 4.24\Intermediate\Build\Win64\UE4Editor\Development\MyProject\UE4Editor-MyProject-3110.suppressed.exp
[2020.01.31-20.54.02:010][788]CompilerResultsLog:   [6/6] MyProjectEditor.target
[2020.01.31-20.54.02:010][788]CompilerResultsLog: Total time in Parallel executor: 17.49 seconds
[2020.01.31-20.54.02:010][788]CompilerResultsLog: Total execution time: 70.36 seconds
[2020.01.31-20.54.02:011][788]LogMainFrame: MainFrame: Module compiling took 70.818 seconds
[2020.01.31-20.54.02:588][788]LogUObjectHash: Compacting FUObjectHashTables data took  41.51ms
[2020.01.31-20.54.02:833][788]LogClass: Could not find existing class APlayerCharacterMovement in package /Script/MyProject for HotReload, assuming new class
[2020.01.31-20.54.02:906][788]LogHotReload: Re-instancing PlayerCharacter after hot-reload.
[2020.01.31-20.54.04:435][788]LogContentBrowser: Native class hierarchy updated for 'MyProject' in 0.0051 seconds. Added 3 classes and 4 folders.
[2020.01.31-20.54.04:445][788]Display: HotReload successful (2 functions remapped  0 scriptstructs remapped)
[2020.01.31-20.54.04:666][788]LogUObjectHash: Compacting FUObjectHashTables data took   8.49ms
[2020.01.31-20.54.04:754][788]LogContentBrowser: Native class hierarchy populated in 0.0366 seconds. Added 3020 classes and 724 folders.
[2020.01.31-20.54.04:756][788]Display: HotReload took 73.7s.
[2020.01.31-20.54.04:762][788]Warning: HotReload operation took 73.8s.
[2020.01.31-20.54.05:506][788]LogSlate: Window 'Add C++ Class' being destroyed
[2020.01.31-20.54.06:882][789]LogHotReload: New module detected: UE4Editor-MyProject-3110.dll
[2020.01.31-20.54.06:955][790]LogHotReload: Starting Hot-Reload from IDE
[2020.01.31-20.54.07:330][790]LogUObjectHash: Compacting FUObjectHashTables data took  12.48ms
[2020.01.31-20.54.07:348][790]LogContentBrowser: Native class hierarchy updated for 'MyProject' in 0.0012 seconds. Added 3 classes and 4 folders.
[2020.01.31-20.54.07:357][790]Display: HotReload successful (0 functions remapped  0 scriptstructs remapped)
[2020.01.31-20.54.07:534][790]LogUObjectHash: Compacting FUObjectHashTables data took   3.89ms
[2020.01.31-20.54.07:574][790]LogContentBrowser: Native class hierarchy populated in 0.0213 seconds. Added 3020 classes and 724 folders.
[2020.01.31-20.54.07:581][790]Display: HotReload took  0.6s.
[2020.01.31-22.19.27:237][238]LogAssetEditorSubsystem: Opening Asset editor for Blueprint /Game/Blueprints/Player/BP_PlayerCharacter.BP_PlayerCharacter
