Log file open, 01/31/20 10:15:25
LogWindows: Failed to load 'aqProf.dll' (GetLastError=126)
LogWindows: File 'aqProf.dll' does not exist
LogWindows: Failed to load 'VtuneApi.dll' (GetLastError=126)
LogWindows: File 'VtuneApi.dll' does not exist
LogWindows: Failed to load 'VtuneApi32e.dll' (GetLastError=126)
LogWindows: File 'VtuneApi32e.dll' does not exist
LogConsoleResponse: Display: Failed to find resolution value strings in scalability ini. Falling back to default.
LogInit: Display: Running engine for game: MyProject
LogPlatformFile: Not using cached read wrapper
LogTaskGraph: Started task graph with 5 named threads and 35 total threads with 3 sets of task threads.
LogStats: Stats thread started at 0.187587
LogD3D11RHI: Loaded GFSDK_Aftermath_Lib.x64.dll
LogICUInternationalization: ICU TimeZone Detection - Raw Offset: +0:00, Platform Override: ''
LogPluginManager: Mounting plugin Paper2D
LogPluginManager: Mounting plugin AISupport
LogPluginManager: Mounting plugin LightPropagationVolume
LogPluginManager: Mounting plugin ActorLayerUtilities
LogPluginManager: Mounting plugin AnimationSharing
LogPluginManager: Mounting plugin CLionSourceCodeAccess
LogPluginManager: Mounting plugin CodeLiteSourceCodeAccess
LogPluginManager: Mounting plugin GitSourceControl
LogPluginManager: Mounting plugin KDevelopSourceCodeAccess
LogPluginManager: Mounting plugin NullSourceCodeAccess
LogPluginManager: Mounting plugin PerforceSourceControl
LogPluginManager: Mounting plugin PlasticSourceControl
LogPluginManager: Mounting plugin SubversionSourceControl
LogPluginManager: Mounting plugin UObjectPlugin
LogPluginManager: Mounting plugin VisualStudioCodeSourceCodeAccess
LogPluginManager: Mounting plugin VisualStudioSourceCodeAccess
LogPluginManager: Mounting plugin XCodeSourceCodeAccess
LogPluginManager: Mounting plugin AssetManagerEditor
LogPluginManager: Mounting plugin CryptoKeys
LogPluginManager: Mounting plugin CurveEditorTools
LogPluginManager: Mounting plugin DataValidation
LogPluginManager: Mounting plugin FacialAnimation
LogPluginManager: Mounting plugin GameplayTagsEditor
LogPluginManager: Mounting plugin MacGraphicsSwitching
LogPluginManager: Mounting plugin MaterialAnalyzer
LogPluginManager: Mounting plugin MobileLauncherProfileWizard
LogPluginManager: Mounting plugin PluginBrowser
LogPluginManager: Mounting plugin SpeedTreeImporter
LogPluginManager: Mounting plugin DatasmithContent
LogPluginManager: Mounting plugin VariantManagerContent
LogPluginManager: Mounting plugin AlembicImporter
LogPluginManager: Mounting plugin AutomationUtils
LogPluginManager: Mounting plugin BackChannel
LogPluginManager: Mounting plugin CharacterAI
LogPluginManager: Mounting plugin GeometryCache
LogPluginManager: Mounting plugin PlatformCrypto
LogPluginManager: Mounting plugin ProxyLODPlugin
LogPluginManager: Mounting plugin SkeletalReduction
LogPluginManager: Mounting plugin MagicLeap
LogPluginManager: Mounting plugin MagicLeapMedia
LogPluginManager: Mounting plugin MLSDK
LogPluginManager: Mounting plugin AndroidMedia
LogPluginManager: Mounting plugin AvfMedia
LogPluginManager: Mounting plugin ImgMedia
LogPluginManager: Mounting plugin MediaCompositing
LogPluginManager: Mounting plugin MediaPlayerEditor
LogPluginManager: Mounting plugin WebMMedia
LogPluginManager: Mounting plugin WmfMedia
LogPluginManager: Mounting plugin TcpMessaging
LogPluginManager: Mounting plugin UdpMessaging
LogPluginManager: Mounting plugin ActorSequence
LogPluginManager: Mounting plugin LevelSequenceEditor
LogPluginManager: Mounting plugin MatineeToLevelSequence
LogPluginManager: Mounting plugin NetcodeUnitTest
LogPluginManager: Mounting plugin NUTUnrealEngine4
LogPluginManager: Mounting plugin OnlineSubsystemGooglePlay
LogPluginManager: Mounting plugin OnlineSubsystemIOS
LogPluginManager: Mounting plugin OnlineSubsystem
LogPluginManager: Mounting plugin OnlineSubsystemNull
LogPluginManager: Mounting plugin OnlineSubsystemUtils
LogPluginManager: Mounting plugin LauncherChunkInstaller
LogPluginManager: Mounting plugin AndroidDeviceProfileSelector
LogPluginManager: Mounting plugin AndroidMoviePlayer
LogPluginManager: Mounting plugin AndroidPermission
LogPluginManager: Mounting plugin AppleImageUtils
LogPluginManager: Mounting plugin AppleMoviePlayer
LogPluginManager: Mounting plugin ArchVisCharacter
LogPluginManager: Mounting plugin AssetTags
LogPluginManager: Mounting plugin AudioCapture
LogPluginManager: Mounting plugin CableComponent
LogPluginManager: Mounting plugin CustomMeshComponent
LogPluginManager: Mounting plugin EditableMesh
LogPluginManager: Mounting plugin ExampleDeviceProfileSelector
LogPluginManager: Mounting plugin GoogleCloudMessaging
LogPluginManager: Mounting plugin IOSDeviceProfileSelector
LogPluginManager: Mounting plugin LinuxDeviceProfileSelector
LogPluginManager: Mounting plugin LocationServicesBPLibrary
LogPluginManager: Mounting plugin MobilePatchingUtils
LogPluginManager: Mounting plugin OculusVR
LogPluginManager: Mounting plugin PhysXVehicles
LogPluginManager: Mounting plugin PostSplashScreen
LogPluginManager: Mounting plugin ProceduralMeshComponent
LogPluginManager: Mounting plugin RuntimePhysXCooking
LogPluginManager: Mounting plugin SignificanceManager
LogPluginManager: Mounting plugin SteamVR
LogPluginManager: Mounting plugin WebMMoviePlayer
LogPluginManager: Mounting plugin WindowsMoviePlayer
LogPluginManager: Mounting plugin ScreenshotTools
LogInit: Using libcurl 7.55.1-DEV
LogInit:  - built for x86_64-pc-win32
LogInit:  - supports SSL with OpenSSL/1.1.1
LogInit:  - supports HTTP deflate (compression) using libz 1.2.8
LogInit:  - other features:
LogInit:      CURL_VERSION_SSL
LogInit:      CURL_VERSION_LIBZ
LogInit:      CURL_VERSION_IPV6
LogInit:      CURL_VERSION_ASYNCHDNS
LogInit:      CURL_VERSION_LARGEFILE
LogInit:      CURL_VERSION_IDN
LogInit:  CurlRequestOptions (configurable via config and command line):
LogInit:  - bVerifyPeer = true  - Libcurl will verify peer certificate
LogInit:  - bUseHttpProxy = false  - Libcurl will NOT use HTTP proxy
LogInit:  - bDontReuseConnections = false  - Libcurl will reuse connections
LogInit:  - MaxHostConnections = 16  - Libcurl will limit the number of connections to a host
LogInit:  - LocalHostAddr = Default
LogInit:  - BufferSize = 65536
LogOnline: OSS: Creating online subsystem instance for: NULL
LogInit: WinSock: version 1.1 (2.2), MaxSocks=32767, MaxUdp=65467
LogOnline: OSS: TryLoadSubsystemAndSetDefault: Loaded subsystem for module [NULL]
LogInit: Build: ++UE4+Release-4.24-CL-10757647
LogInit: Engine Version: 4.24.1-10757647+++UE4+Release-4.24
LogInit: Compatible Engine Version: 4.24.0-10570792+++UE4+Release-4.24
LogInit: Net CL: 10570792
LogInit: OS: Windows 10 (Release 1809) (), CPU: Intel(R) Core(TM) i7-8700 CPU @ 3.20GHz, GPU: NVIDIA GeForce RTX 2080
LogInit: Compiled (64-bit): Dec 17 2019 02:08:03
LogInit: Compiled with Visual C++: 19.16.27032.01
LogInit: Build Configuration: Development
LogInit: Branch Name: ++UE4+Release-4.24
LogInit: Command Line:  -skipcompile
LogInit: Base Directory: C:/Program Files/Epic Games/UE_4.24/Engine/Binaries/Win64/
LogInit: Installed Engine Build: 1
LogDevObjectVersion: Number of dev versions registered: 25
LogDevObjectVersion:   Dev-Blueprints (B0D832E4-1F89-4F0D-ACCF-7EB736FD4AA2): 10
LogDevObjectVersion:   Dev-Build (E1C64328-A22C-4D53-A36C-8E866417BD8C): 0
LogDevObjectVersion:   Dev-Core (375EC13C-06E4-48FB-B500-84F0262A717E): 3
LogDevObjectVersion:   Dev-Editor (E4B068ED-F494-42E9-A231-DA0B2E46BB41): 37
LogDevObjectVersion:   Dev-Framework (CFFC743F-43B0-4480-9391-14DF171D2073): 36
LogDevObjectVersion:   Dev-Mobile (B02B49B5-BB20-44E9-A304-32B752E40360): 2
LogDevObjectVersion:   Dev-Networking (A4E4105C-59A1-49B5-A7C5-40C4547EDFEE): 0
LogDevObjectVersion:   Dev-Online (39C831C9-5AE6-47DC-9A44-9C173E1C8E7C): 0
LogDevObjectVersion:   Dev-Physics (78F01B33-EBEA-4F98-B9B4-84EACCB95AA2): 2
LogDevObjectVersion:   Dev-Platform (6631380F-2D4D-43E0-8009-CF276956A95A): 0
LogDevObjectVersion:   Dev-Rendering (12F88B9F-8875-4AFC-A67C-D90C383ABD29): 36
LogDevObjectVersion:   Dev-Sequencer (7B5AE74C-D270-4C10-A958-57980B212A5A): 11
LogDevObjectVersion:   Dev-VR (D7296918-1DD6-4BDD-9DE2-64A83CC13884): 2
LogDevObjectVersion:   Dev-LoadTimes (C2A15278-BFE7-4AFE-6C17-90FF531DF755): 1
LogDevObjectVersion:   Private-Geometry (6EACA3D4-40EC-4CC1-B786-8BED09428FC5): 3
LogDevObjectVersion:   Dev-AnimPhys (29E575DD-E0A3-4627-9D10-D276232CDCEA): 17
LogDevObjectVersion:   Dev-Anim (AF43A65D-7FD3-4947-9873-3E8ED9C1BB05): 2
LogDevObjectVersion:   Dev-ReflectionCapture (6B266CEC-1EC7-4B8F-A30B-E4D90942FC07): 1
LogDevObjectVersion:   Dev-Automation (0DF73D61-A23F-47EA-B727-89E90C41499A): 1
LogDevObjectVersion:   FortniteMain (601D1886-AC64-4F84-AA16-D3DE0DEAC7D6): 31
LogDevObjectVersion:   Dev-Enterprise (9DFFBCD6-494F-0158-E221-12823C92A888): 8
LogDevObjectVersion:   Dev-Niagara (F2AED0AC-9AFE-416F-8664-AA7FFA26D6FC): 1
LogDevObjectVersion:   Dev-Destruction (174F1F0B-B4C6-45A5-B13F-2EE8D0FB917D): 9
LogDevObjectVersion:   Dev-Physics-Ext (35F94A83-E258-406C-A318-09F59610247C): 8
LogDevObjectVersion:   Dev-CineCamera (B2E18506-4273-CFC2-A54E-F4BB758BBA07): 1
LogInit: Presizing for max 25165824 objects, including 0 objects not considered by GC, pre-allocating 0 bytes for permanent pool.
LogInit: Object subsystem initialized
LogConfig: Setting CVar [[con.DebugEarlyDefault:1]]
LogConfig: Setting CVar [[r.setres:1280x720]]
[2020.01.31-10.15.26:904][  0]LogConfig: Setting CVar [[r.VSync:0]]
[2020.01.31-10.15.26:904][  0]LogConfig: Setting CVar [[r.RHICmdBypass:0]]
[2020.01.31-10.15.26:904][  0]LogConfig: Applying CVar settings from Section [/Script/Engine.RendererSettings] File [F:/Year 4/3D Games Prototyping/MyProject/Saved/Config/Windows/Engine.ini]
[2020.01.31-10.15.26:904][  0]LogConfig: Setting CVar [[r.GPUCrashDebugging:0]]
[2020.01.31-10.15.26:904][  0]LogConfig: Applying CVar settings from Section [/Script/Engine.RendererOverrideSettings] File [F:/Year 4/3D Games Prototyping/MyProject/Saved/Config/Windows/Engine.ini]
[2020.01.31-10.15.26:904][  0]LogConfig: Applying CVar settings from Section [/Script/Engine.StreamingSettings] File [F:/Year 4/3D Games Prototyping/MyProject/Saved/Config/Windows/Engine.ini]
[2020.01.31-10.15.26:904][  0]LogConfig: Setting CVar [[s.MinBulkDataSizeForAsyncLoading:131072]]
[2020.01.31-10.15.26:905][  0]LogConfig: Setting CVar [[s.AsyncLoadingThreadEnabled:0]]
[2020.01.31-10.15.26:905][  0]LogConfig: Setting CVar [[s.EventDrivenLoaderEnabled:1]]
[2020.01.31-10.15.26:905][  0]LogConfig: Setting CVar [[s.WarnIfTimeLimitExceeded:0]]
[2020.01.31-10.15.26:905][  0]LogConfig: Setting CVar [[s.TimeLimitExceededMultiplier:1.5]]
[2020.01.31-10.15.26:905][  0]LogConfig: Setting CVar [[s.TimeLimitExceededMinTime:0.005]]
[2020.01.31-10.15.26:905][  0]LogConfig: Setting CVar [[s.UseBackgroundLevelStreaming:1]]
[2020.01.31-10.15.26:905][  0]LogConfig: Setting CVar [[s.PriorityAsyncLoadingExtraTime:15.0]]
[2020.01.31-10.15.26:905][  0]LogConfig: Setting CVar [[s.LevelStreamingActorsUpdateTimeLimit:5.0]]
[2020.01.31-10.15.26:905][  0]LogConfig: Setting CVar [[s.PriorityLevelStreamingActorsUpdateExtraTime:5.0]]
[2020.01.31-10.15.26:905][  0]LogConfig: Setting CVar [[s.LevelStreamingComponentsRegistrationGranularity:10]]
[2020.01.31-10.15.26:905][  0]LogConfig: Setting CVar [[s.UnregisterComponentsTimeLimit:1.0]]
[2020.01.31-10.15.26:905][  0]LogConfig: Setting CVar [[s.LevelStreamingComponentsUnregistrationGranularity:5]]
[2020.01.31-10.15.26:905][  0]LogConfig: Setting CVar [[s.FlushStreamingOnExit:1]]
[2020.01.31-10.15.26:905][  0]LogConfig: Applying CVar settings from Section [/Script/Engine.GarbageCollectionSettings] File [F:/Year 4/3D Games Prototyping/MyProject/Saved/Config/Windows/Engine.ini]
[2020.01.31-10.15.26:905][  0]LogConfig: Setting CVar [[gc.MaxObjectsNotConsideredByGC:1]]
[2020.01.31-10.15.26:905][  0]LogConfig: Setting CVar [[gc.SizeOfPermanentObjectPool:0]]
[2020.01.31-10.15.26:905][  0]LogConfig: Setting CVar [[gc.FlushStreamingOnGC:0]]
[2020.01.31-10.15.26:905][  0]LogConfig: Setting CVar [[gc.NumRetriesBeforeForcingGC:10]]
[2020.01.31-10.15.26:905][  0]LogConfig: Setting CVar [[gc.AllowParallelGC:1]]
[2020.01.31-10.15.26:905][  0]LogConfig: Setting CVar [[gc.TimeBetweenPurgingPendingKillObjects:61.1]]
[2020.01.31-10.15.26:905][  0]LogConfig: Setting CVar [[gc.MaxObjectsInEditor:25165824]]
[2020.01.31-10.15.26:905][  0]LogConfig: Setting CVar [[gc.IncrementalBeginDestroyEnabled:1]]
[2020.01.31-10.15.26:905][  0]LogConfig: Setting CVar [[gc.CreateGCClusters:1]]
[2020.01.31-10.15.26:905][  0]LogConfig: Setting CVar [[gc.MinGCClusterSize:5]]
[2020.01.31-10.15.26:905][  0]LogConfig: Setting CVar [[gc.ActorClusteringEnabled:0]]
[2020.01.31-10.15.26:905][  0]LogConfig: Setting CVar [[gc.BlueprintClusteringEnabled:0]]
[2020.01.31-10.15.26:905][  0]LogConfig: Setting CVar [[gc.UseDisregardForGCOnDedicatedServers:0]]
[2020.01.31-10.15.26:905][  0]LogConfig: Applying CVar settings from Section [/Script/Engine.NetworkSettings] File [F:/Year 4/3D Games Prototyping/MyProject/Saved/Config/Windows/Engine.ini]
[2020.01.31-10.15.26:905][  0]LogConfig: Applying CVar settings from Section [/Script/UnrealEd.CookerSettings] File [F:/Year 4/3D Games Prototyping/MyProject/Saved/Config/Windows/Engine.ini]
[2020.01.31-10.15.26:912][  0]LogConfig: Applying CVar settings from Section [ViewDistanceQuality@3] File [F:/Year 4/3D Games Prototyping/MyProject/Saved/Config/Windows/Scalability.ini]
[2020.01.31-10.15.26:912][  0]LogConfig: Setting CVar [[r.SkeletalMeshLODBias:0]]
[2020.01.31-10.15.26:912][  0]LogConfig: Setting CVar [[r.ViewDistanceScale:1.0]]
[2020.01.31-10.15.26:912][  0]LogConfig: Applying CVar settings from Section [AntiAliasingQuality@3] File [F:/Year 4/3D Games Prototyping/MyProject/Saved/Config/Windows/Scalability.ini]
[2020.01.31-10.15.26:912][  0]LogConfig: Setting CVar [[r.PostProcessAAQuality:4]]
[2020.01.31-10.15.26:912][  0]LogConfig: Applying CVar settings from Section [ShadowQuality@3] File [F:/Year 4/3D Games Prototyping/MyProject/Saved/Config/Windows/Scalability.ini]
[2020.01.31-10.15.26:912][  0]LogConfig: Setting CVar [[r.LightFunctionQuality:1]]
[2020.01.31-10.15.26:912][  0]LogConfig: Setting CVar [[r.ShadowQuality:5]]
[2020.01.31-10.15.26:912][  0]LogConfig: Setting CVar [[r.Shadow.CSM.MaxCascades:10]]
[2020.01.31-10.15.26:912][  0]LogConfig: Setting CVar [[r.Shadow.MaxResolution:2048]]
[2020.01.31-10.15.26:912][  0]LogConfig: Setting CVar [[r.Shadow.MaxCSMResolution:2048]]
[2020.01.31-10.15.26:912][  0]LogConfig: Setting CVar [[r.Shadow.RadiusThreshold:0.01]]
[2020.01.31-10.15.26:913][  0]LogConfig: Setting CVar [[r.Shadow.DistanceScale:1.0]]
[2020.01.31-10.15.26:913][  0]LogConfig: Setting CVar [[r.Shadow.CSM.TransitionScale:1.0]]
[2020.01.31-10.15.26:913][  0]LogConfig: Setting CVar [[r.Shadow.PreShadowResolutionFactor:1.0]]
[2020.01.31-10.15.26:913][  0]LogConfig: Setting CVar [[r.DistanceFieldShadowing:1]]
[2020.01.31-10.15.26:913][  0]LogConfig: Setting CVar [[r.DistanceFieldAO:1]]
[2020.01.31-10.15.26:913][  0]LogConfig: Setting CVar [[r.AOQuality:2]]
[2020.01.31-10.15.26:913][  0]LogConfig: Setting CVar [[r.VolumetricFog:1]]
[2020.01.31-10.15.26:913][  0]LogConfig: Setting CVar [[r.VolumetricFog.GridPixelSize:8]]
[2020.01.31-10.15.26:913][  0]LogConfig: Setting CVar [[r.VolumetricFog.GridSizeZ:128]]
[2020.01.31-10.15.26:913][  0]LogConfig: Setting CVar [[r.VolumetricFog.HistoryMissSupersampleCount:4]]
[2020.01.31-10.15.26:913][  0]LogConfig: Setting CVar [[r.LightMaxDrawDistanceScale:1]]
[2020.01.31-10.15.26:913][  0]LogConfig: Setting CVar [[r.CapsuleShadows:1]]
[2020.01.31-10.15.26:913][  0]LogConfig: Applying CVar settings from Section [PostProcessQuality@3] File [F:/Year 4/3D Games Prototyping/MyProject/Saved/Config/Windows/Scalability.ini]
[2020.01.31-10.15.26:913][  0]LogConfig: Setting CVar [[r.MotionBlurQuality:4]]
[2020.01.31-10.15.26:913][  0]LogConfig: Setting CVar [[r.AmbientOcclusionMipLevelFactor:0.4]]
[2020.01.31-10.15.26:913][  0]LogConfig: Setting CVar [[r.AmbientOcclusionMaxQuality:100]]
[2020.01.31-10.15.26:913][  0]LogConfig: Setting CVar [[r.AmbientOcclusionLevels:-1]]
[2020.01.31-10.15.26:913][  0]LogConfig: Setting CVar [[r.AmbientOcclusionRadiusScale:1.0]]
[2020.01.31-10.15.26:913][  0]LogConfig: Setting CVar [[r.DepthOfFieldQuality:2]]
[2020.01.31-10.15.26:913][  0]LogConfig: Setting CVar [[r.RenderTargetPoolMin:400]]
[2020.01.31-10.15.26:913][  0]LogConfig: Setting CVar [[r.LensFlareQuality:2]]
[2020.01.31-10.15.26:913][  0]LogConfig: Setting CVar [[r.SceneColorFringeQuality:1]]
[2020.01.31-10.15.26:913][  0]LogConfig: Setting CVar [[r.EyeAdaptationQuality:2]]
[2020.01.31-10.15.26:913][  0]LogConfig: Setting CVar [[r.BloomQuality:5]]
[2020.01.31-10.15.26:913][  0]LogConfig: Setting CVar [[r.FastBlurThreshold:100]]
[2020.01.31-10.15.26:913][  0]LogConfig: Setting CVar [[r.Upscale.Quality:3]]
[2020.01.31-10.15.26:913][  0]LogConfig: Setting CVar [[r.Tonemapper.GrainQuantization:1]]
[2020.01.31-10.15.26:913][  0]LogConfig: Setting CVar [[r.LightShaftQuality:1]]
[2020.01.31-10.15.26:914][  0]LogConfig: Setting CVar [[r.Filter.SizeScale:1]]
[2020.01.31-10.15.26:914][  0]LogConfig: Setting CVar [[r.Tonemapper.Quality:5]]
[2020.01.31-10.15.26:914][  0]LogConfig: Setting CVar [[r.DOF.Gather.AccumulatorQuality:1        ; higher gathering accumulator quality]]
[2020.01.31-10.15.26:914][  0]LogConfig: Setting CVar [[r.DOF.Gather.PostfilterMethod:1          ; Median3x3 postfilering method]]
[2020.01.31-10.15.26:914][  0]LogConfig: Setting CVar [[r.DOF.Gather.EnableBokehSettings:0       ; no bokeh simulation when gathering]]
[2020.01.31-10.15.26:914][  0]LogConfig: Setting CVar [[r.DOF.Gather.RingCount:4                 ; medium number of samples when gathering]]
[2020.01.31-10.15.26:914][  0]LogConfig: Setting CVar [[r.DOF.Scatter.ForegroundCompositing:1    ; additive foreground scattering]]
[2020.01.31-10.15.26:914][  0]LogConfig: Setting CVar [[r.DOF.Scatter.BackgroundCompositing:2    ; additive background scattering]]
[2020.01.31-10.15.26:914][  0]LogConfig: Setting CVar [[r.DOF.Scatter.EnableBokehSettings:1      ; bokeh simulation when scattering]]
[2020.01.31-10.15.26:914][  0]LogConfig: Setting CVar [[r.DOF.Scatter.MaxSpriteRatio:0.1         ; only a maximum of 10% of scattered bokeh]]
[2020.01.31-10.15.26:914][  0]LogConfig: Setting CVar [[r.DOF.Recombine.Quality:1                ; cheap slight out of focus]]
[2020.01.31-10.15.26:914][  0]LogConfig: Setting CVar [[r.DOF.Recombine.EnableBokehSettings:0    ; no bokeh simulation on slight out of focus]]
[2020.01.31-10.15.26:914][  0]LogConfig: Setting CVar [[r.DOF.TemporalAAQuality:1                ; more stable temporal accumulation]]
[2020.01.31-10.15.26:914][  0]LogConfig: Setting CVar [[r.DOF.Kernel.MaxForegroundRadius:0.025]]
[2020.01.31-10.15.26:914][  0]LogConfig: Setting CVar [[r.DOF.Kernel.MaxBackgroundRadius:0.025]]
[2020.01.31-10.15.26:914][  0]LogConfig: Applying CVar settings from Section [TextureQuality@3] File [F:/Year 4/3D Games Prototyping/MyProject/Saved/Config/Windows/Scalability.ini]
[2020.01.31-10.15.26:914][  0]LogConfig: Setting CVar [[r.Streaming.MipBias:0]]
[2020.01.31-10.15.26:914][  0]LogConfig: Setting CVar [[r.Streaming.AmortizeCPUToGPUCopy:0]]
[2020.01.31-10.15.26:914][  0]LogConfig: Setting CVar [[r.Streaming.MaxNumTexturesToStreamPerFrame:0]]
[2020.01.31-10.15.26:914][  0]LogConfig: Setting CVar [[r.Streaming.Boost:1]]
[2020.01.31-10.15.26:914][  0]LogConfig: Setting CVar [[r.MaxAnisotropy:8]]
[2020.01.31-10.15.26:914][  0]LogConfig: Setting CVar [[r.VT.MaxAnisotropy:8]]
[2020.01.31-10.15.26:914][  0]LogConfig: Setting CVar [[r.Streaming.LimitPoolSizeToVRAM:0]]
[2020.01.31-10.15.26:914][  0]LogConfig: Setting CVar [[r.Streaming.PoolSize:1000]]
[2020.01.31-10.15.26:914][  0]LogConfig: Setting CVar [[r.Streaming.MaxEffectiveScreenSize:0]]
[2020.01.31-10.15.26:914][  0]LogConfig: Applying CVar settings from Section [EffectsQuality@3] File [F:/Year 4/3D Games Prototyping/MyProject/Saved/Config/Windows/Scalability.ini]
[2020.01.31-10.15.26:914][  0]LogConfig: Setting CVar [[r.TranslucencyLightingVolumeDim:64]]
[2020.01.31-10.15.26:914][  0]LogConfig: Setting CVar [[r.RefractionQuality:2]]
[2020.01.31-10.15.26:914][  0]LogConfig: Setting CVar [[r.SSR.Quality:3]]
[2020.01.31-10.15.26:914][  0]LogConfig: Setting CVar [[r.SSR.HalfResSceneColor:0]]
[2020.01.31-10.15.26:915][  0]LogConfig: Setting CVar [[r.SceneColorFormat:4]]
[2020.01.31-10.15.26:915][  0]LogConfig: Setting CVar [[r.DetailMode:2]]
[2020.01.31-10.15.26:915][  0]LogConfig: Setting CVar [[r.TranslucencyVolumeBlur:1]]
[2020.01.31-10.15.26:915][  0]LogConfig: Setting CVar [[r.MaterialQualityLevel:1 ; High quality]]
[2020.01.31-10.15.26:915][  0]LogConfig: Setting CVar [[r.SSS.Scale:1]]
[2020.01.31-10.15.26:915][  0]LogConfig: Setting CVar [[r.SSS.SampleSet:2]]
[2020.01.31-10.15.26:915][  0]LogConfig: Setting CVar [[r.SSS.Quality:1]]
[2020.01.31-10.15.26:915][  0]LogConfig: Setting CVar [[r.SSS.HalfRes:1]]
[2020.01.31-10.15.26:915][  0]LogConfig: Setting CVar [[r.SSGI.Quality:3]]
[2020.01.31-10.15.26:915][  0]LogConfig: Setting CVar [[r.EmitterSpawnRateScale:1.0]]
[2020.01.31-10.15.26:915][  0]LogConfig: Setting CVar [[r.ParticleLightQuality:2]]
[2020.01.31-10.15.26:915][  0]LogConfig: Setting CVar [[r.SkyAtmosphere.AerialPerspectiveLUT.FastApplyOnOpaque:1 ; Always have FastSkyLUT 1 in this case to avoid wrong sky]]
[2020.01.31-10.15.26:915][  0]LogConfig: Setting CVar [[r.SkyAtmosphere.AerialPerspectiveLUT.SampleCountPerSlice:1]]
[2020.01.31-10.15.26:915][  0]LogConfig: Setting CVar [[r.SkyAtmosphere.AerialPerspectiveLUT.DepthResolution:16.0]]
[2020.01.31-10.15.26:915][  0]LogConfig: Setting CVar [[r.SkyAtmosphere.FastSkyLUT:1]]
[2020.01.31-10.15.26:915][  0]LogConfig: Setting CVar [[r.SkyAtmosphere.FastSkyLUT.SampleCountMin:4.0]]
[2020.01.31-10.15.26:915][  0]LogConfig: Setting CVar [[r.SkyAtmosphere.FastSkyLUT.SampleCountMax:32.0]]
[2020.01.31-10.15.26:915][  0]LogConfig: Setting CVar [[r.SkyAtmosphere.SampleCountMin:4.0]]
[2020.01.31-10.15.26:915][  0]LogConfig: Setting CVar [[r.SkyAtmosphere.SampleCountMax:32.0]]
[2020.01.31-10.15.26:915][  0]LogConfig: Setting CVar [[r.SkyAtmosphere.TransmittanceLUT.UseSmallFormat:0]]
[2020.01.31-10.15.26:915][  0]LogConfig: Setting CVar [[r.SkyAtmosphere.TransmittanceLUT.SampleCount:10.0]]
[2020.01.31-10.15.26:915][  0]LogConfig: Setting CVar [[r.SkyAtmosphere.MultiScatteringLUT.SampleCount:15.0]]
[2020.01.31-10.15.26:915][  0]LogConfig: Applying CVar settings from Section [FoliageQuality@3] File [F:/Year 4/3D Games Prototyping/MyProject/Saved/Config/Windows/Scalability.ini]
[2020.01.31-10.15.26:915][  0]LogConfig: Setting CVar [[foliage.DensityScale:1.0]]
[2020.01.31-10.15.26:915][  0]LogConfig: Setting CVar [[grass.DensityScale:1.0]]
[2020.01.31-10.15.26:915][  0]LogConfig: Applying CVar settings from Section [ShadingQuality@3] File [F:/Year 4/3D Games Prototyping/MyProject/Saved/Config/Windows/Scalability.ini]
[2020.01.31-10.15.26:915][  0]LogConfig: Setting CVar [[r.HairStrands.SkyLighting.SampleCount:16]]
[2020.01.31-10.15.26:915][  0]LogConfig: Setting CVar [[r.HairStrands.SkyLighting.JitterIntegration:0]]
[2020.01.31-10.15.26:916][  0]LogConfig: Setting CVar [[r.HairStrands.SkyAO.SampleCount:16]]
[2020.01.31-10.15.26:916][  0]LogInit: Selected Device Profile: [Windows]
[2020.01.31-10.15.26:916][  0]LogInit: Applying CVar settings loaded from the selected device profile: [Windows]
[2020.01.31-10.15.26:950][  0]LogHAL: Display: Platform has ~ 32 GB [33658544128 / 34359738368 / 32], which maps to Largest [LargestMinGB=32, LargerMinGB=12, DefaultMinGB=8, SmallerMinGB=6, SmallestMinGB=0)
[2020.01.31-10.15.26:950][  0]LogInit: Going up to parent DeviceProfile []
[2020.01.31-10.15.26:950][  0]LogConfig: Applying CVar settings from Section [ViewDistanceQuality@3] File [F:/Year 4/3D Games Prototyping/MyProject/Saved/Config/Windows/Scalability.ini]
[2020.01.31-10.15.26:950][  0]LogConfig: Setting CVar [[r.SkeletalMeshLODBias:0]]
[2020.01.31-10.15.26:950][  0]LogConfig: Setting CVar [[r.ViewDistanceScale:1.0]]
[2020.01.31-10.15.26:950][  0]LogConfig: Applying CVar settings from Section [AntiAliasingQuality@3] File [F:/Year 4/3D Games Prototyping/MyProject/Saved/Config/Windows/Scalability.ini]
[2020.01.31-10.15.26:950][  0]LogConfig: Setting CVar [[r.PostProcessAAQuality:4]]
[2020.01.31-10.15.26:950][  0]LogConfig: Applying CVar settings from Section [ShadowQuality@3] File [F:/Year 4/3D Games Prototyping/MyProject/Saved/Config/Windows/Scalability.ini]
[2020.01.31-10.15.26:950][  0]LogConfig: Setting CVar [[r.LightFunctionQuality:1]]
[2020.01.31-10.15.26:950][  0]LogConfig: Setting CVar [[r.ShadowQuality:5]]
[2020.01.31-10.15.26:950][  0]LogConfig: Setting CVar [[r.Shadow.CSM.MaxCascades:10]]
[2020.01.31-10.15.26:950][  0]LogConfig: Setting CVar [[r.Shadow.MaxResolution:2048]]
[2020.01.31-10.15.26:950][  0]LogConfig: Setting CVar [[r.Shadow.MaxCSMResolution:2048]]
[2020.01.31-10.15.26:950][  0]LogConfig: Setting CVar [[r.Shadow.RadiusThreshold:0.01]]
[2020.01.31-10.15.26:951][  0]LogConfig: Setting CVar [[r.Shadow.DistanceScale:1.0]]
[2020.01.31-10.15.26:951][  0]LogConfig: Setting CVar [[r.Shadow.CSM.TransitionScale:1.0]]
[2020.01.31-10.15.26:951][  0]LogConfig: Setting CVar [[r.Shadow.PreShadowResolutionFactor:1.0]]
[2020.01.31-10.15.26:951][  0]LogConfig: Setting CVar [[r.DistanceFieldShadowing:1]]
[2020.01.31-10.15.26:951][  0]LogConfig: Setting CVar [[r.DistanceFieldAO:1]]
[2020.01.31-10.15.26:951][  0]LogConfig: Setting CVar [[r.AOQuality:2]]
[2020.01.31-10.15.26:951][  0]LogConfig: Setting CVar [[r.VolumetricFog:1]]
[2020.01.31-10.15.26:951][  0]LogConfig: Setting CVar [[r.VolumetricFog.GridPixelSize:8]]
[2020.01.31-10.15.26:951][  0]LogConfig: Setting CVar [[r.VolumetricFog.GridSizeZ:128]]
[2020.01.31-10.15.26:951][  0]LogConfig: Setting CVar [[r.VolumetricFog.HistoryMissSupersampleCount:4]]
[2020.01.31-10.15.26:951][  0]LogConfig: Setting CVar [[r.LightMaxDrawDistanceScale:1]]
[2020.01.31-10.15.26:951][  0]LogConfig: Setting CVar [[r.CapsuleShadows:1]]
[2020.01.31-10.15.26:951][  0]LogConfig: Applying CVar settings from Section [PostProcessQuality@3] File [F:/Year 4/3D Games Prototyping/MyProject/Saved/Config/Windows/Scalability.ini]
[2020.01.31-10.15.26:951][  0]LogConfig: Setting CVar [[r.MotionBlurQuality:4]]
[2020.01.31-10.15.26:951][  0]LogConfig: Setting CVar [[r.AmbientOcclusionMipLevelFactor:0.4]]
[2020.01.31-10.15.26:951][  0]LogConfig: Setting CVar [[r.AmbientOcclusionMaxQuality:100]]
[2020.01.31-10.15.26:951][  0]LogConfig: Setting CVar [[r.AmbientOcclusionLevels:-1]]
[2020.01.31-10.15.26:951][  0]LogConfig: Setting CVar [[r.AmbientOcclusionRadiusScale:1.0]]
[2020.01.31-10.15.26:951][  0]LogConfig: Setting CVar [[r.DepthOfFieldQuality:2]]
[2020.01.31-10.15.26:951][  0]LogConfig: Setting CVar [[r.RenderTargetPoolMin:400]]
[2020.01.31-10.15.26:951][  0]LogConfig: Setting CVar [[r.LensFlareQuality:2]]
[2020.01.31-10.15.26:951][  0]LogConfig: Setting CVar [[r.SceneColorFringeQuality:1]]
[2020.01.31-10.15.26:951][  0]LogConfig: Setting CVar [[r.EyeAdaptationQuality:2]]
[2020.01.31-10.15.26:951][  0]LogConfig: Setting CVar [[r.BloomQuality:5]]
[2020.01.31-10.15.26:951][  0]LogConfig: Setting CVar [[r.FastBlurThreshold:100]]
[2020.01.31-10.15.26:951][  0]LogConfig: Setting CVar [[r.Upscale.Quality:3]]
[2020.01.31-10.15.26:952][  0]LogConfig: Setting CVar [[r.Tonemapper.GrainQuantization:1]]
[2020.01.31-10.15.26:952][  0]LogConfig: Setting CVar [[r.LightShaftQuality:1]]
[2020.01.31-10.15.26:952][  0]LogConfig: Setting CVar [[r.Filter.SizeScale:1]]
[2020.01.31-10.15.26:952][  0]LogConfig: Setting CVar [[r.Tonemapper.Quality:5]]
[2020.01.31-10.15.26:952][  0]LogConfig: Setting CVar [[r.DOF.Gather.AccumulatorQuality:1        ; higher gathering accumulator quality]]
[2020.01.31-10.15.26:952][  0]LogConfig: Setting CVar [[r.DOF.Gather.PostfilterMethod:1          ; Median3x3 postfilering method]]
[2020.01.31-10.15.26:952][  0]LogConfig: Setting CVar [[r.DOF.Gather.EnableBokehSettings:0       ; no bokeh simulation when gathering]]
[2020.01.31-10.15.26:952][  0]LogConfig: Setting CVar [[r.DOF.Gather.RingCount:4                 ; medium number of samples when gathering]]
[2020.01.31-10.15.26:952][  0]LogConfig: Setting CVar [[r.DOF.Scatter.ForegroundCompositing:1    ; additive foreground scattering]]
[2020.01.31-10.15.26:952][  0]LogConfig: Setting CVar [[r.DOF.Scatter.BackgroundCompositing:2    ; additive background scattering]]
[2020.01.31-10.15.26:952][  0]LogConfig: Setting CVar [[r.DOF.Scatter.EnableBokehSettings:1      ; bokeh simulation when scattering]]
[2020.01.31-10.15.26:952][  0]LogConfig: Setting CVar [[r.DOF.Scatter.MaxSpriteRatio:0.1         ; only a maximum of 10% of scattered bokeh]]
[2020.01.31-10.15.26:952][  0]LogConfig: Setting CVar [[r.DOF.Recombine.Quality:1                ; cheap slight out of focus]]
[2020.01.31-10.15.26:952][  0]LogConfig: Setting CVar [[r.DOF.Recombine.EnableBokehSettings:0    ; no bokeh simulation on slight out of focus]]
[2020.01.31-10.15.26:952][  0]LogConfig: Setting CVar [[r.DOF.TemporalAAQuality:1                ; more stable temporal accumulation]]
[2020.01.31-10.15.26:952][  0]LogConfig: Setting CVar [[r.DOF.Kernel.MaxForegroundRadius:0.025]]
[2020.01.31-10.15.26:952][  0]LogConfig: Setting CVar [[r.DOF.Kernel.MaxBackgroundRadius:0.025]]
[2020.01.31-10.15.26:952][  0]LogConfig: Applying CVar settings from Section [TextureQuality@3] File [F:/Year 4/3D Games Prototyping/MyProject/Saved/Config/Windows/Scalability.ini]
[2020.01.31-10.15.26:952][  0]LogConfig: Setting CVar [[r.Streaming.MipBias:0]]
[2020.01.31-10.15.26:952][  0]LogConfig: Setting CVar [[r.Streaming.AmortizeCPUToGPUCopy:0]]
[2020.01.31-10.15.26:952][  0]LogConfig: Setting CVar [[r.Streaming.MaxNumTexturesToStreamPerFrame:0]]
[2020.01.31-10.15.26:952][  0]LogConfig: Setting CVar [[r.Streaming.Boost:1]]
[2020.01.31-10.15.26:952][  0]LogConfig: Setting CVar [[r.MaxAnisotropy:8]]
[2020.01.31-10.15.26:952][  0]LogConfig: Setting CVar [[r.VT.MaxAnisotropy:8]]
[2020.01.31-10.15.26:952][  0]LogConfig: Setting CVar [[r.Streaming.LimitPoolSizeToVRAM:0]]
[2020.01.31-10.15.26:952][  0]LogConfig: Setting CVar [[r.Streaming.PoolSize:1000]]
[2020.01.31-10.15.26:952][  0]LogConfig: Setting CVar [[r.Streaming.MaxEffectiveScreenSize:0]]
[2020.01.31-10.15.26:952][  0]LogConfig: Applying CVar settings from Section [EffectsQuality@3] File [F:/Year 4/3D Games Prototyping/MyProject/Saved/Config/Windows/Scalability.ini]
[2020.01.31-10.15.26:952][  0]LogConfig: Setting CVar [[r.TranslucencyLightingVolumeDim:64]]
[2020.01.31-10.15.26:952][  0]LogConfig: Setting CVar [[r.RefractionQuality:2]]
[2020.01.31-10.15.26:952][  0]LogConfig: Setting CVar [[r.SSR.Quality:3]]
[2020.01.31-10.15.26:953][  0]LogConfig: Setting CVar [[r.SSR.HalfResSceneColor:0]]
[2020.01.31-10.15.26:953][  0]LogConfig: Setting CVar [[r.SceneColorFormat:4]]
[2020.01.31-10.15.26:953][  0]LogConfig: Setting CVar [[r.DetailMode:2]]
[2020.01.31-10.15.26:953][  0]LogConfig: Setting CVar [[r.TranslucencyVolumeBlur:1]]
[2020.01.31-10.15.26:953][  0]LogConfig: Setting CVar [[r.MaterialQualityLevel:1 ; High quality]]
[2020.01.31-10.15.26:953][  0]LogConfig: Setting CVar [[r.SSS.Scale:1]]
[2020.01.31-10.15.26:953][  0]LogConfig: Setting CVar [[r.SSS.SampleSet:2]]
[2020.01.31-10.15.26:953][  0]LogConfig: Setting CVar [[r.SSS.Quality:1]]
[2020.01.31-10.15.26:953][  0]LogConfig: Setting CVar [[r.SSS.HalfRes:1]]
[2020.01.31-10.15.26:953][  0]LogConfig: Setting CVar [[r.SSGI.Quality:3]]
[2020.01.31-10.15.26:953][  0]LogConfig: Setting CVar [[r.EmitterSpawnRateScale:1.0]]
[2020.01.31-10.15.26:953][  0]LogConfig: Setting CVar [[r.ParticleLightQuality:2]]
[2020.01.31-10.15.26:953][  0]LogConfig: Setting CVar [[r.SkyAtmosphere.AerialPerspectiveLUT.FastApplyOnOpaque:1 ; Always have FastSkyLUT 1 in this case to avoid wrong sky]]
[2020.01.31-10.15.26:953][  0]LogConfig: Setting CVar [[r.SkyAtmosphere.AerialPerspectiveLUT.SampleCountPerSlice:1]]
[2020.01.31-10.15.26:953][  0]LogConfig: Setting CVar [[r.SkyAtmosphere.AerialPerspectiveLUT.DepthResolution:16.0]]
[2020.01.31-10.15.26:953][  0]LogConfig: Setting CVar [[r.SkyAtmosphere.FastSkyLUT:1]]
[2020.01.31-10.15.26:953][  0]LogConfig: Setting CVar [[r.SkyAtmosphere.FastSkyLUT.SampleCountMin:4.0]]
[2020.01.31-10.15.26:953][  0]LogConfig: Setting CVar [[r.SkyAtmosphere.FastSkyLUT.SampleCountMax:32.0]]
[2020.01.31-10.15.26:953][  0]LogConfig: Setting CVar [[r.SkyAtmosphere.SampleCountMin:4.0]]
[2020.01.31-10.15.26:953][  0]LogConfig: Setting CVar [[r.SkyAtmosphere.SampleCountMax:32.0]]
[2020.01.31-10.15.26:953][  0]LogConfig: Setting CVar [[r.SkyAtmosphere.TransmittanceLUT.UseSmallFormat:0]]
[2020.01.31-10.15.26:953][  0]LogConfig: Setting CVar [[r.SkyAtmosphere.TransmittanceLUT.SampleCount:10.0]]
[2020.01.31-10.15.26:953][  0]LogConfig: Setting CVar [[r.SkyAtmosphere.MultiScatteringLUT.SampleCount:15.0]]
[2020.01.31-10.15.26:953][  0]LogConfig: Applying CVar settings from Section [FoliageQuality@3] File [F:/Year 4/3D Games Prototyping/MyProject/Saved/Config/Windows/Scalability.ini]
[2020.01.31-10.15.26:953][  0]LogConfig: Setting CVar [[foliage.DensityScale:1.0]]
[2020.01.31-10.15.26:953][  0]LogConfig: Setting CVar [[grass.DensityScale:1.0]]
[2020.01.31-10.15.26:953][  0]LogConfig: Applying CVar settings from Section [ShadingQuality@3] File [F:/Year 4/3D Games Prototyping/MyProject/Saved/Config/Windows/Scalability.ini]
[2020.01.31-10.15.26:953][  0]LogConfig: Setting CVar [[r.HairStrands.SkyLighting.SampleCount:16]]
[2020.01.31-10.15.26:953][  0]LogConfig: Setting CVar [[r.HairStrands.SkyLighting.JitterIntegration:0]]
[2020.01.31-10.15.26:953][  0]LogConfig: Setting CVar [[r.HairStrands.SkyAO.SampleCount:16]]
[2020.01.31-10.15.26:954][  0]LogConfig: Applying CVar settings from Section [Startup] File [../../../Engine/Config/ConsoleVariables.ini]
[2020.01.31-10.15.26:954][  0]LogConfig: Setting CVar [[net.UseAdaptiveNetUpdateFrequency:0]]
[2020.01.31-10.15.26:954][  0]LogConfig: Setting CVar [[p.chaos.AllowCreatePhysxBodies:1]]
[2020.01.31-10.15.26:954][  0]LogConfig: Applying CVar settings from Section [ConsoleVariables] File [F:/Year 4/3D Games Prototyping/MyProject/Saved/Config/Windows/Engine.ini]
[2020.01.31-10.15.26:954][  0]LogInit: Computer: 9336-13L526340
[2020.01.31-10.15.26:954][  0]LogInit: User: b6017871
[2020.01.31-10.15.26:954][  0]LogInit: CPU Page size=4096, Cores=6
[2020.01.31-10.15.26:954][  0]LogInit: High frequency timer resolution =10.000000 MHz
[2020.01.31-10.15.26:954][  0]LogMemory: Memory total: Physical=31.3GB (32GB approx)
[2020.01.31-10.15.26:954][  0]LogMemory: Platform Memory Stats for Windows
[2020.01.31-10.15.26:954][  0]LogMemory: Process Physical Memory: 106.61 MB used, 106.61 MB peak
[2020.01.31-10.15.26:954][  0]LogMemory: Process Virtual Memory: 101.95 MB used, 101.95 MB peak
[2020.01.31-10.15.26:954][  0]LogMemory: Physical Memory: 9880.97 MB used,  22218.32 MB free, 32099.29 MB total
[2020.01.31-10.15.26:954][  0]LogMemory: Virtual Memory: 5175.39 MB used,  134212552.00 MB free, 134217728.00 MB total
[2020.01.31-10.15.26:959][  0]LogWindows: WindowsPlatformFeatures enabled
[2020.01.31-10.15.27:042][  0]LogInit: Using OS detected language (en-GB).
[2020.01.31-10.15.27:042][  0]LogInit: Using OS detected locale (en-GB).
[2020.01.31-10.15.27:043][  0]LogTextLocalizationManager: No specific localization for 'en-GB' exists, so the 'en' localization will be used.
[2020.01.31-10.15.27:157][  0]LogInit: Setting process to per monitor DPI aware
[2020.01.31-10.15.27:203][  0]LogSlate: New Slate User Created.  User Index 0, Is Virtual User: 0
[2020.01.31-10.15.27:203][  0]LogSlate: Slate User Registered.  User Index 0, Is Virtual User: 0
[2020.01.31-10.15.27:328][  0]LogHMD: Failed to initialize OpenVR with code 110
[2020.01.31-10.15.27:328][  0]LogD3D11RHI: D3D11 min allowed feature level: 11_0
[2020.01.31-10.15.27:328][  0]LogD3D11RHI: D3D11 max allowed feature level: 11_0
[2020.01.31-10.15.27:328][  0]LogD3D11RHI: D3D11 adapters:
[2020.01.31-10.15.27:403][  0]LogD3D11RHI:    0. 'NVIDIA GeForce RTX 2080' (Feature Level 11_0)
[2020.01.31-10.15.27:403][  0]LogD3D11RHI:       8010/0/16049 MB DedicatedVideo/DedicatedSystem/SharedSystem, Outputs:2, VendorId:0x10de
[2020.01.31-10.15.27:450][  0]LogD3D11RHI:    1. 'Intel(R) UHD Graphics 630' (Feature Level 11_0)
[2020.01.31-10.15.27:450][  0]LogD3D11RHI:       128/0/16049 MB DedicatedVideo/DedicatedSystem/SharedSystem, Outputs:0, VendorId:0x8086
[2020.01.31-10.15.27:454][  0]LogD3D11RHI:    2. 'Microsoft Basic Render Driver' (Feature Level 11_0)
[2020.01.31-10.15.27:454][  0]LogD3D11RHI:       0/0/16049 MB DedicatedVideo/DedicatedSystem/SharedSystem, Outputs:0, VendorId:0x1414
[2020.01.31-10.15.27:454][  0]LogD3D11RHI: Chosen D3D11 Adapter: 0
[2020.01.31-10.15.27:459][  0]LogD3D11RHI: Creating new Direct3DDevice
[2020.01.31-10.15.27:460][  0]LogD3D11RHI:     GPU DeviceId: 0x1e82 (for the marketing name, search the web for "GPU Device Id")
[2020.01.31-10.15.27:460][  0]LogWindows: EnumDisplayDevices:
[2020.01.31-10.15.27:460][  0]LogWindows:    0. 'NVIDIA GeForce RTX 2080' (P:1 D:1)
[2020.01.31-10.15.27:460][  0]LogWindows:    1. 'NVIDIA GeForce RTX 2080' (P:0 D:1)
[2020.01.31-10.15.27:461][  0]LogWindows:    2. 'NVIDIA GeForce RTX 2080' (P:0 D:0)
[2020.01.31-10.15.27:461][  0]LogWindows:    3. 'NVIDIA GeForce RTX 2080' (P:0 D:0)
[2020.01.31-10.15.27:461][  0]LogWindows:    4. 'Intel(R) UHD Graphics 630' (P:0 D:0)
[2020.01.31-10.15.27:462][  0]LogWindows:    5. 'Intel(R) UHD Graphics 630' (P:0 D:0)
[2020.01.31-10.15.27:462][  0]LogWindows:    6. 'Intel(R) UHD Graphics 630' (P:0 D:0)
[2020.01.31-10.15.27:462][  0]LogWindows: DebugString: PrimaryIsNotTheChoosenAdapter PrimaryIsNotTheChoosenAdapter PrimaryIsNotTheChoosenAdapter FoundDriverCount:4 
[2020.01.31-10.15.27:462][  0]LogD3D11RHI:     Adapter Name: NVIDIA GeForce RTX 2080
[2020.01.31-10.15.27:462][  0]LogD3D11RHI:   Driver Version: 411.70 (internal:24.21.14.1170, unified:411.70)
[2020.01.31-10.15.27:463][  0]LogD3D11RHI:      Driver Date: 9-25-2018
[2020.01.31-10.15.27:463][  0]LogRHI: Texture pool is 5607 MB (70% of 8010 MB)
[2020.01.31-10.15.27:507][  0]LogD3D11RHI: RHI has support for 64 bit atomics
[2020.01.31-10.15.27:507][  0]LogD3D11RHI: Async texture creation enabled
[2020.01.31-10.15.27:522][  0]LogD3D11RHI: GPU Timing Frequency: 1000.000000 (Debug: 2 2)
[2020.01.31-10.15.27:801][  0]LogTargetPlatformManager: Display: Loaded TargetPlatform 'AllDesktop'
[2020.01.31-10.15.27:842][  0]LogTargetPlatformManager: Display: Loaded TargetPlatform 'Android'
[2020.01.31-10.15.27:842][  0]LogTargetPlatformManager: Display: Loaded TargetPlatform 'Android_ASTC'
[2020.01.31-10.15.27:842][  0]LogTargetPlatformManager: Display: Loaded TargetPlatform 'Android_ATC'
[2020.01.31-10.15.27:842][  0]LogTargetPlatformManager: Display: Loaded TargetPlatform 'Android_DXT'
[2020.01.31-10.15.27:842][  0]LogTargetPlatformManager: Display: Loaded TargetPlatform 'Android_ETC1'
[2020.01.31-10.15.27:842][  0]LogTargetPlatformManager: Display: Loaded TargetPlatform 'Android_ETC1a'
[2020.01.31-10.15.27:842][  0]LogTargetPlatformManager: Display: Loaded TargetPlatform 'Android_ETC2'
[2020.01.31-10.15.27:842][  0]LogTargetPlatformManager: Display: Loaded TargetPlatform 'Android_PVRTC'
[2020.01.31-10.15.27:842][  0]LogTargetPlatformManager: Display: Loaded TargetPlatform 'AndroidClient'
[2020.01.31-10.15.27:842][  0]LogTargetPlatformManager: Display: Loaded TargetPlatform 'Android_ASTCClient'
[2020.01.31-10.15.27:842][  0]LogTargetPlatformManager: Display: Loaded TargetPlatform 'Android_ATCClient'
[2020.01.31-10.15.27:842][  0]LogTargetPlatformManager: Display: Loaded TargetPlatform 'Android_DXTClient'
[2020.01.31-10.15.27:842][  0]LogTargetPlatformManager: Display: Loaded TargetPlatform 'Android_ETC1Client'
[2020.01.31-10.15.27:842][  0]LogTargetPlatformManager: Display: Loaded TargetPlatform 'Android_ETC1aClient'
[2020.01.31-10.15.27:842][  0]LogTargetPlatformManager: Display: Loaded TargetPlatform 'Android_ETC2Client'
[2020.01.31-10.15.27:842][  0]LogTargetPlatformManager: Display: Loaded TargetPlatform 'Android_PVRTCClient'
[2020.01.31-10.15.27:842][  0]LogTargetPlatformManager: Display: Loaded TargetPlatform 'Android_Multi'
[2020.01.31-10.15.27:842][  0]LogTargetPlatformManager: Display: Loaded TargetPlatform 'Android_MultiClient'
[2020.01.31-10.15.27:879][  0]LogTargetPlatformManager: Display: Loaded TargetPlatform 'IOSClient'
[2020.01.31-10.15.27:879][  0]LogTargetPlatformManager: Display: Loaded TargetPlatform 'IOS'
[2020.01.31-10.15.27:895][  0]LogTargetPlatformManager: Display: Loaded TargetPlatform 'LinuxNoEditor'
[2020.01.31-10.15.27:912][  0]LogTargetPlatformManager: Display: Loaded TargetPlatform 'LinuxClient'
[2020.01.31-10.15.27:927][  0]LogTargetPlatformManager: Display: Loaded TargetPlatform 'LinuxServer'
[2020.01.31-10.15.27:943][  0]LogTargetPlatformManager: Display: Loaded TargetPlatform 'LinuxAArch64NoEditor'
[2020.01.31-10.15.27:958][  0]LogTargetPlatformManager: Display: Loaded TargetPlatform 'LinuxAArch64Client'
[2020.01.31-10.15.27:974][  0]LogTargetPlatformManager: Display: Loaded TargetPlatform 'LinuxAArch64Server'
[2020.01.31-10.15.28:009][  0]LogTargetPlatformManager: Display: Loaded TargetPlatform 'Lumin'
[2020.01.31-10.15.28:010][  0]LogTargetPlatformManager: Display: Loaded TargetPlatform 'LuminClient'
[2020.01.31-10.15.28:045][  0]LogTargetPlatformManager: Display: Loaded TargetPlatform 'TVOSClient'
[2020.01.31-10.15.28:045][  0]LogTargetPlatformManager: Display: Loaded TargetPlatform 'TVOS'
[2020.01.31-10.15.28:061][  0]LogTargetPlatformManager: Display: Loaded TargetPlatform 'WindowsNoEditor'
[2020.01.31-10.15.28:078][  0]LogTargetPlatformManager: Display: Loaded TargetPlatform 'Windows'
[2020.01.31-10.15.28:093][  0]LogTargetPlatformManager: Display: Loaded TargetPlatform 'WindowsClient'
[2020.01.31-10.15.28:108][  0]LogTargetPlatformManager: Display: Loaded TargetPlatform 'WindowsServer'
[2020.01.31-10.15.28:108][  0]LogTargetPlatformManager: Display: Building Assets For Windows
[2020.01.31-10.15.28:115][  0]LogAudioDebug: Display: Lib vorbis DLL was dynamically loaded.
[2020.01.31-10.15.28:159][  0]LogShaderCompilers: Guid format shader working directory is 8 characters bigger than the processId version (F:/Year 4/3D Games Prototyping/MyProject/Intermediate/Shaders/WorkingDirectory/20156/).
[2020.01.31-10.15.28:160][  0]LogShaderCompilers: Cleaned the shader compiler working directory 'C:/Users/b6017871/AppData/Local/Temp/UnrealShaderWorkingDir/B24BB3064F2B33151F77F08F71E97FE4/'.
[2020.01.31-10.15.28:160][  0]LogXGEController: Cleaning working directory: C:/Users/b6017871/AppData/Local/Temp/UnrealXGEWorkingDir/
[2020.01.31-10.15.28:160][  0]LogXGEController: Cannot use XGE Controller as Incredibuild is not installed on this machine.
[2020.01.31-10.15.28:160][  0]LogShaderCompilers: Cannot use XGE Shader Compiler as Incredibuild is not installed on this machine.
[2020.01.31-10.15.28:161][  0]LogShaderCompilers: Display: Using Local Shader Compiler.
[2020.01.31-10.15.28:794][  0]LogDerivedDataCache: Display: Max Cache Size: 512 MB
[2020.01.31-10.15.28:833][  0]LogDerivedDataCache: Loaded boot cache 0.04s 78MB C:/Users/b6017871/AppData/Local/UnrealEngine/4.24/DerivedDataCache/Boot.ddc.
[2020.01.31-10.15.28:833][  0]LogDerivedDataCache: Display: Loaded Boot cache: C:/Users/b6017871/AppData/Local/UnrealEngine/4.24/DerivedDataCache/Boot.ddc
[2020.01.31-10.15.28:835][  0]LogDerivedDataCache: FDerivedDataBackendGraph:  Pak pak cache file F:/Year 4/3D Games Prototyping/MyProject/DerivedDataCache/DDC.ddp not found, will not use a pak cache.
[2020.01.31-10.15.28:835][  0]LogDerivedDataCache: Unable to find inner node Pak for hierarchical cache Hierarchy.
[2020.01.31-10.15.28:835][  0]LogDerivedDataCache: FDerivedDataBackendGraph:  CompressedPak pak cache file F:/Year 4/3D Games Prototyping/MyProject/DerivedDataCache/Compressed.ddp not found, will not use a pak cache.
[2020.01.31-10.15.28:835][  0]LogDerivedDataCache: Unable to find inner node CompressedPak for hierarchical cache Hierarchy.
[2020.01.31-10.15.28:843][  0]LogDerivedDataCache: Display: Pak cache opened for reading ../../../Engine/DerivedDataCache/Compressed.ddp.
[2020.01.31-10.15.28:843][  0]LogDerivedDataCache: FDerivedDataBackendGraph:  EnterprisePak pak cache file ../../../Enterprise/DerivedDataCache/Compressed.ddp not found, will not use a pak cache.
[2020.01.31-10.15.28:843][  0]LogDerivedDataCache: Unable to find inner node EnterprisePak for hierarchical cache Hierarchy.
[2020.01.31-10.15.28:845][  0]LogDerivedDataCache: Using Local data cache path C:/Users/b6017871/AppData/Local/UnrealEngine/Common/DerivedDataCache: Writable
[2020.01.31-10.15.28:846][  0]LogDerivedDataCache: Shared data cache path not found in *engine.ini, will not use an Shared cache.
[2020.01.31-10.15.28:846][  0]LogDerivedDataCache: Unable to find inner node Shared for hierarchical cache Hierarchy.
[2020.01.31-10.15.28:864][  0]LogMaterial: Verifying Global Shaders for PCD3D_SM5
[2020.01.31-10.15.28:866][  0]LogSlate: Using FreeType 2.10.0
[2020.01.31-10.15.28:867][  0]LogSlate: SlateFontServices - WITH_FREETYPE: 1, WITH_HARFBUZZ: 1
[2020.01.31-10.15.28:922][  0]LogAssetRegistry: FAssetRegistry took 0.0120 seconds to start up
[2020.01.31-10.15.29:314][  0]LogInit: Selected Device Profile: [Windows]
[2020.01.31-10.15.29:444][  0]LogMeshReduction: Using QuadricMeshReduction for automatic static mesh reduction
[2020.01.31-10.15.29:444][  0]LogMeshReduction: Using SimplygonMeshReduction for automatic skeletal mesh reduction
[2020.01.31-10.15.29:444][  0]LogMeshReduction: Using ProxyLODMeshReduction for automatic mesh merging
[2020.01.31-10.15.29:444][  0]LogMeshReduction: No distributed automatic mesh merging module available
[2020.01.31-10.15.29:444][  0]LogMeshMerging: No distributed automatic mesh merging module available
[2020.01.31-10.15.29:455][  0]LogNetVersion: MyProject 1.0.0, NetCL: 10570792, EngineNetVer: 13, GameNetVer: 0 (Checksum: 2318771507)
[2020.01.31-10.15.30:724][  0]LogFileManager: Warning: DeleteFile was unable to delete 'F:/Year 4/3D Games Prototyping/MyProject/Intermediate/CachedAssetRegistry.bin', retrying in .5s...
[2020.01.31-10.15.30:725][  0]LogFileManager: Warning: DeleteFile recovered during retry!
[2020.01.31-10.15.30:725][  0]LogPackageLocalizationCache: Processed 10 localized package path(s) for 1 prioritized culture(s) in 0.339597 seconds
[2020.01.31-10.15.30:730][  0]LogUObjectArray: 46750 objects as part of root set at end of initial load.
[2020.01.31-10.15.30:730][  0]LogUObjectAllocator: 8137160 out of 0 bytes used by permanent object pool.
[2020.01.31-10.15.30:731][  0]LogUObjectArray: CloseDisregardForGC: 0/0 objects in disregard for GC pool
[2020.01.31-10.15.31:183][  0]LogTcpMessaging: Initializing TcpMessaging bridge
[2020.01.31-10.15.31:188][  0]LogUdpMessaging: Initializing bridge on interface 0.0.0.0:0 to multicast group 230.0.0.1:6666.
[2020.01.31-10.15.31:188][  0]LogDirectoryWatcher: A directory notification failed for 'F:/Year 4/3D Games Prototyping/MyProject/Content/' because it was empty or there was a buffer overflow. Attemping another request...
[2020.01.31-10.15.31:189][  0]LogDirectoryWatcher: A directory notification failed for 'F:/Year 4/3D Games Prototyping/MyProject/Content/' because it was empty or there was a buffer overflow. Attemping another request...
[2020.01.31-10.15.31:189][  0]LogDirectoryWatcher: A directory notification failed for 'F:/Year 4/3D Games Prototyping/MyProject/Binaries/Win64' because it was empty or there was a buffer overflow. Attemping another request...
[2020.01.31-10.15.31:323][  0]SourceControl: Source control is disabled
[2020.01.31-10.15.31:323][  0]SourceControl: Source control is disabled
[2020.01.31-10.15.31:325][  0]SourceControl: Source control is disabled
[2020.01.31-10.15.31:327][  0]SourceControl: Source control is disabled
[2020.01.31-10.15.31:329][  0]SourceControl: Source control is disabled
[2020.01.31-10.15.31:530][  0]LogAndroidPermission: UAndroidPermissionCallbackProxy::GetInstance
[2020.01.31-10.15.31:545][  0]LogAudioCaptureCore: Display: No Audio Capture implementations found. Audio input will be silent.
[2020.01.31-10.15.31:546][  0]LogAudioCaptureCore: Display: No Audio Capture implementations found. Audio input will be silent.
[2020.01.31-10.15.31:622][  0]LogOcInput: OculusInput pre-init called
[2020.01.31-10.15.31:632][  0]LogWindows: Failed to load 'OVRPlugin.dll' (GetLastError=126)
[2020.01.31-10.15.31:632][  0]LogWindows: File 'OVRPlugin.dll' does not exist
[2020.01.31-10.15.31:699][  0]LogEngine: Initializing Engine...
[2020.01.31-10.15.31:700][  0]LogHMD: Failed to initialize OpenVR with code 110
[2020.01.31-10.15.31:702][  0]LogStats: UGameplayTagsManager::InitializeManager -  0.001 s
[2020.01.31-10.15.31:947][  0]LogInit: Initializing FReadOnlyCVARCache
[2020.01.31-10.15.31:957][  0]LogAIModule: Creating AISystem for world Untitled
[2020.01.31-10.15.31:959][  0]LogAudioMixer: Display: Audio Mixer Platform Settings:
[2020.01.31-10.15.31:959][  0]LogAudioMixer: Display: 	Sample Rate:						  48000
[2020.01.31-10.15.31:959][  0]LogAudioMixer: Display: 	Callback Buffer Frame Size Requested: 1024
[2020.01.31-10.15.31:959][  0]LogAudioMixer: Display: 	Callback Buffer Frame Size To Use:	  1024
[2020.01.31-10.15.31:960][  0]LogAudioMixer: Display: 	Number of buffers to queue:			  2
[2020.01.31-10.15.31:960][  0]LogAudioMixer: Display: 	Max Channels (voices):				  32
[2020.01.31-10.15.31:960][  0]LogAudioMixer: Display: 	Number of Async Source Workers:		  0
[2020.01.31-10.15.31:960][  0]LogAudio: Display: AudioDevice MaxSources: 32
[2020.01.31-10.15.31:960][  0]LogAudio: Display: Using built-in audio occlusion.
[2020.01.31-10.15.31:960][  0]LogAudioMixer: Display: Initializing audio mixer.
[2020.01.31-10.15.31:977][  0]LogAudioMixer: Display: Audio Device Output Speaker Info:
[2020.01.31-10.15.31:977][  0]LogAudioMixer: Display: Name: Speakers (Synaptics HD Audio)
[2020.01.31-10.15.31:977][  0]LogAudioMixer: Display: Is Default: Yes
[2020.01.31-10.15.31:977][  0]LogAudioMixer: Display: Sample Rate: 48000
[2020.01.31-10.15.31:977][  0]LogAudioMixer: Display: Channel Count Used: 2
[2020.01.31-10.15.31:977][  0]LogAudioMixer: Display: Device Channel Count: 2
[2020.01.31-10.15.31:977][  0]LogAudioMixer: Display: Channel Order:
[2020.01.31-10.15.31:977][  0]LogAudioMixer: Display: 0: FrontLeft
[2020.01.31-10.15.31:977][  0]LogAudioMixer: Display: 1: FrontRight
[2020.01.31-10.15.32:031][  0]LogAudioMixer: Display: Using Audio Device Speakers (Synaptics HD Audio)
[2020.01.31-10.15.32:037][  0]LogInit: FAudioDevice initialized.
[2020.01.31-10.15.32:037][  0]LogNetVersion: Set ProjectVersion to 1.0.0.0. Version Checksum will be recalculated on next use.
[2020.01.31-10.15.32:088][  0]LogDerivedDataCache: Saved boot cache 0.05s 78MB C:/Users/b6017871/AppData/Local/UnrealEngine/4.24/DerivedDataCache/Boot.ddc.
[2020.01.31-10.15.32:091][  0]LogInit: Texture streaming: Enabled
[2020.01.31-10.15.32:105][  0]LogEngineSessionManager: EngineSessionManager initialized
[2020.01.31-10.15.32:105][  0]LogEditorSessionSummary: Verbose: Initializing EditorSessionSummaryWriter for editor session tracking
[2020.01.31-10.15.32:110][  0]LogEditorSessionSummary: EditorSessionSummaryWriter initialized
[2020.01.31-10.15.32:269][  0]LogInit: Transaction tracking system initialized
[2020.01.31-10.15.32:284][  0]BlueprintLog: New page: Editor Load
[2020.01.31-10.15.32:352][  0]LocalizationService: Localization service is disabled
[2020.01.31-10.15.32:592][  0]LogCook: Display: Max memory allowance for cook 16384mb min free memory 0mb
[2020.01.31-10.15.32:592][  0]LogCook: Display: Mobile HDR setting 1
[2020.01.31-10.15.32:692][  0]LogFileCache: Scanning file cache for directory 'F:/Year 4/3D Games Prototyping/MyProject/Content/' took 0.03s
[2020.01.31-10.15.33:235][  0]SourceControl: Source control is disabled
[2020.01.31-10.15.33:236][  0]Cmd: MAP LOAD FILE="../../../Engine/Content/Maps/Templates/Template_Default.umap" TEMPLATE=1 SHOWPROGRESS=1 FEATURELEVEL=3
[2020.01.31-10.15.33:236][  0]LightingResults: New page: Lighting Build
[2020.01.31-10.15.33:237][  0]LogWorld: UWorld::CleanupWorld for Untitled, bSessionEnded=true, bCleanupResources=true
[2020.01.31-10.15.33:237][  0]LogSlate: InvalidateAllWidgets triggered.  All widgets were invalidated
[2020.01.31-10.15.33:237][  0]MapCheck: New page: Map Check
[2020.01.31-10.15.33:237][  0]LightingResults: New page: Lighting Build
[2020.01.31-10.15.33:263][  0]LogUObjectHash: Compacting FUObjectHashTables data took   1.46ms
[2020.01.31-10.15.33:325][  0]LogAIModule: Creating AISystem for world Untitled_1
[2020.01.31-10.15.33:331][  0]LogEditorServer: Finished looking for orphan Actors (0.000 secs)
[2020.01.31-10.15.33:358][  0]LogUObjectHash: Compacting FUObjectHashTables data took   1.72ms
[2020.01.31-10.15.33:358][  0]Cmd: MAP CHECKDEP NOCLEARLOG
[2020.01.31-10.15.33:360][  0]MapCheck: Map check complete: 0 Error(s), 0 Warning(s), took 2.256ms to complete.
[2020.01.31-10.15.33:360][  0]LogFileHelpers: Loading map 'Template_Default' took 0.125
[2020.01.31-10.15.33:521][  0]LogSlate: Updating window title bar state: overlay mode, drag disabled, window buttons hidden, title bar hidden
[2020.01.31-10.15.33:526][  0]LogSlate: Updating window title bar state: overlay mode, drag disabled, window buttons hidden, title bar hidden
[2020.01.31-10.15.33:531][  0]LogSlate: Updating window title bar state: overlay mode, drag disabled, window buttons hidden, title bar hidden
[2020.01.31-10.15.33:535][  0]LogSlate: Updating window title bar state: overlay mode, drag disabled, window buttons hidden, title bar hidden
[2020.01.31-10.15.33:553][  0]LogCollectionManager: Loaded 0 collections in 0.011025 seconds
[2020.01.31-10.15.33:587][  0]LogFileCache: Scanning file cache for directory 'F:/Year 4/3D Games Prototyping/MyProject/Saved/Collections/' took 0.01s
[2020.01.31-10.15.33:587][  0]LogFileCache: Scanning file cache for directory 'F:/Year 4/3D Games Prototyping/MyProject/Content/Developers/b6017871/Collections/' took 0.00s
[2020.01.31-10.15.33:587][  0]LogFileCache: Scanning file cache for directory 'F:/Year 4/3D Games Prototyping/MyProject/Content/Collections/' took 0.01s
[2020.01.31-10.15.33:587][  0]LogContentBrowser: Native class hierarchy populated in 0.0273 seconds. Added 3017 classes and 720 folders.
[2020.01.31-10.15.33:596][  0]LogContentBrowser: Native class hierarchy updated for 'WidgetCarousel' in 0.0069 seconds. Added 0 classes and 0 folders.
[2020.01.31-10.15.33:654][  0]LogContentBrowser: Native class hierarchy updated for 'AddContentDialog' in 0.0067 seconds. Added 0 classes and 0 folders.
[2020.01.31-10.15.33:664][  0]LogContentBrowser: Native class hierarchy updated for 'SceneOutliner' in 0.0064 seconds. Added 2 classes and 3 folders.
[2020.01.31-10.15.33:702][  0]LogSlate: Took 0.001062 seconds to synchronously load lazily loaded font '../../../Engine/Content/Slate/Fonts/Roboto-Regular.ttf' (155K)
[2020.01.31-10.15.33:704][  0]LogSlate: Took 0.000324 seconds to synchronously load lazily loaded font '../../../Engine/Content/Slate/Fonts/Roboto-Bold.ttf' (160K)
[2020.01.31-10.15.33:708][  0]LogSlate: Took 0.000272 seconds to synchronously load lazily loaded font '../../../Engine/Content/Editor/Slate/Fonts/FontAwesome.ttf' (139K)
[2020.01.31-10.15.33:766][  0]LogRenderer: Reallocating scene render targets to support 1208x652 Format 10 NumSamples 1 (Frame:1).
[2020.01.31-10.15.33:862][  0]LogContentBrowser: Native class hierarchy updated for 'HierarchicalLODOutliner' in 0.0062 seconds. Added 0 classes and 0 folders.
[2020.01.31-10.15.33:862][  0]LogLoad: (Engine Initialization) Total time: 9.87 seconds
[2020.01.31-10.15.33:862][  0]LogLoad: (Engine Initialization) Total Blueprint compile time: 0.00 seconds
[2020.01.31-10.15.33:896][  0]LogAssetRegistry: Asset discovery search completed in 4.9781 seconds
[2020.01.31-10.15.33:898][  0]LogCollectionManager: Fixed up redirectors for 0 collections in 0.000006 seconds (updated 0 objects)
[2020.01.31-10.15.33:899][  0]LogContentStreaming: Texture pool size now 1000 MB
[2020.01.31-10.15.33:939][  0]LogSlate: Took 0.000290 seconds to synchronously load lazily loaded font '../../../Engine/Content/Slate/Fonts/Roboto-Light.ttf' (167K)
[2020.01.31-10.15.33:955][  2]LogDirectoryWatcher: A directory notification failed for 'F:/Year 4/3D Games Prototyping/MyProject/Content/' because it was empty or there was a buffer overflow. Attemping another request...
[2020.01.31-10.15.33:958][  2]LogDirectoryWatcher: A directory notification failed for 'F:/Year 4/3D Games Prototyping/MyProject/Content/', and we were unable to create a new request.
[2020.01.31-10.15.33:958][  2]LogDirectoryWatcher: A directory notification failed for 'F:/Year 4/3D Games Prototyping/MyProject/Content/' because it was empty or there was a buffer overflow. Attemping another request...
[2020.01.31-10.15.33:959][  2]LogDirectoryWatcher: A directory notification failed for 'F:/Year 4/3D Games Prototyping/MyProject/Content/', and we were unable to create a new request.
[2020.01.31-10.15.33:959][  2]LogDirectoryWatcher: A directory notification failed for 'F:/Year 4/3D Games Prototyping/MyProject/Binaries/Win64' because it was empty or there was a buffer overflow. Attemping another request...
[2020.01.31-10.15.33:960][  2]LogDirectoryWatcher: A directory notification failed for 'F:/Year 4/3D Games Prototyping/MyProject/Binaries/Win64', and we were unable to create a new request.
[2020.01.31-10.15.33:960][  2]LogDirectoryWatcher: A directory notification failed for 'F:/Year 4/3D Games Prototyping/MyProject/Saved/Collections/' because it was empty or there was a buffer overflow. Attemping another request...
[2020.01.31-10.15.33:960][  2]LogDirectoryWatcher: A directory notification failed for 'F:/Year 4/3D Games Prototyping/MyProject/Content/Developers/b6017871/Collections/' because it was empty or there was a buffer overflow. Attemping another request...
[2020.01.31-10.15.33:960][  2]LogDirectoryWatcher: A directory notification failed for 'F:/Year 4/3D Games Prototyping/MyProject/Content/Collections/' because it was empty or there was a buffer overflow. Attemping another request...
[2020.01.31-10.15.33:989][  3]LogDirectoryWatcher: A directory notification failed for 'F:/Year 4/3D Games Prototyping/MyProject/Saved/Collections/' because it was empty or there was a buffer overflow. Attemping another request...
[2020.01.31-10.15.33:990][  3]LogDirectoryWatcher: A directory notification failed for 'F:/Year 4/3D Games Prototyping/MyProject/Saved/Collections/', and we were unable to create a new request.
[2020.01.31-10.15.33:990][  3]LogDirectoryWatcher: A directory notification failed for 'F:/Year 4/3D Games Prototyping/MyProject/Content/Developers/b6017871/Collections/' because it was empty or there was a buffer overflow. Attemping another request...
[2020.01.31-10.15.33:991][  3]LogDirectoryWatcher: A directory notification failed for 'F:/Year 4/3D Games Prototyping/MyProject/Content/Developers/b6017871/Collections/', and we were unable to create a new request.
[2020.01.31-10.15.33:991][  3]LogDirectoryWatcher: A directory notification failed for 'F:/Year 4/3D Games Prototyping/MyProject/Content/Collections/' because it was empty or there was a buffer overflow. Attemping another request...
[2020.01.31-10.15.33:991][  3]LogDirectoryWatcher: A directory notification failed for 'F:/Year 4/3D Games Prototyping/MyProject/Content/Collections/', and we were unable to create a new request.
[2020.01.31-10.15.50:659][661]LogSlate: Took 0.000167 seconds to synchronously load lazily loaded font '../../../Engine/Content/Slate/Fonts/Roboto-Light.ttf' (167K)
[2020.01.31-10.16.32:075][731]LogUObjectHash: Compacting FUObjectHashTables data took   1.19ms
[2020.01.31-10.16.32:123][731]LogSlate: Window 'Project Settings' being destroyed
[2020.01.31-10.16.32:141][731]LogSlate: Window 'MyProject - Unreal Editor' being destroyed
[2020.01.31-10.16.32:142][731]LogWindowsTextInputMethodSystem: Display: IME system now deactivated.
[2020.01.31-10.16.32:251][732]Cmd: QUIT_EDITOR
[2020.01.31-10.16.32:251][732]LogCore: Engine exit requested (reason: UUnrealEdEngine::CloseEditor())
[2020.01.31-10.16.32:265][732]LogCore: Engine exit requested (reason: EngineExit() was called; note: exit was already requested)
[2020.01.31-10.16.32:265][732]LogAudioMixer: Display: No commands were queued while flushing the source manager.
[2020.01.31-10.16.32:304][732]LogExit: Preparing to exit.
[2020.01.31-10.16.32:652][732]LogWorld: UWorld::CleanupWorld for World_0, bSessionEnded=true, bCleanupResources=true
[2020.01.31-10.16.32:656][732]LogDemo: Cleaned up 0 splitscreen connections with owner deletion
[2020.01.31-10.16.32:676][732]LogWorld: UWorld::CleanupWorld for None, bSessionEnded=true, bCleanupResources=true
[2020.01.31-10.16.32:676][732]LogExit: Editor shut down
[2020.01.31-10.16.32:676][732]LogExit: Transaction tracking system shut down
[2020.01.31-10.16.33:291][732]LogExit: Object subsystem successfully closed.
[2020.01.31-10.16.33:317][732]LogShaderCompilers: Display: Shaders left to compile 0
[2020.01.31-10.16.33:344][732]LogModuleManager: Shutting down and abandoning module ExternalImagePicker (702)
[2020.01.31-10.16.33:344][732]LogModuleManager: Shutting down and abandoning module HierarchicalLODOutliner (700)
[2020.01.31-10.16.33:344][732]LogModuleManager: Shutting down and abandoning module SceneOutliner (698)
[2020.01.31-10.16.33:344][732]LogModuleManager: Shutting down and abandoning module AddContentDialog (696)
[2020.01.31-10.16.33:344][732]LogModuleManager: Shutting down and abandoning module WidgetCarousel (695)
[2020.01.31-10.16.33:345][732]LogModuleManager: Shutting down and abandoning module EditorWidgets (692)
[2020.01.31-10.16.33:345][732]LogModuleManager: Shutting down and abandoning module CollectionManager (690)
[2020.01.31-10.16.33:345][732]LogModuleManager: Shutting down and abandoning module HierarchicalLODUtilities (688)
[2020.01.31-10.16.33:345][732]LogModuleManager: Shutting down and abandoning module StatsViewer (686)
[2020.01.31-10.16.33:345][732]LogModuleManager: Shutting down and abandoning module VirtualTexturingEditor (684)
[2020.01.31-10.16.33:345][732]LogModuleManager: Shutting down and abandoning module FoliageEdit (682)
[2020.01.31-10.16.33:345][732]LogModuleManager: Shutting down and abandoning module LandscapeEditor (680)
[2020.01.31-10.16.33:345][732]LogModuleManager: Shutting down and abandoning module MeshPaintMode (678)
[2020.01.31-10.16.33:345][732]LogModuleManager: Shutting down and abandoning module SceneDepthPickerMode (676)
[2020.01.31-10.16.33:345][732]LogModuleManager: Shutting down and abandoning module ActorPickerMode (674)
[2020.01.31-10.16.33:345][732]LogModuleManager: Shutting down and abandoning module GeometryMode (672)
[2020.01.31-10.16.33:346][732]LogModuleManager: Shutting down and abandoning module TextureAlignMode (670)
[2020.01.31-10.16.33:346][732]LogModuleManager: Shutting down and abandoning module BspMode (668)
[2020.01.31-10.16.33:346][732]LogModuleManager: Shutting down and abandoning module PIEPreviewDeviceProfileSelector (666)
[2020.01.31-10.16.33:346][732]LogModuleManager: Shutting down and abandoning module SequenceRecorderSections (664)
[2020.01.31-10.16.33:346][732]LogModuleManager: Shutting down and abandoning module AutomationWorker (662)
[2020.01.31-10.16.33:346][732]LogModuleManager: Shutting down and abandoning module SteamVREditor (660)
[2020.01.31-10.16.33:346][732]LogModuleManager: Shutting down and abandoning module OculusMR (658)
[2020.01.31-10.16.33:346][732]LogModuleManager: Shutting down and abandoning module AudioCaptureEditor (656)
[2020.01.31-10.16.33:346][732]LogModuleManager: Shutting down and abandoning module MatineeToLevelSequence (654)
[2020.01.31-10.16.33:346][732]LogModuleManager: Shutting down and abandoning module LevelSequenceEditor (652)
[2020.01.31-10.16.33:346][732]LogModuleManager: Shutting down and abandoning module PlacementMode (651)
[2020.01.31-10.16.33:346][732]LogModuleManager: Shutting down and abandoning module MaterialEditor (650)
[2020.01.31-10.16.33:346][732]LogModuleManager: Shutting down and abandoning module ActorSequenceEditor (646)
[2020.01.31-10.16.33:346][732]LogModuleManager: Shutting down and abandoning module WmfMediaFactory (644)
[2020.01.31-10.16.33:346][732]LogModuleManager: Shutting down and abandoning module WmfMediaEditor (642)
[2020.01.31-10.16.33:346][732]LogModuleManager: Shutting down and abandoning module WebMMediaFactory (640)
[2020.01.31-10.16.33:346][732]LogModuleManager: Shutting down and abandoning module WebMMediaEditor (638)
[2020.01.31-10.16.33:346][732]LogModuleManager: Shutting down and abandoning module WebMMedia (636)
[2020.01.31-10.16.33:347][732]LogModuleManager: Shutting down and abandoning module MediaPlayerEditor (634)
[2020.01.31-10.16.33:347][732]LogModuleManager: Shutting down and abandoning module MediaCompositingEditor (632)
[2020.01.31-10.16.33:347][732]LogModuleManager: Shutting down and abandoning module SequenceRecorder (631)
[2020.01.31-10.16.33:347][732]LogModuleManager: Shutting down and abandoning module OpenExrWrapper (628)
[2020.01.31-10.16.33:347][732]LogModuleManager: Shutting down and abandoning module ImgMediaFactory (626)
[2020.01.31-10.16.33:347][732]LogModuleManager: Shutting down and abandoning module ImgMediaEditor (624)
[2020.01.31-10.16.33:347][732]LogModuleManager: Shutting down and abandoning module AvfMediaFactory (622)
[2020.01.31-10.16.33:347][732]LogModuleManager: Shutting down and abandoning module AvfMediaEditor (620)
[2020.01.31-10.16.33:347][732]LogModuleManager: Shutting down and abandoning module AndroidMediaFactory (618)
[2020.01.31-10.16.33:347][732]LogModuleManager: Shutting down and abandoning module AndroidMediaEditor (616)
[2020.01.31-10.16.33:347][732]LogModuleManager: Shutting down and abandoning module MagicLeapMediaCodecFactory (614)
[2020.01.31-10.16.33:347][732]LogModuleManager: Shutting down and abandoning module MagicLeapMediaFactory (612)
[2020.01.31-10.16.33:347][732]LogModuleManager: Shutting down and abandoning module MagicLeapMediaEditor (610)
[2020.01.31-10.16.33:347][732]LogModuleManager: Shutting down and abandoning module CharacterAI (608)
[2020.01.31-10.16.33:347][732]LogModuleManager: Shutting down and abandoning module SmartSnapping (606)
[2020.01.31-10.16.33:347][732]LogModuleManager: Shutting down and abandoning module SessionServices (604)
[2020.01.31-10.16.33:347][732]LogModuleManager: Shutting down and abandoning module MeshPaint (602)
[2020.01.31-10.16.33:347][732]LogModuleManager: Shutting down and abandoning module ViewportSnapping (600)
[2020.01.31-10.16.33:347][732]LogModuleManager: Shutting down and abandoning module ViewportInteraction (598)
[2020.01.31-10.16.33:347][732]LogModuleManager: Shutting down and abandoning module ClothPainter (596)
[2020.01.31-10.16.33:347][732]LogModuleManager: Shutting down and abandoning module SkeletalMeshEditor (595)
[2020.01.31-10.16.33:347][732]LogModuleManager: Shutting down and abandoning module LogVisualizer (592)
[2020.01.31-10.16.33:347][732]LogModuleManager: Shutting down and abandoning module IntroTutorials (590)
[2020.01.31-10.16.33:347][732]LogModuleManager: Shutting down and abandoning module GameProjectGeneration (589)
[2020.01.31-10.16.33:348][732]LogModuleManager: Shutting down and abandoning module LuminPlatformEditor (586)
[2020.01.31-10.16.33:348][732]LogModuleManager: Shutting down and abandoning module IOSPlatformEditor (584)
[2020.01.31-10.16.33:348][732]LogModuleManager: Shutting down and abandoning module AndroidPlatformEditor (582)
[2020.01.31-10.16.33:348][732]LogModuleManager: Shutting down and abandoning module AndroidDeviceDetection (581)
[2020.01.31-10.16.33:524][732]LogModuleManager: Shutting down and abandoning module WindowsPlatformEditor (578)
[2020.01.31-10.16.33:524][732]LogModuleManager: Shutting down and abandoning module LuminRuntimeSettings (576)
[2020.01.31-10.16.33:524][732]LogModuleManager: Shutting down and abandoning module IOSRuntimeSettings (574)
[2020.01.31-10.16.33:524][732]LogModuleManager: Shutting down and abandoning module AndroidRuntimeSettings (572)
[2020.01.31-10.16.33:524][732]LogModuleManager: Shutting down and abandoning module EditorInteractiveToolsFramework (570)
[2020.01.31-10.16.33:524][732]LogModuleManager: Shutting down and abandoning module TimeManagementEditor (568)
[2020.01.31-10.16.33:524][732]LogModuleManager: Shutting down and abandoning module InputBindingEditor (566)
[2020.01.31-10.16.33:524][732]LogModuleManager: Shutting down and abandoning module MergeActors (564)
[2020.01.31-10.16.33:524][732]LogModuleManager: Shutting down and abandoning module LocalizationDashboard (562)
[2020.01.31-10.16.33:525][732]LogModuleManager: Shutting down and abandoning module LocalizationService (561)
[2020.01.31-10.16.33:525][732]LogModuleManager: Shutting down and abandoning module HardwareTargeting (558)
[2020.01.31-10.16.33:525][732]LogModuleManager: Shutting down and abandoning module DeviceProfileEditor (556)
[2020.01.31-10.16.33:525][732]LogModuleManager: Shutting down and abandoning module UndoHistory (554)
[2020.01.31-10.16.33:525][732]LogModuleManager: Shutting down and abandoning module XmlParser (552)
[2020.01.31-10.16.33:525][732]LogModuleManager: Shutting down and abandoning module Blutility (550)
[2020.01.31-10.16.33:525][732]LogModuleManager: Shutting down and abandoning module ProjectSettingsViewer (548)
[2020.01.31-10.16.33:525][732]LogModuleManager: Shutting down and abandoning module ProjectTargetPlatformEditor (547)
[2020.01.31-10.16.33:525][732]LogModuleManager: Shutting down and abandoning module EditorSettingsViewer (544)
[2020.01.31-10.16.33:525][732]LogModuleManager: Shutting down and abandoning module SettingsEditor (542)
[2020.01.31-10.16.33:525][732]LogModuleManager: Shutting down and abandoning module ProjectLauncher (540)
[2020.01.31-10.16.33:525][732]LogModuleManager: Shutting down and abandoning module SessionFrontend (538)
[2020.01.31-10.16.33:525][732]LogModuleManager: Shutting down and abandoning module ProfilerClient (536)
[2020.01.31-10.16.33:525][732]LogModuleManager: Shutting down and abandoning module DeviceManager (534)
[2020.01.31-10.16.33:525][732]LogModuleManager: Shutting down and abandoning module TargetDeviceServices (533)
[2020.01.31-10.16.33:557][732]LogModuleManager: Shutting down and abandoning module AutomationController (530)
[2020.01.31-10.16.33:557][732]LogModuleManager: Shutting down and abandoning module AutomationWindow (528)
[2020.01.31-10.16.33:557][732]LogModuleManager: Shutting down and abandoning module Layers (526)
[2020.01.31-10.16.33:557][732]LogModuleManager: Shutting down and abandoning module ComponentVisualizers (524)
[2020.01.31-10.16.33:557][732]LogModuleManager: Shutting down and abandoning module DetailCustomizations (522)
[2020.01.31-10.16.33:557][732]LogModuleManager: Shutting down and abandoning module PackagesDialog (520)
[2020.01.31-10.16.33:558][732]LogModuleManager: Shutting down and abandoning module AnimationBlueprintEditor (518)
[2020.01.31-10.16.33:558][732]LogModuleManager: Shutting down and abandoning module Persona (516)
[2020.01.31-10.16.33:558][732]LogModuleManager: Shutting down and abandoning module AdvancedPreviewScene (515)
[2020.01.31-10.16.33:558][732]LogModuleManager: Shutting down and abandoning module AnimGraph (513)
[2020.01.31-10.16.33:558][732]LogModuleManager: Shutting down and abandoning module Kismet (510)
[2020.01.31-10.16.33:558][732]LogModuleManager: Shutting down and abandoning module KismetWidgets (509)
[2020.01.31-10.16.33:558][732]LogModuleManager: Shutting down and abandoning module GraphEditor (506)
[2020.01.31-10.16.33:558][732]LogModuleManager: Shutting down and abandoning module StructViewer (504)
[2020.01.31-10.16.33:558][732]LogModuleManager: Shutting down and abandoning module ClassViewer (502)
[2020.01.31-10.16.33:559][732]LogModuleManager: Shutting down and abandoning module Toolbox (500)
[2020.01.31-10.16.33:559][732]LogModuleManager: Shutting down and abandoning module ModuleUI (498)
[2020.01.31-10.16.33:559][732]LogModuleManager: Shutting down and abandoning module OutputLog (496)
[2020.01.31-10.16.33:559][732]LogModuleManager: Shutting down and abandoning module GammaUI (494)
[2020.01.31-10.16.33:559][732]LogModuleManager: Shutting down and abandoning module Documentation (492)
[2020.01.31-10.16.33:559][732]LogModuleManager: Shutting down and abandoning module ToolMenus (490)
[2020.01.31-10.16.33:560][732]LogModuleManager: Shutting down and abandoning module LiveCoding (488)
[2020.01.31-10.16.33:560][732]LogModuleManager: Shutting down and abandoning module LevelSequence (486)
[2020.01.31-10.16.33:560][732]LogModuleManager: Shutting down and abandoning module MovieSceneTracks (484)
[2020.01.31-10.16.33:560][732]LogModuleManager: Shutting down and abandoning module MovieScene (482)
[2020.01.31-10.16.33:560][732]LogModuleManager: Shutting down and abandoning module StreamingPauseRendering (480)
[2020.01.31-10.16.33:560][732]LogModuleManager: Shutting down and abandoning module LauncherPlatform (478)
[2020.01.31-10.16.33:560][732]LogModuleManager: Shutting down and abandoning module AnalyticsET (476)
[2020.01.31-10.16.33:560][732]LogModuleManager: Shutting down and abandoning module PortalServices (474)
[2020.01.31-10.16.33:560][732]LogModuleManager: Shutting down and abandoning module PortalRpc (472)
[2020.01.31-10.16.33:560][732]LogModuleManager: Shutting down and abandoning module MessagingRpc (470)
[2020.01.31-10.16.33:560][732]LogModuleManager: Shutting down and abandoning module AudioMixerXAudio2 (468)
[2020.01.31-10.16.33:560][732]LogModuleManager: Shutting down and abandoning module AIModule (466)
[2020.01.31-10.16.33:560][732]LogModuleManager: Shutting down and abandoning module GameplayDebugger (465)
[2020.01.31-10.16.33:560][732]LogModuleManager: Shutting down and abandoning module AITestSuite (463)
[2020.01.31-10.16.33:560][732]LogModuleManager: Shutting down and abandoning module NavigationSystem (461)
[2020.01.31-10.16.33:560][732]LogModuleManager: Shutting down and abandoning module ImageWriteQueue (458)
[2020.01.31-10.16.33:564][732]LogModuleManager: Shutting down and abandoning module ProfilerService (456)
[2020.01.31-10.16.33:698][732]LogModuleManager: Shutting down and abandoning module TaskGraph (454)
[2020.01.31-10.16.33:699][732]LogModuleManager: Shutting down and abandoning module ScreenshotTools (452)
[2020.01.31-10.16.33:699][732]LogModuleManager: Shutting down and abandoning module ProceduralMeshComponentEditor (450)
[2020.01.31-10.16.33:699][732]LogModuleManager: Shutting down and abandoning module ProceduralMeshComponent (448)
[2020.01.31-10.16.33:699][732]LogModuleManager: Shutting down and abandoning module OculusEditor (446)
[2020.01.31-10.16.33:700][732]LogModuleManager: Shutting down and abandoning module OculusInput (444)
[2020.01.31-10.16.33:700][732]LogModuleManager: Shutting down and abandoning module MobilePatchingUtils (442)
[2020.01.31-10.16.33:700][732]LogModuleManager: Shutting down and abandoning module EditableMesh (440)
[2020.01.31-10.16.33:700][732]LogModuleManager: Shutting down and abandoning module CustomMeshComponent (438)
[2020.01.31-10.16.33:701][732]LogModuleManager: Shutting down and abandoning module CableComponent (436)
[2020.01.31-10.16.33:701][732]LogModuleManager: Shutting down and abandoning module AudioCapture (434)
[2020.01.31-10.16.33:701][732]LogModuleManager: Shutting down and abandoning module AudioCaptureRtAudio (433)
[2020.01.31-10.16.33:701][732]LogModuleManager: Shutting down and abandoning module AssetTags (430)
[2020.01.31-10.16.33:701][732]LogModuleManager: Shutting down and abandoning module ArchVisCharacter (428)
[2020.01.31-10.16.33:702][732]LogModuleManager: Shutting down and abandoning module AppleImageUtilsBlueprintSupport (426)
[2020.01.31-10.16.33:702][732]LogModuleManager: Shutting down and abandoning module AppleImageUtils (424)
[2020.01.31-10.16.33:702][732]LogModuleManager: Shutting down and abandoning module AndroidPermission (422)
[2020.01.31-10.16.33:702][732]LogModuleManager: Shutting down and abandoning module NUTUnrealEngine4 (420)
[2020.01.31-10.16.33:703][732]LogModuleManager: Shutting down and abandoning module NetcodeUnitTest (418)
[2020.01.31-10.16.33:703][732]LogModuleManager: Shutting down and abandoning module MediaCompositing (416)
[2020.01.31-10.16.33:703][732]LogModuleManager: Shutting down and abandoning module ImgMedia (414)
[2020.01.31-10.16.33:703][732]LogModuleManager: Shutting down and abandoning module MagicLeapHelperVulkan (412)
[2020.01.31-10.16.33:703][732]LogModuleManager: Shutting down and abandoning module MagicLeapHelperOpenGL (410)
[2020.01.31-10.16.33:704][732]LogModuleManager: Shutting down and abandoning module MagicLeapAudio (408)
[2020.01.31-10.16.33:704][732]LogModuleManager: Shutting down and abandoning module GeometryCacheTracks (406)
[2020.01.31-10.16.33:704][732]LogModuleManager: Shutting down and abandoning module GeometryCacheSequencer (404)
[2020.01.31-10.16.33:704][732]LogModuleManager: Shutting down and abandoning module BackChannel (402)
[2020.01.31-10.16.33:704][732]LogModuleManager: Shutting down and abandoning module AutomationUtilsEditor (400)
[2020.01.31-10.16.33:704][732]LogModuleManager: Shutting down and abandoning module AutomationUtils (398)
[2020.01.31-10.16.33:704][732]LogModuleManager: Shutting down and abandoning module AlembicImporter (396)
[2020.01.31-10.16.33:704][732]LogModuleManager: Shutting down and abandoning module AlembicLibrary (395)
[2020.01.31-10.16.33:704][732]LogModuleManager: Shutting down and abandoning module GeometryCache (394)
[2020.01.31-10.16.33:704][732]LogModuleManager: Shutting down and abandoning module GeometryCacheEd (393)
[2020.01.31-10.16.33:704][732]LogModuleManager: Shutting down and abandoning module VariantManagerContentEditor (388)
[2020.01.31-10.16.33:704][732]LogModuleManager: Shutting down and abandoning module DatasmithContentEditor (386)
[2020.01.31-10.16.33:704][732]LogModuleManager: Shutting down and abandoning module SpeedTreeImporter (384)
[2020.01.31-10.16.33:704][732]LogModuleManager: Shutting down and abandoning module PluginBrowser (382)
[2020.01.31-10.16.33:704][732]LogModuleManager: Shutting down and abandoning module MobileLauncherProfileWizard (380)
[2020.01.31-10.16.33:704][732]LogModuleManager: Shutting down and abandoning module MaterialAnalyzer (378)
[2020.01.31-10.16.33:704][732]LogModuleManager: Shutting down and abandoning module CurveEditorTools (376)
[2020.01.31-10.16.33:704][732]LogModuleManager: Shutting down and abandoning module CryptoKeysOpenSSL (374)
[2020.01.31-10.16.33:704][732]LogModuleManager: Shutting down and abandoning module CryptoKeys (372)
[2020.01.31-10.16.33:704][732]LogModuleManager: Shutting down and abandoning module VisualStudioSourceCodeAccess (370)
[2020.01.31-10.16.33:705][732]LogModuleManager: Shutting down and abandoning module VisualStudioCodeSourceCodeAccess (368)
[2020.01.31-10.16.33:705][732]LogModuleManager: Shutting down and abandoning module UObjectPlugin (366)
[2020.01.31-10.16.33:705][732]LogModuleManager: Shutting down and abandoning module SubversionSourceControl (364)
[2020.01.31-10.16.33:705][732]LogModuleManager: Shutting down and abandoning module PlasticSourceControl (362)
[2020.01.31-10.16.33:705][732]LogModuleManager: Shutting down and abandoning module PerforceSourceControl (360)
[2020.01.31-10.16.33:705][732]LogModuleManager: Shutting down and abandoning module GitSourceControl (358)
[2020.01.31-10.16.33:705][732]LogModuleManager: Shutting down and abandoning module SourceControl (357)
[2020.01.31-10.16.33:705][732]LogModuleManager: Shutting down and abandoning module CLionSourceCodeAccess (354)
[2020.01.31-10.16.33:705][732]LogModuleManager: Shutting down and abandoning module AnimationSharingEd (352)
[2020.01.31-10.16.33:705][732]LogModuleManager: Shutting down and abandoning module ActorLayerUtilitiesEditor (350)
[2020.01.31-10.16.33:705][732]LogModuleManager: Shutting down and abandoning module ActorLayerUtilities (348)
[2020.01.31-10.16.33:705][732]LogModuleManager: Shutting down and abandoning module LightPropagationVolumeEditor (346)
[2020.01.31-10.16.33:705][732]LogModuleManager: Shutting down and abandoning module PaperTiledImporter (344)
[2020.01.31-10.16.33:705][732]LogModuleManager: Shutting down and abandoning module PaperSpriteSheetImporter (342)
[2020.01.31-10.16.33:705][732]LogModuleManager: Shutting down and abandoning module Paper2DEditor (340)
[2020.01.31-10.16.33:705][732]LogModuleManager: Shutting down and abandoning module MyProject (338)
[2020.01.31-10.16.33:705][732]LogModuleManager: Shutting down and abandoning module SignificanceManager (336)
[2020.01.31-10.16.33:705][732]LogModuleManager: Shutting down and abandoning module RuntimePhysXCooking (334)
[2020.01.31-10.16.33:705][732]LogModuleManager: Shutting down and abandoning module PhysXVehiclesEditor (332)
[2020.01.31-10.16.33:705][732]LogModuleManager: Shutting down and abandoning module LocationServicesBPLibrary (328)
[2020.01.31-10.16.33:705][732]LogModuleManager: Shutting down and abandoning module ActorSequence (326)
[2020.01.31-10.16.33:705][732]LogModuleManager: Shutting down and abandoning module UdpMessaging (324)
