Log file open, 01/31/20 10:04:59
LogWindows: Failed to load 'aqProf.dll' (GetLastError=126)
LogWindows: File 'aqProf.dll' does not exist
LogWindows: Failed to load 'VtuneApi.dll' (GetLastError=126)
LogWindows: File 'VtuneApi.dll' does not exist
LogWindows: Failed to load 'VtuneApi32e.dll' (GetLastError=126)
LogWindows: File 'VtuneApi32e.dll' does not exist
LogConsoleResponse: Display: Failed to find resolution value strings in scalability ini. Falling back to default.
LogInit: Display: Running engine for game: MyProject
LogPlatformFile: Not using cached read wrapper
LogTaskGraph: Started task graph with 5 named threads and 35 total threads with 3 sets of task threads.
LogStats: Stats thread started at 0.215534
LogD3D11RHI: Loaded GFSDK_Aftermath_Lib.x64.dll
LogICUInternationalization: ICU TimeZone Detection - Raw Offset: +0:00, Platform Override: ''
LogPluginManager: Mounting plugin Paper2D
LogPluginManager: Mounting plugin AISupport
LogPluginManager: Mounting plugin LightPropagationVolume
LogPluginManager: Mounting plugin ActorLayerUtilities
LogPluginManager: Mounting plugin AnimationSharing
LogPluginManager: Mounting plugin CLionSourceCodeAccess
LogPluginManager: Mounting plugin CodeLiteSourceCodeAccess
LogPluginManager: Mounting plugin GitSourceControl
LogPluginManager: Mounting plugin KDevelopSourceCodeAccess
LogPluginManager: Mounting plugin NullSourceCodeAccess
LogPluginManager: Mounting plugin PerforceSourceControl
LogPluginManager: Mounting plugin PlasticSourceControl
LogPluginManager: Mounting plugin SubversionSourceControl
LogPluginManager: Mounting plugin UObjectPlugin
LogPluginManager: Mounting plugin VisualStudioCodeSourceCodeAccess
LogPluginManager: Mounting plugin VisualStudioSourceCodeAccess
LogPluginManager: Mounting plugin XCodeSourceCodeAccess
LogPluginManager: Mounting plugin AssetManagerEditor
LogPluginManager: Mounting plugin CryptoKeys
LogPluginManager: Mounting plugin CurveEditorTools
LogPluginManager: Mounting plugin DataValidation
LogPluginManager: Mounting plugin FacialAnimation
LogPluginManager: Mounting plugin GameplayTagsEditor
LogPluginManager: Mounting plugin MacGraphicsSwitching
LogPluginManager: Mounting plugin MaterialAnalyzer
LogPluginManager: Mounting plugin MobileLauncherProfileWizard
LogPluginManager: Mounting plugin PluginBrowser
LogPluginManager: Mounting plugin SpeedTreeImporter
LogPluginManager: Mounting plugin DatasmithContent
LogPluginManager: Mounting plugin VariantManagerContent
LogPluginManager: Mounting plugin AlembicImporter
LogPluginManager: Mounting plugin AutomationUtils
LogPluginManager: Mounting plugin BackChannel
LogPluginManager: Mounting plugin CharacterAI
LogPluginManager: Mounting plugin GeometryCache
LogPluginManager: Mounting plugin PlatformCrypto
LogPluginManager: Mounting plugin ProxyLODPlugin
LogPluginManager: Mounting plugin SkeletalReduction
LogPluginManager: Mounting plugin MagicLeap
LogPluginManager: Mounting plugin MagicLeapMedia
LogPluginManager: Mounting plugin MLSDK
LogPluginManager: Mounting plugin AndroidMedia
LogPluginManager: Mounting plugin AvfMedia
LogPluginManager: Mounting plugin ImgMedia
LogPluginManager: Mounting plugin MediaCompositing
LogPluginManager: Mounting plugin MediaPlayerEditor
LogPluginManager: Mounting plugin WebMMedia
LogPluginManager: Mounting plugin WmfMedia
LogPluginManager: Mounting plugin TcpMessaging
LogPluginManager: Mounting plugin UdpMessaging
LogPluginManager: Mounting plugin ActorSequence
LogPluginManager: Mounting plugin LevelSequenceEditor
LogPluginManager: Mounting plugin MatineeToLevelSequence
LogPluginManager: Mounting plugin NetcodeUnitTest
LogPluginManager: Mounting plugin NUTUnrealEngine4
LogPluginManager: Mounting plugin OnlineSubsystemGooglePlay
LogPluginManager: Mounting plugin OnlineSubsystemIOS
LogPluginManager: Mounting plugin OnlineSubsystem
LogPluginManager: Mounting plugin OnlineSubsystemNull
LogPluginManager: Mounting plugin OnlineSubsystemUtils
LogPluginManager: Mounting plugin LauncherChunkInstaller
LogPluginManager: Mounting plugin AndroidDeviceProfileSelector
LogPluginManager: Mounting plugin AndroidMoviePlayer
LogPluginManager: Mounting plugin AndroidPermission
LogPluginManager: Mounting plugin AppleImageUtils
LogPluginManager: Mounting plugin AppleMoviePlayer
LogPluginManager: Mounting plugin ArchVisCharacter
LogPluginManager: Mounting plugin AssetTags
LogPluginManager: Mounting plugin AudioCapture
LogPluginManager: Mounting plugin CableComponent
LogPluginManager: Mounting plugin CustomMeshComponent
LogPluginManager: Mounting plugin EditableMesh
LogPluginManager: Mounting plugin ExampleDeviceProfileSelector
LogPluginManager: Mounting plugin GoogleCloudMessaging
LogPluginManager: Mounting plugin IOSDeviceProfileSelector
LogPluginManager: Mounting plugin LinuxDeviceProfileSelector
LogPluginManager: Mounting plugin LocationServicesBPLibrary
LogPluginManager: Mounting plugin MobilePatchingUtils
LogPluginManager: Mounting plugin OculusVR
LogPluginManager: Mounting plugin PhysXVehicles
LogPluginManager: Mounting plugin PostSplashScreen
LogPluginManager: Mounting plugin ProceduralMeshComponent
LogPluginManager: Mounting plugin RuntimePhysXCooking
LogPluginManager: Mounting plugin SignificanceManager
LogPluginManager: Mounting plugin SteamVR
LogPluginManager: Mounting plugin WebMMoviePlayer
LogPluginManager: Mounting plugin WindowsMoviePlayer
LogPluginManager: Mounting plugin ScreenshotTools
LogInit: Using libcurl 7.55.1-DEV
LogInit:  - built for x86_64-pc-win32
LogInit:  - supports SSL with OpenSSL/1.1.1
LogInit:  - supports HTTP deflate (compression) using libz 1.2.8
LogInit:  - other features:
LogInit:      CURL_VERSION_SSL
LogInit:      CURL_VERSION_LIBZ
LogInit:      CURL_VERSION_IPV6
LogInit:      CURL_VERSION_ASYNCHDNS
LogInit:      CURL_VERSION_LARGEFILE
LogInit:      CURL_VERSION_IDN
LogInit:  CurlRequestOptions (configurable via config and command line):
LogInit:  - bVerifyPeer = true  - Libcurl will verify peer certificate
LogInit:  - bUseHttpProxy = false  - Libcurl will NOT use HTTP proxy
LogInit:  - bDontReuseConnections = false  - Libcurl will reuse connections
LogInit:  - MaxHostConnections = 16  - Libcurl will limit the number of connections to a host
LogInit:  - LocalHostAddr = Default
LogInit:  - BufferSize = 65536
LogOnline: OSS: Creating online subsystem instance for: NULL
LogInit: WinSock: version 1.1 (2.2), MaxSocks=32767, MaxUdp=65467
LogOnline: OSS: TryLoadSubsystemAndSetDefault: Loaded subsystem for module [NULL]
LogInit: Build: ++UE4+Release-4.24-CL-10757647
LogInit: Engine Version: 4.24.1-10757647+++UE4+Release-4.24
LogInit: Compatible Engine Version: 4.24.0-10570792+++UE4+Release-4.24
LogInit: Net CL: 10570792
LogInit: OS: Windows 10 (Release 1809) (), CPU: Intel(R) Core(TM) i7-8700 CPU @ 3.20GHz, GPU: NVIDIA GeForce RTX 2080
LogInit: Compiled (64-bit): Dec 17 2019 02:08:03
LogInit: Compiled with Visual C++: 19.16.27032.01
LogInit: Build Configuration: Development
LogInit: Branch Name: ++UE4+Release-4.24
LogInit: Command Line:  -skipcompile
LogInit: Base Directory: C:/Program Files/Epic Games/UE_4.24/Engine/Binaries/Win64/
LogInit: Installed Engine Build: 1
LogDevObjectVersion: Number of dev versions registered: 25
LogDevObjectVersion:   Dev-Blueprints (B0D832E4-1F89-4F0D-ACCF-7EB736FD4AA2): 10
LogDevObjectVersion:   Dev-Build (E1C64328-A22C-4D53-A36C-8E866417BD8C): 0
LogDevObjectVersion:   Dev-Core (375EC13C-06E4-48FB-B500-84F0262A717E): 3
LogDevObjectVersion:   Dev-Editor (E4B068ED-F494-42E9-A231-DA0B2E46BB41): 37
LogDevObjectVersion:   Dev-Framework (CFFC743F-43B0-4480-9391-14DF171D2073): 36
LogDevObjectVersion:   Dev-Mobile (B02B49B5-BB20-44E9-A304-32B752E40360): 2
LogDevObjectVersion:   Dev-Networking (A4E4105C-59A1-49B5-A7C5-40C4547EDFEE): 0
LogDevObjectVersion:   Dev-Online (39C831C9-5AE6-47DC-9A44-9C173E1C8E7C): 0
LogDevObjectVersion:   Dev-Physics (78F01B33-EBEA-4F98-B9B4-84EACCB95AA2): 2
LogDevObjectVersion:   Dev-Platform (6631380F-2D4D-43E0-8009-CF276956A95A): 0
LogDevObjectVersion:   Dev-Rendering (12F88B9F-8875-4AFC-A67C-D90C383ABD29): 36
LogDevObjectVersion:   Dev-Sequencer (7B5AE74C-D270-4C10-A958-57980B212A5A): 11
LogDevObjectVersion:   Dev-VR (D7296918-1DD6-4BDD-9DE2-64A83CC13884): 2
LogDevObjectVersion:   Dev-LoadTimes (C2A15278-BFE7-4AFE-6C17-90FF531DF755): 1
LogDevObjectVersion:   Private-Geometry (6EACA3D4-40EC-4CC1-B786-8BED09428FC5): 3
LogDevObjectVersion:   Dev-AnimPhys (29E575DD-E0A3-4627-9D10-D276232CDCEA): 17
LogDevObjectVersion:   Dev-Anim (AF43A65D-7FD3-4947-9873-3E8ED9C1BB05): 2
LogDevObjectVersion:   Dev-ReflectionCapture (6B266CEC-1EC7-4B8F-A30B-E4D90942FC07): 1
LogDevObjectVersion:   Dev-Automation (0DF73D61-A23F-47EA-B727-89E90C41499A): 1
LogDevObjectVersion:   FortniteMain (601D1886-AC64-4F84-AA16-D3DE0DEAC7D6): 31
LogDevObjectVersion:   Dev-Enterprise (9DFFBCD6-494F-0158-E221-12823C92A888): 8
LogDevObjectVersion:   Dev-Niagara (F2AED0AC-9AFE-416F-8664-AA7FFA26D6FC): 1
LogDevObjectVersion:   Dev-Destruction (174F1F0B-B4C6-45A5-B13F-2EE8D0FB917D): 9
LogDevObjectVersion:   Dev-Physics-Ext (35F94A83-E258-406C-A318-09F59610247C): 8
LogDevObjectVersion:   Dev-CineCamera (B2E18506-4273-CFC2-A54E-F4BB758BBA07): 1
LogInit: Presizing for max 25165824 objects, including 0 objects not considered by GC, pre-allocating 0 bytes for permanent pool.
LogInit: Object subsystem initialized
LogConfig: Setting CVar [[con.DebugEarlyDefault:1]]
LogConfig: Setting CVar [[r.setres:1280x720]]
[2020.01.31-10.05.00:931][  0]LogConfig: Setting CVar [[r.VSync:0]]
[2020.01.31-10.05.00:931][  0]LogConfig: Setting CVar [[r.RHICmdBypass:0]]
[2020.01.31-10.05.00:931][  0]LogConfig: Applying CVar settings from Section [/Script/Engine.RendererSettings] File [F:/Year 4/3D Games Prototyping/MyProject/Saved/Config/Windows/Engine.ini]
[2020.01.31-10.05.00:931][  0]LogConfig: Setting CVar [[r.GPUCrashDebugging:0]]
[2020.01.31-10.05.00:931][  0]LogConfig: Applying CVar settings from Section [/Script/Engine.RendererOverrideSettings] File [F:/Year 4/3D Games Prototyping/MyProject/Saved/Config/Windows/Engine.ini]
[2020.01.31-10.05.00:931][  0]LogConfig: Applying CVar settings from Section [/Script/Engine.StreamingSettings] File [F:/Year 4/3D Games Prototyping/MyProject/Saved/Config/Windows/Engine.ini]
[2020.01.31-10.05.00:931][  0]LogConfig: Setting CVar [[s.MinBulkDataSizeForAsyncLoading:131072]]
[2020.01.31-10.05.00:931][  0]LogConfig: Setting CVar [[s.AsyncLoadingThreadEnabled:0]]
[2020.01.31-10.05.00:931][  0]LogConfig: Setting CVar [[s.EventDrivenLoaderEnabled:1]]
[2020.01.31-10.05.00:931][  0]LogConfig: Setting CVar [[s.WarnIfTimeLimitExceeded:0]]
[2020.01.31-10.05.00:931][  0]LogConfig: Setting CVar [[s.TimeLimitExceededMultiplier:1.5]]
[2020.01.31-10.05.00:931][  0]LogConfig: Setting CVar [[s.TimeLimitExceededMinTime:0.005]]
[2020.01.31-10.05.00:931][  0]LogConfig: Setting CVar [[s.UseBackgroundLevelStreaming:1]]
[2020.01.31-10.05.00:931][  0]LogConfig: Setting CVar [[s.PriorityAsyncLoadingExtraTime:15.0]]
[2020.01.31-10.05.00:931][  0]LogConfig: Setting CVar [[s.LevelStreamingActorsUpdateTimeLimit:5.0]]
[2020.01.31-10.05.00:931][  0]LogConfig: Setting CVar [[s.PriorityLevelStreamingActorsUpdateExtraTime:5.0]]
[2020.01.31-10.05.00:931][  0]LogConfig: Setting CVar [[s.LevelStreamingComponentsRegistrationGranularity:10]]
[2020.01.31-10.05.00:931][  0]LogConfig: Setting CVar [[s.UnregisterComponentsTimeLimit:1.0]]
[2020.01.31-10.05.00:931][  0]LogConfig: Setting CVar [[s.LevelStreamingComponentsUnregistrationGranularity:5]]
[2020.01.31-10.05.00:931][  0]LogConfig: Setting CVar [[s.FlushStreamingOnExit:1]]
[2020.01.31-10.05.00:931][  0]LogConfig: Applying CVar settings from Section [/Script/Engine.GarbageCollectionSettings] File [F:/Year 4/3D Games Prototyping/MyProject/Saved/Config/Windows/Engine.ini]
[2020.01.31-10.05.00:931][  0]LogConfig: Setting CVar [[gc.MaxObjectsNotConsideredByGC:1]]
[2020.01.31-10.05.00:931][  0]LogConfig: Setting CVar [[gc.SizeOfPermanentObjectPool:0]]
[2020.01.31-10.05.00:931][  0]LogConfig: Setting CVar [[gc.FlushStreamingOnGC:0]]
[2020.01.31-10.05.00:931][  0]LogConfig: Setting CVar [[gc.NumRetriesBeforeForcingGC:10]]
[2020.01.31-10.05.00:932][  0]LogConfig: Setting CVar [[gc.AllowParallelGC:1]]
[2020.01.31-10.05.00:932][  0]LogConfig: Setting CVar [[gc.TimeBetweenPurgingPendingKillObjects:61.1]]
[2020.01.31-10.05.00:932][  0]LogConfig: Setting CVar [[gc.MaxObjectsInEditor:25165824]]
[2020.01.31-10.05.00:932][  0]LogConfig: Setting CVar [[gc.IncrementalBeginDestroyEnabled:1]]
[2020.01.31-10.05.00:932][  0]LogConfig: Setting CVar [[gc.CreateGCClusters:1]]
[2020.01.31-10.05.00:932][  0]LogConfig: Setting CVar [[gc.MinGCClusterSize:5]]
[2020.01.31-10.05.00:932][  0]LogConfig: Setting CVar [[gc.ActorClusteringEnabled:0]]
[2020.01.31-10.05.00:932][  0]LogConfig: Setting CVar [[gc.BlueprintClusteringEnabled:0]]
[2020.01.31-10.05.00:932][  0]LogConfig: Setting CVar [[gc.UseDisregardForGCOnDedicatedServers:0]]
[2020.01.31-10.05.00:932][  0]LogConfig: Applying CVar settings from Section [/Script/Engine.NetworkSettings] File [F:/Year 4/3D Games Prototyping/MyProject/Saved/Config/Windows/Engine.ini]
[2020.01.31-10.05.00:932][  0]LogConfig: Applying CVar settings from Section [/Script/UnrealEd.CookerSettings] File [F:/Year 4/3D Games Prototyping/MyProject/Saved/Config/Windows/Engine.ini]
[2020.01.31-10.05.00:938][  0]LogConfig: Applying CVar settings from Section [ViewDistanceQuality@3] File [F:/Year 4/3D Games Prototyping/MyProject/Saved/Config/Windows/Scalability.ini]
[2020.01.31-10.05.00:938][  0]LogConfig: Setting CVar [[r.SkeletalMeshLODBias:0]]
[2020.01.31-10.05.00:938][  0]LogConfig: Setting CVar [[r.ViewDistanceScale:1.0]]
[2020.01.31-10.05.00:938][  0]LogConfig: Applying CVar settings from Section [AntiAliasingQuality@3] File [F:/Year 4/3D Games Prototyping/MyProject/Saved/Config/Windows/Scalability.ini]
[2020.01.31-10.05.00:938][  0]LogConfig: Setting CVar [[r.PostProcessAAQuality:4]]
[2020.01.31-10.05.00:938][  0]LogConfig: Applying CVar settings from Section [ShadowQuality@3] File [F:/Year 4/3D Games Prototyping/MyProject/Saved/Config/Windows/Scalability.ini]
[2020.01.31-10.05.00:938][  0]LogConfig: Setting CVar [[r.LightFunctionQuality:1]]
[2020.01.31-10.05.00:939][  0]LogConfig: Setting CVar [[r.ShadowQuality:5]]
[2020.01.31-10.05.00:939][  0]LogConfig: Setting CVar [[r.Shadow.CSM.MaxCascades:10]]
[2020.01.31-10.05.00:939][  0]LogConfig: Setting CVar [[r.Shadow.MaxResolution:2048]]
[2020.01.31-10.05.00:939][  0]LogConfig: Setting CVar [[r.Shadow.MaxCSMResolution:2048]]
[2020.01.31-10.05.00:939][  0]LogConfig: Setting CVar [[r.Shadow.RadiusThreshold:0.01]]
[2020.01.31-10.05.00:939][  0]LogConfig: Setting CVar [[r.Shadow.DistanceScale:1.0]]
[2020.01.31-10.05.00:939][  0]LogConfig: Setting CVar [[r.Shadow.CSM.TransitionScale:1.0]]
[2020.01.31-10.05.00:939][  0]LogConfig: Setting CVar [[r.Shadow.PreShadowResolutionFactor:1.0]]
[2020.01.31-10.05.00:939][  0]LogConfig: Setting CVar [[r.DistanceFieldShadowing:1]]
[2020.01.31-10.05.00:939][  0]LogConfig: Setting CVar [[r.DistanceFieldAO:1]]
[2020.01.31-10.05.00:939][  0]LogConfig: Setting CVar [[r.AOQuality:2]]
[2020.01.31-10.05.00:939][  0]LogConfig: Setting CVar [[r.VolumetricFog:1]]
[2020.01.31-10.05.00:939][  0]LogConfig: Setting CVar [[r.VolumetricFog.GridPixelSize:8]]
[2020.01.31-10.05.00:939][  0]LogConfig: Setting CVar [[r.VolumetricFog.GridSizeZ:128]]
[2020.01.31-10.05.00:939][  0]LogConfig: Setting CVar [[r.VolumetricFog.HistoryMissSupersampleCount:4]]
[2020.01.31-10.05.00:939][  0]LogConfig: Setting CVar [[r.LightMaxDrawDistanceScale:1]]
[2020.01.31-10.05.00:939][  0]LogConfig: Setting CVar [[r.CapsuleShadows:1]]
[2020.01.31-10.05.00:939][  0]LogConfig: Applying CVar settings from Section [PostProcessQuality@3] File [F:/Year 4/3D Games Prototyping/MyProject/Saved/Config/Windows/Scalability.ini]
[2020.01.31-10.05.00:939][  0]LogConfig: Setting CVar [[r.MotionBlurQuality:4]]
[2020.01.31-10.05.00:939][  0]LogConfig: Setting CVar [[r.AmbientOcclusionMipLevelFactor:0.4]]
[2020.01.31-10.05.00:939][  0]LogConfig: Setting CVar [[r.AmbientOcclusionMaxQuality:100]]
[2020.01.31-10.05.00:939][  0]LogConfig: Setting CVar [[r.AmbientOcclusionLevels:-1]]
[2020.01.31-10.05.00:939][  0]LogConfig: Setting CVar [[r.AmbientOcclusionRadiusScale:1.0]]
[2020.01.31-10.05.00:939][  0]LogConfig: Setting CVar [[r.DepthOfFieldQuality:2]]
[2020.01.31-10.05.00:939][  0]LogConfig: Setting CVar [[r.RenderTargetPoolMin:400]]
[2020.01.31-10.05.00:939][  0]LogConfig: Setting CVar [[r.LensFlareQuality:2]]
[2020.01.31-10.05.00:939][  0]LogConfig: Setting CVar [[r.SceneColorFringeQuality:1]]
[2020.01.31-10.05.00:939][  0]LogConfig: Setting CVar [[r.EyeAdaptationQuality:2]]
[2020.01.31-10.05.00:939][  0]LogConfig: Setting CVar [[r.BloomQuality:5]]
[2020.01.31-10.05.00:939][  0]LogConfig: Setting CVar [[r.FastBlurThreshold:100]]
[2020.01.31-10.05.00:940][  0]LogConfig: Setting CVar [[r.Upscale.Quality:3]]
[2020.01.31-10.05.00:940][  0]LogConfig: Setting CVar [[r.Tonemapper.GrainQuantization:1]]
[2020.01.31-10.05.00:940][  0]LogConfig: Setting CVar [[r.LightShaftQuality:1]]
[2020.01.31-10.05.00:940][  0]LogConfig: Setting CVar [[r.Filter.SizeScale:1]]
[2020.01.31-10.05.00:940][  0]LogConfig: Setting CVar [[r.Tonemapper.Quality:5]]
[2020.01.31-10.05.00:940][  0]LogConfig: Setting CVar [[r.DOF.Gather.AccumulatorQuality:1        ; higher gathering accumulator quality]]
[2020.01.31-10.05.00:940][  0]LogConfig: Setting CVar [[r.DOF.Gather.PostfilterMethod:1          ; Median3x3 postfilering method]]
[2020.01.31-10.05.00:940][  0]LogConfig: Setting CVar [[r.DOF.Gather.EnableBokehSettings:0       ; no bokeh simulation when gathering]]
[2020.01.31-10.05.00:940][  0]LogConfig: Setting CVar [[r.DOF.Gather.RingCount:4                 ; medium number of samples when gathering]]
[2020.01.31-10.05.00:940][  0]LogConfig: Setting CVar [[r.DOF.Scatter.ForegroundCompositing:1    ; additive foreground scattering]]
[2020.01.31-10.05.00:940][  0]LogConfig: Setting CVar [[r.DOF.Scatter.BackgroundCompositing:2    ; additive background scattering]]
[2020.01.31-10.05.00:940][  0]LogConfig: Setting CVar [[r.DOF.Scatter.EnableBokehSettings:1      ; bokeh simulation when scattering]]
[2020.01.31-10.05.00:940][  0]LogConfig: Setting CVar [[r.DOF.Scatter.MaxSpriteRatio:0.1         ; only a maximum of 10% of scattered bokeh]]
[2020.01.31-10.05.00:940][  0]LogConfig: Setting CVar [[r.DOF.Recombine.Quality:1                ; cheap slight out of focus]]
[2020.01.31-10.05.00:940][  0]LogConfig: Setting CVar [[r.DOF.Recombine.EnableBokehSettings:0    ; no bokeh simulation on slight out of focus]]
[2020.01.31-10.05.00:940][  0]LogConfig: Setting CVar [[r.DOF.TemporalAAQuality:1                ; more stable temporal accumulation]]
[2020.01.31-10.05.00:940][  0]LogConfig: Setting CVar [[r.DOF.Kernel.MaxForegroundRadius:0.025]]
[2020.01.31-10.05.00:940][  0]LogConfig: Setting CVar [[r.DOF.Kernel.MaxBackgroundRadius:0.025]]
[2020.01.31-10.05.00:940][  0]LogConfig: Applying CVar settings from Section [TextureQuality@3] File [F:/Year 4/3D Games Prototyping/MyProject/Saved/Config/Windows/Scalability.ini]
[2020.01.31-10.05.00:940][  0]LogConfig: Setting CVar [[r.Streaming.MipBias:0]]
[2020.01.31-10.05.00:940][  0]LogConfig: Setting CVar [[r.Streaming.AmortizeCPUToGPUCopy:0]]
[2020.01.31-10.05.00:940][  0]LogConfig: Setting CVar [[r.Streaming.MaxNumTexturesToStreamPerFrame:0]]
[2020.01.31-10.05.00:940][  0]LogConfig: Setting CVar [[r.Streaming.Boost:1]]
[2020.01.31-10.05.00:940][  0]LogConfig: Setting CVar [[r.MaxAnisotropy:8]]
[2020.01.31-10.05.00:940][  0]LogConfig: Setting CVar [[r.VT.MaxAnisotropy:8]]
[2020.01.31-10.05.00:940][  0]LogConfig: Setting CVar [[r.Streaming.LimitPoolSizeToVRAM:0]]
[2020.01.31-10.05.00:940][  0]LogConfig: Setting CVar [[r.Streaming.PoolSize:1000]]
[2020.01.31-10.05.00:940][  0]LogConfig: Setting CVar [[r.Streaming.MaxEffectiveScreenSize:0]]
[2020.01.31-10.05.00:940][  0]LogConfig: Applying CVar settings from Section [EffectsQuality@3] File [F:/Year 4/3D Games Prototyping/MyProject/Saved/Config/Windows/Scalability.ini]
[2020.01.31-10.05.00:940][  0]LogConfig: Setting CVar [[r.TranslucencyLightingVolumeDim:64]]
[2020.01.31-10.05.00:941][  0]LogConfig: Setting CVar [[r.RefractionQuality:2]]
[2020.01.31-10.05.00:941][  0]LogConfig: Setting CVar [[r.SSR.Quality:3]]
[2020.01.31-10.05.00:941][  0]LogConfig: Setting CVar [[r.SSR.HalfResSceneColor:0]]
[2020.01.31-10.05.00:941][  0]LogConfig: Setting CVar [[r.SceneColorFormat:4]]
[2020.01.31-10.05.00:941][  0]LogConfig: Setting CVar [[r.DetailMode:2]]
[2020.01.31-10.05.00:941][  0]LogConfig: Setting CVar [[r.TranslucencyVolumeBlur:1]]
[2020.01.31-10.05.00:941][  0]LogConfig: Setting CVar [[r.MaterialQualityLevel:1 ; High quality]]
[2020.01.31-10.05.00:941][  0]LogConfig: Setting CVar [[r.SSS.Scale:1]]
[2020.01.31-10.05.00:941][  0]LogConfig: Setting CVar [[r.SSS.SampleSet:2]]
[2020.01.31-10.05.00:941][  0]LogConfig: Setting CVar [[r.SSS.Quality:1]]
[2020.01.31-10.05.00:941][  0]LogConfig: Setting CVar [[r.SSS.HalfRes:1]]
[2020.01.31-10.05.00:941][  0]LogConfig: Setting CVar [[r.SSGI.Quality:3]]
[2020.01.31-10.05.00:941][  0]LogConfig: Setting CVar [[r.EmitterSpawnRateScale:1.0]]
[2020.01.31-10.05.00:941][  0]LogConfig: Setting CVar [[r.ParticleLightQuality:2]]
[2020.01.31-10.05.00:941][  0]LogConfig: Setting CVar [[r.SkyAtmosphere.AerialPerspectiveLUT.FastApplyOnOpaque:1 ; Always have FastSkyLUT 1 in this case to avoid wrong sky]]
[2020.01.31-10.05.00:941][  0]LogConfig: Setting CVar [[r.SkyAtmosphere.AerialPerspectiveLUT.SampleCountPerSlice:1]]
[2020.01.31-10.05.00:941][  0]LogConfig: Setting CVar [[r.SkyAtmosphere.AerialPerspectiveLUT.DepthResolution:16.0]]
[2020.01.31-10.05.00:941][  0]LogConfig: Setting CVar [[r.SkyAtmosphere.FastSkyLUT:1]]
[2020.01.31-10.05.00:941][  0]LogConfig: Setting CVar [[r.SkyAtmosphere.FastSkyLUT.SampleCountMin:4.0]]
[2020.01.31-10.05.00:941][  0]LogConfig: Setting CVar [[r.SkyAtmosphere.FastSkyLUT.SampleCountMax:32.0]]
[2020.01.31-10.05.00:941][  0]LogConfig: Setting CVar [[r.SkyAtmosphere.SampleCountMin:4.0]]
[2020.01.31-10.05.00:941][  0]LogConfig: Setting CVar [[r.SkyAtmosphere.SampleCountMax:32.0]]
[2020.01.31-10.05.00:941][  0]LogConfig: Setting CVar [[r.SkyAtmosphere.TransmittanceLUT.UseSmallFormat:0]]
[2020.01.31-10.05.00:941][  0]LogConfig: Setting CVar [[r.SkyAtmosphere.TransmittanceLUT.SampleCount:10.0]]
[2020.01.31-10.05.00:941][  0]LogConfig: Setting CVar [[r.SkyAtmosphere.MultiScatteringLUT.SampleCount:15.0]]
[2020.01.31-10.05.00:941][  0]LogConfig: Applying CVar settings from Section [FoliageQuality@3] File [F:/Year 4/3D Games Prototyping/MyProject/Saved/Config/Windows/Scalability.ini]
[2020.01.31-10.05.00:941][  0]LogConfig: Setting CVar [[foliage.DensityScale:1.0]]
[2020.01.31-10.05.00:941][  0]LogConfig: Setting CVar [[grass.DensityScale:1.0]]
[2020.01.31-10.05.00:941][  0]LogConfig: Applying CVar settings from Section [ShadingQuality@3] File [F:/Year 4/3D Games Prototyping/MyProject/Saved/Config/Windows/Scalability.ini]
[2020.01.31-10.05.00:941][  0]LogConfig: Setting CVar [[r.HairStrands.SkyLighting.SampleCount:16]]
[2020.01.31-10.05.00:941][  0]LogConfig: Setting CVar [[r.HairStrands.SkyLighting.JitterIntegration:0]]
[2020.01.31-10.05.00:942][  0]LogConfig: Setting CVar [[r.HairStrands.SkyAO.SampleCount:16]]
[2020.01.31-10.05.00:942][  0]LogInit: Selected Device Profile: [Windows]
[2020.01.31-10.05.00:942][  0]LogInit: Applying CVar settings loaded from the selected device profile: [Windows]
[2020.01.31-10.05.00:958][  0]LogHAL: Display: Platform has ~ 32 GB [33658544128 / 34359738368 / 32], which maps to Largest [LargestMinGB=32, LargerMinGB=12, DefaultMinGB=8, SmallerMinGB=6, SmallestMinGB=0)
[2020.01.31-10.05.00:958][  0]LogInit: Going up to parent DeviceProfile []
[2020.01.31-10.05.00:959][  0]LogConfig: Applying CVar settings from Section [ViewDistanceQuality@3] File [F:/Year 4/3D Games Prototyping/MyProject/Saved/Config/Windows/Scalability.ini]
[2020.01.31-10.05.00:959][  0]LogConfig: Setting CVar [[r.SkeletalMeshLODBias:0]]
[2020.01.31-10.05.00:959][  0]LogConfig: Setting CVar [[r.ViewDistanceScale:1.0]]
[2020.01.31-10.05.00:959][  0]LogConfig: Applying CVar settings from Section [AntiAliasingQuality@3] File [F:/Year 4/3D Games Prototyping/MyProject/Saved/Config/Windows/Scalability.ini]
[2020.01.31-10.05.00:959][  0]LogConfig: Setting CVar [[r.PostProcessAAQuality:4]]
[2020.01.31-10.05.00:959][  0]LogConfig: Applying CVar settings from Section [ShadowQuality@3] File [F:/Year 4/3D Games Prototyping/MyProject/Saved/Config/Windows/Scalability.ini]
[2020.01.31-10.05.00:959][  0]LogConfig: Setting CVar [[r.LightFunctionQuality:1]]
[2020.01.31-10.05.00:959][  0]LogConfig: Setting CVar [[r.ShadowQuality:5]]
[2020.01.31-10.05.00:959][  0]LogConfig: Setting CVar [[r.Shadow.CSM.MaxCascades:10]]
[2020.01.31-10.05.00:959][  0]LogConfig: Setting CVar [[r.Shadow.MaxResolution:2048]]
[2020.01.31-10.05.00:959][  0]LogConfig: Setting CVar [[r.Shadow.MaxCSMResolution:2048]]
[2020.01.31-10.05.00:959][  0]LogConfig: Setting CVar [[r.Shadow.RadiusThreshold:0.01]]
[2020.01.31-10.05.00:959][  0]LogConfig: Setting CVar [[r.Shadow.DistanceScale:1.0]]
[2020.01.31-10.05.00:959][  0]LogConfig: Setting CVar [[r.Shadow.CSM.TransitionScale:1.0]]
[2020.01.31-10.05.00:959][  0]LogConfig: Setting CVar [[r.Shadow.PreShadowResolutionFactor:1.0]]
[2020.01.31-10.05.00:959][  0]LogConfig: Setting CVar [[r.DistanceFieldShadowing:1]]
[2020.01.31-10.05.00:959][  0]LogConfig: Setting CVar [[r.DistanceFieldAO:1]]
[2020.01.31-10.05.00:959][  0]LogConfig: Setting CVar [[r.AOQuality:2]]
[2020.01.31-10.05.00:959][  0]LogConfig: Setting CVar [[r.VolumetricFog:1]]
[2020.01.31-10.05.00:959][  0]LogConfig: Setting CVar [[r.VolumetricFog.GridPixelSize:8]]
[2020.01.31-10.05.00:959][  0]LogConfig: Setting CVar [[r.VolumetricFog.GridSizeZ:128]]
[2020.01.31-10.05.00:960][  0]LogConfig: Setting CVar [[r.VolumetricFog.HistoryMissSupersampleCount:4]]
[2020.01.31-10.05.00:960][  0]LogConfig: Setting CVar [[r.LightMaxDrawDistanceScale:1]]
[2020.01.31-10.05.00:960][  0]LogConfig: Setting CVar [[r.CapsuleShadows:1]]
[2020.01.31-10.05.00:960][  0]LogConfig: Applying CVar settings from Section [PostProcessQuality@3] File [F:/Year 4/3D Games Prototyping/MyProject/Saved/Config/Windows/Scalability.ini]
[2020.01.31-10.05.00:960][  0]LogConfig: Setting CVar [[r.MotionBlurQuality:4]]
[2020.01.31-10.05.00:960][  0]LogConfig: Setting CVar [[r.AmbientOcclusionMipLevelFactor:0.4]]
[2020.01.31-10.05.00:960][  0]LogConfig: Setting CVar [[r.AmbientOcclusionMaxQuality:100]]
[2020.01.31-10.05.00:960][  0]LogConfig: Setting CVar [[r.AmbientOcclusionLevels:-1]]
[2020.01.31-10.05.00:960][  0]LogConfig: Setting CVar [[r.AmbientOcclusionRadiusScale:1.0]]
[2020.01.31-10.05.00:960][  0]LogConfig: Setting CVar [[r.DepthOfFieldQuality:2]]
[2020.01.31-10.05.00:960][  0]LogConfig: Setting CVar [[r.RenderTargetPoolMin:400]]
[2020.01.31-10.05.00:960][  0]LogConfig: Setting CVar [[r.LensFlareQuality:2]]
[2020.01.31-10.05.00:960][  0]LogConfig: Setting CVar [[r.SceneColorFringeQuality:1]]
[2020.01.31-10.05.00:960][  0]LogConfig: Setting CVar [[r.EyeAdaptationQuality:2]]
[2020.01.31-10.05.00:960][  0]LogConfig: Setting CVar [[r.BloomQuality:5]]
[2020.01.31-10.05.00:960][  0]LogConfig: Setting CVar [[r.FastBlurThreshold:100]]
[2020.01.31-10.05.00:960][  0]LogConfig: Setting CVar [[r.Upscale.Quality:3]]
[2020.01.31-10.05.00:960][  0]LogConfig: Setting CVar [[r.Tonemapper.GrainQuantization:1]]
[2020.01.31-10.05.00:960][  0]LogConfig: Setting CVar [[r.LightShaftQuality:1]]
[2020.01.31-10.05.00:960][  0]LogConfig: Setting CVar [[r.Filter.SizeScale:1]]
[2020.01.31-10.05.00:960][  0]LogConfig: Setting CVar [[r.Tonemapper.Quality:5]]
[2020.01.31-10.05.00:960][  0]LogConfig: Setting CVar [[r.DOF.Gather.AccumulatorQuality:1        ; higher gathering accumulator quality]]
[2020.01.31-10.05.00:960][  0]LogConfig: Setting CVar [[r.DOF.Gather.PostfilterMethod:1          ; Median3x3 postfilering method]]
[2020.01.31-10.05.00:960][  0]LogConfig: Setting CVar [[r.DOF.Gather.EnableBokehSettings:0       ; no bokeh simulation when gathering]]
[2020.01.31-10.05.00:960][  0]LogConfig: Setting CVar [[r.DOF.Gather.RingCount:4                 ; medium number of samples when gathering]]
[2020.01.31-10.05.00:960][  0]LogConfig: Setting CVar [[r.DOF.Scatter.ForegroundCompositing:1    ; additive foreground scattering]]
[2020.01.31-10.05.00:960][  0]LogConfig: Setting CVar [[r.DOF.Scatter.BackgroundCompositing:2    ; additive background scattering]]
[2020.01.31-10.05.00:960][  0]LogConfig: Setting CVar [[r.DOF.Scatter.EnableBokehSettings:1      ; bokeh simulation when scattering]]
[2020.01.31-10.05.00:960][  0]LogConfig: Setting CVar [[r.DOF.Scatter.MaxSpriteRatio:0.1         ; only a maximum of 10% of scattered bokeh]]
[2020.01.31-10.05.00:960][  0]LogConfig: Setting CVar [[r.DOF.Recombine.Quality:1                ; cheap slight out of focus]]
[2020.01.31-10.05.00:960][  0]LogConfig: Setting CVar [[r.DOF.Recombine.EnableBokehSettings:0    ; no bokeh simulation on slight out of focus]]
[2020.01.31-10.05.00:961][  0]LogConfig: Setting CVar [[r.DOF.TemporalAAQuality:1                ; more stable temporal accumulation]]
[2020.01.31-10.05.00:961][  0]LogConfig: Setting CVar [[r.DOF.Kernel.MaxForegroundRadius:0.025]]
[2020.01.31-10.05.00:961][  0]LogConfig: Setting CVar [[r.DOF.Kernel.MaxBackgroundRadius:0.025]]
[2020.01.31-10.05.00:961][  0]LogConfig: Applying CVar settings from Section [TextureQuality@3] File [F:/Year 4/3D Games Prototyping/MyProject/Saved/Config/Windows/Scalability.ini]
[2020.01.31-10.05.00:961][  0]LogConfig: Setting CVar [[r.Streaming.MipBias:0]]
[2020.01.31-10.05.00:961][  0]LogConfig: Setting CVar [[r.Streaming.AmortizeCPUToGPUCopy:0]]
[2020.01.31-10.05.00:961][  0]LogConfig: Setting CVar [[r.Streaming.MaxNumTexturesToStreamPerFrame:0]]
[2020.01.31-10.05.00:961][  0]LogConfig: Setting CVar [[r.Streaming.Boost:1]]
[2020.01.31-10.05.00:961][  0]LogConfig: Setting CVar [[r.MaxAnisotropy:8]]
[2020.01.31-10.05.00:961][  0]LogConfig: Setting CVar [[r.VT.MaxAnisotropy:8]]
[2020.01.31-10.05.00:961][  0]LogConfig: Setting CVar [[r.Streaming.LimitPoolSizeToVRAM:0]]
[2020.01.31-10.05.00:961][  0]LogConfig: Setting CVar [[r.Streaming.PoolSize:1000]]
[2020.01.31-10.05.00:961][  0]LogConfig: Setting CVar [[r.Streaming.MaxEffectiveScreenSize:0]]
[2020.01.31-10.05.00:961][  0]LogConfig: Applying CVar settings from Section [EffectsQuality@3] File [F:/Year 4/3D Games Prototyping/MyProject/Saved/Config/Windows/Scalability.ini]
[2020.01.31-10.05.00:961][  0]LogConfig: Setting CVar [[r.TranslucencyLightingVolumeDim:64]]
[2020.01.31-10.05.00:961][  0]LogConfig: Setting CVar [[r.RefractionQuality:2]]
[2020.01.31-10.05.00:961][  0]LogConfig: Setting CVar [[r.SSR.Quality:3]]
[2020.01.31-10.05.00:961][  0]LogConfig: Setting CVar [[r.SSR.HalfResSceneColor:0]]
[2020.01.31-10.05.00:961][  0]LogConfig: Setting CVar [[r.SceneColorFormat:4]]
[2020.01.31-10.05.00:961][  0]LogConfig: Setting CVar [[r.DetailMode:2]]
[2020.01.31-10.05.00:961][  0]LogConfig: Setting CVar [[r.TranslucencyVolumeBlur:1]]
[2020.01.31-10.05.00:961][  0]LogConfig: Setting CVar [[r.MaterialQualityLevel:1 ; High quality]]
[2020.01.31-10.05.00:961][  0]LogConfig: Setting CVar [[r.SSS.Scale:1]]
[2020.01.31-10.05.00:961][  0]LogConfig: Setting CVar [[r.SSS.SampleSet:2]]
[2020.01.31-10.05.00:961][  0]LogConfig: Setting CVar [[r.SSS.Quality:1]]
[2020.01.31-10.05.00:961][  0]LogConfig: Setting CVar [[r.SSS.HalfRes:1]]
[2020.01.31-10.05.00:961][  0]LogConfig: Setting CVar [[r.SSGI.Quality:3]]
[2020.01.31-10.05.00:961][  0]LogConfig: Setting CVar [[r.EmitterSpawnRateScale:1.0]]
[2020.01.31-10.05.00:961][  0]LogConfig: Setting CVar [[r.ParticleLightQuality:2]]
[2020.01.31-10.05.00:961][  0]LogConfig: Setting CVar [[r.SkyAtmosphere.AerialPerspectiveLUT.FastApplyOnOpaque:1 ; Always have FastSkyLUT 1 in this case to avoid wrong sky]]
[2020.01.31-10.05.00:961][  0]LogConfig: Setting CVar [[r.SkyAtmosphere.AerialPerspectiveLUT.SampleCountPerSlice:1]]
[2020.01.31-10.05.00:961][  0]LogConfig: Setting CVar [[r.SkyAtmosphere.AerialPerspectiveLUT.DepthResolution:16.0]]
[2020.01.31-10.05.00:961][  0]LogConfig: Setting CVar [[r.SkyAtmosphere.FastSkyLUT:1]]
[2020.01.31-10.05.00:962][  0]LogConfig: Setting CVar [[r.SkyAtmosphere.FastSkyLUT.SampleCountMin:4.0]]
[2020.01.31-10.05.00:962][  0]LogConfig: Setting CVar [[r.SkyAtmosphere.FastSkyLUT.SampleCountMax:32.0]]
[2020.01.31-10.05.00:962][  0]LogConfig: Setting CVar [[r.SkyAtmosphere.SampleCountMin:4.0]]
[2020.01.31-10.05.00:962][  0]LogConfig: Setting CVar [[r.SkyAtmosphere.SampleCountMax:32.0]]
[2020.01.31-10.05.00:962][  0]LogConfig: Setting CVar [[r.SkyAtmosphere.TransmittanceLUT.UseSmallFormat:0]]
[2020.01.31-10.05.00:962][  0]LogConfig: Setting CVar [[r.SkyAtmosphere.TransmittanceLUT.SampleCount:10.0]]
[2020.01.31-10.05.00:962][  0]LogConfig: Setting CVar [[r.SkyAtmosphere.MultiScatteringLUT.SampleCount:15.0]]
[2020.01.31-10.05.00:962][  0]LogConfig: Applying CVar settings from Section [FoliageQuality@3] File [F:/Year 4/3D Games Prototyping/MyProject/Saved/Config/Windows/Scalability.ini]
[2020.01.31-10.05.00:962][  0]LogConfig: Setting CVar [[foliage.DensityScale:1.0]]
[2020.01.31-10.05.00:962][  0]LogConfig: Setting CVar [[grass.DensityScale:1.0]]
[2020.01.31-10.05.00:962][  0]LogConfig: Applying CVar settings from Section [ShadingQuality@3] File [F:/Year 4/3D Games Prototyping/MyProject/Saved/Config/Windows/Scalability.ini]
[2020.01.31-10.05.00:962][  0]LogConfig: Setting CVar [[r.HairStrands.SkyLighting.SampleCount:16]]
[2020.01.31-10.05.00:962][  0]LogConfig: Setting CVar [[r.HairStrands.SkyLighting.JitterIntegration:0]]
[2020.01.31-10.05.00:962][  0]LogConfig: Setting CVar [[r.HairStrands.SkyAO.SampleCount:16]]
[2020.01.31-10.05.00:962][  0]LogConfig: Applying CVar settings from Section [Startup] File [../../../Engine/Config/ConsoleVariables.ini]
[2020.01.31-10.05.00:962][  0]LogConfig: Setting CVar [[net.UseAdaptiveNetUpdateFrequency:0]]
[2020.01.31-10.05.00:962][  0]LogConfig: Setting CVar [[p.chaos.AllowCreatePhysxBodies:1]]
[2020.01.31-10.05.00:962][  0]LogConfig: Applying CVar settings from Section [ConsoleVariables] File [F:/Year 4/3D Games Prototyping/MyProject/Saved/Config/Windows/Engine.ini]
[2020.01.31-10.05.00:963][  0]LogInit: Computer: 9336-13L526340
[2020.01.31-10.05.00:963][  0]LogInit: User: b6017871
[2020.01.31-10.05.00:963][  0]LogInit: CPU Page size=4096, Cores=6
[2020.01.31-10.05.00:963][  0]LogInit: High frequency timer resolution =10.000000 MHz
[2020.01.31-10.05.00:963][  0]LogMemory: Memory total: Physical=31.3GB (32GB approx)
[2020.01.31-10.05.00:963][  0]LogMemory: Platform Memory Stats for Windows
[2020.01.31-10.05.00:963][  0]LogMemory: Process Physical Memory: 106.48 MB used, 106.49 MB peak
[2020.01.31-10.05.00:963][  0]LogMemory: Process Virtual Memory: 101.92 MB used, 101.92 MB peak
[2020.01.31-10.05.00:963][  0]LogMemory: Physical Memory: 10603.02 MB used,  21496.27 MB free, 32099.29 MB total
[2020.01.31-10.05.00:963][  0]LogMemory: Virtual Memory: 5175.39 MB used,  134212552.00 MB free, 134217728.00 MB total
[2020.01.31-10.05.00:967][  0]LogWindows: WindowsPlatformFeatures enabled
[2020.01.31-10.05.01:047][  0]LogInit: Using OS detected language (en-GB).
[2020.01.31-10.05.01:047][  0]LogInit: Using OS detected locale (en-GB).
[2020.01.31-10.05.01:047][  0]LogTextLocalizationManager: No specific localization for 'en-GB' exists, so the 'en' localization will be used.
[2020.01.31-10.05.01:162][  0]LogInit: Setting process to per monitor DPI aware
[2020.01.31-10.05.01:216][  0]LogSlate: New Slate User Created.  User Index 0, Is Virtual User: 0
[2020.01.31-10.05.01:216][  0]LogSlate: Slate User Registered.  User Index 0, Is Virtual User: 0
[2020.01.31-10.05.01:345][  0]LogHMD: Failed to initialize OpenVR with code 110
[2020.01.31-10.05.01:346][  0]LogD3D11RHI: D3D11 min allowed feature level: 11_0
[2020.01.31-10.05.01:346][  0]LogD3D11RHI: D3D11 max allowed feature level: 11_0
[2020.01.31-10.05.01:346][  0]LogD3D11RHI: D3D11 adapters:
[2020.01.31-10.05.01:428][  0]LogD3D11RHI:    0. 'NVIDIA GeForce RTX 2080' (Feature Level 11_0)
[2020.01.31-10.05.01:428][  0]LogD3D11RHI:       8010/0/16049 MB DedicatedVideo/DedicatedSystem/SharedSystem, Outputs:2, VendorId:0x10de
[2020.01.31-10.05.01:474][  0]LogD3D11RHI:    1. 'Intel(R) UHD Graphics 630' (Feature Level 11_0)
[2020.01.31-10.05.01:474][  0]LogD3D11RHI:       128/0/16049 MB DedicatedVideo/DedicatedSystem/SharedSystem, Outputs:0, VendorId:0x8086
[2020.01.31-10.05.01:479][  0]LogD3D11RHI:    2. 'Microsoft Basic Render Driver' (Feature Level 11_0)
[2020.01.31-10.05.01:479][  0]LogD3D11RHI:       0/0/16049 MB DedicatedVideo/DedicatedSystem/SharedSystem, Outputs:0, VendorId:0x1414
[2020.01.31-10.05.01:479][  0]LogD3D11RHI: Chosen D3D11 Adapter: 0
[2020.01.31-10.05.01:485][  0]LogD3D11RHI: Creating new Direct3DDevice
[2020.01.31-10.05.01:485][  0]LogD3D11RHI:     GPU DeviceId: 0x1e82 (for the marketing name, search the web for "GPU Device Id")
[2020.01.31-10.05.01:485][  0]LogWindows: EnumDisplayDevices:
[2020.01.31-10.05.01:485][  0]LogWindows:    0. 'NVIDIA GeForce RTX 2080' (P:1 D:1)
[2020.01.31-10.05.01:485][  0]LogWindows:    1. 'NVIDIA GeForce RTX 2080' (P:0 D:1)
[2020.01.31-10.05.01:486][  0]LogWindows:    2. 'NVIDIA GeForce RTX 2080' (P:0 D:0)
[2020.01.31-10.05.01:486][  0]LogWindows:    3. 'NVIDIA GeForce RTX 2080' (P:0 D:0)
[2020.01.31-10.05.01:486][  0]LogWindows:    4. 'Intel(R) UHD Graphics 630' (P:0 D:0)
[2020.01.31-10.05.01:486][  0]LogWindows:    5. 'Intel(R) UHD Graphics 630' (P:0 D:0)
[2020.01.31-10.05.01:487][  0]LogWindows:    6. 'Intel(R) UHD Graphics 630' (P:0 D:0)
[2020.01.31-10.05.01:487][  0]LogWindows: DebugString: PrimaryIsNotTheChoosenAdapter PrimaryIsNotTheChoosenAdapter PrimaryIsNotTheChoosenAdapter FoundDriverCount:4 
[2020.01.31-10.05.01:487][  0]LogD3D11RHI:     Adapter Name: NVIDIA GeForce RTX 2080
[2020.01.31-10.05.01:487][  0]LogD3D11RHI:   Driver Version: 411.70 (internal:24.21.14.1170, unified:411.70)
[2020.01.31-10.05.01:487][  0]LogD3D11RHI:      Driver Date: 9-25-2018
[2020.01.31-10.05.01:487][  0]LogRHI: Texture pool is 5607 MB (70% of 8010 MB)
[2020.01.31-10.05.01:526][  0]LogD3D11RHI: RHI has support for 64 bit atomics
[2020.01.31-10.05.01:526][  0]LogD3D11RHI: Async texture creation enabled
[2020.01.31-10.05.01:542][  0]LogD3D11RHI: GPU Timing Frequency: 1000.000000 (Debug: 2 2)
[2020.01.31-10.05.01:833][  0]LogTargetPlatformManager: Display: Loaded TargetPlatform 'AllDesktop'
[2020.01.31-10.05.01:871][  0]LogTargetPlatformManager: Display: Loaded TargetPlatform 'Android'
[2020.01.31-10.05.01:871][  0]LogTargetPlatformManager: Display: Loaded TargetPlatform 'Android_ASTC'
[2020.01.31-10.05.01:871][  0]LogTargetPlatformManager: Display: Loaded TargetPlatform 'Android_ATC'
[2020.01.31-10.05.01:871][  0]LogTargetPlatformManager: Display: Loaded TargetPlatform 'Android_DXT'
[2020.01.31-10.05.01:871][  0]LogTargetPlatformManager: Display: Loaded TargetPlatform 'Android_ETC1'
[2020.01.31-10.05.01:871][  0]LogTargetPlatformManager: Display: Loaded TargetPlatform 'Android_ETC1a'
[2020.01.31-10.05.01:871][  0]LogTargetPlatformManager: Display: Loaded TargetPlatform 'Android_ETC2'
[2020.01.31-10.05.01:871][  0]LogTargetPlatformManager: Display: Loaded TargetPlatform 'Android_PVRTC'
[2020.01.31-10.05.01:871][  0]LogTargetPlatformManager: Display: Loaded TargetPlatform 'AndroidClient'
[2020.01.31-10.05.01:871][  0]LogTargetPlatformManager: Display: Loaded TargetPlatform 'Android_ASTCClient'
[2020.01.31-10.05.01:871][  0]LogTargetPlatformManager: Display: Loaded TargetPlatform 'Android_ATCClient'
[2020.01.31-10.05.01:871][  0]LogTargetPlatformManager: Display: Loaded TargetPlatform 'Android_DXTClient'
[2020.01.31-10.05.01:871][  0]LogTargetPlatformManager: Display: Loaded TargetPlatform 'Android_ETC1Client'
[2020.01.31-10.05.01:871][  0]LogTargetPlatformManager: Display: Loaded TargetPlatform 'Android_ETC1aClient'
[2020.01.31-10.05.01:871][  0]LogTargetPlatformManager: Display: Loaded TargetPlatform 'Android_ETC2Client'
[2020.01.31-10.05.01:871][  0]LogTargetPlatformManager: Display: Loaded TargetPlatform 'Android_PVRTCClient'
[2020.01.31-10.05.01:871][  0]LogTargetPlatformManager: Display: Loaded TargetPlatform 'Android_Multi'
[2020.01.31-10.05.01:871][  0]LogTargetPlatformManager: Display: Loaded TargetPlatform 'Android_MultiClient'
[2020.01.31-10.05.01:906][  0]LogTargetPlatformManager: Display: Loaded TargetPlatform 'IOSClient'
[2020.01.31-10.05.01:906][  0]LogTargetPlatformManager: Display: Loaded TargetPlatform 'IOS'
[2020.01.31-10.05.01:921][  0]LogTargetPlatformManager: Display: Loaded TargetPlatform 'LinuxNoEditor'
[2020.01.31-10.05.01:941][  0]LogTargetPlatformManager: Display: Loaded TargetPlatform 'LinuxClient'
[2020.01.31-10.05.01:957][  0]LogTargetPlatformManager: Display: Loaded TargetPlatform 'LinuxServer'
[2020.01.31-10.05.01:972][  0]LogTargetPlatformManager: Display: Loaded TargetPlatform 'LinuxAArch64NoEditor'
[2020.01.31-10.05.01:992][  0]LogTargetPlatformManager: Display: Loaded TargetPlatform 'LinuxAArch64Client'
[2020.01.31-10.05.02:022][  0]LogTargetPlatformManager: Display: Loaded TargetPlatform 'LinuxAArch64Server'
[2020.01.31-10.05.02:072][  0]LogTargetPlatformManager: Display: Loaded TargetPlatform 'Lumin'
[2020.01.31-10.05.02:072][  0]LogTargetPlatformManager: Display: Loaded TargetPlatform 'LuminClient'
[2020.01.31-10.05.02:101][  0]LogTargetPlatformManager: Display: Loaded TargetPlatform 'TVOSClient'
[2020.01.31-10.05.02:101][  0]LogTargetPlatformManager: Display: Loaded TargetPlatform 'TVOS'
[2020.01.31-10.05.02:120][  0]LogTargetPlatformManager: Display: Loaded TargetPlatform 'WindowsNoEditor'
[2020.01.31-10.05.02:135][  0]LogTargetPlatformManager: Display: Loaded TargetPlatform 'Windows'
[2020.01.31-10.05.02:150][  0]LogTargetPlatformManager: Display: Loaded TargetPlatform 'WindowsClient'
[2020.01.31-10.05.02:164][  0]LogTargetPlatformManager: Display: Loaded TargetPlatform 'WindowsServer'
[2020.01.31-10.05.02:164][  0]LogTargetPlatformManager: Display: Building Assets For Windows
[2020.01.31-10.05.02:170][  0]LogAudioDebug: Display: Lib vorbis DLL was dynamically loaded.
[2020.01.31-10.05.02:215][  0]LogShaderCompilers: Guid format shader working directory is 8 characters bigger than the processId version (F:/Year 4/3D Games Prototyping/MyProject/Intermediate/Shaders/WorkingDirectory/19176/).
[2020.01.31-10.05.02:215][  0]LogShaderCompilers: Cleaned the shader compiler working directory 'C:/Users/b6017871/AppData/Local/Temp/UnrealShaderWorkingDir/F71A061E4873F2A5DACCDDB2B493CE81/'.
[2020.01.31-10.05.02:216][  0]LogXGEController: Cannot use XGE Controller as Incredibuild is not installed on this machine.
[2020.01.31-10.05.02:216][  0]LogShaderCompilers: Cannot use XGE Shader Compiler as Incredibuild is not installed on this machine.
[2020.01.31-10.05.02:216][  0]LogShaderCompilers: Display: Using Local Shader Compiler.
[2020.01.31-10.05.02:864][  0]LogDerivedDataCache: Display: Max Cache Size: 512 MB
[2020.01.31-10.05.02:904][  0]LogDerivedDataCache: Loaded boot cache 0.04s 79MB C:/Users/b6017871/AppData/Local/UnrealEngine/4.24/DerivedDataCache/Boot.ddc.
[2020.01.31-10.05.02:904][  0]LogDerivedDataCache: Display: Loaded Boot cache: C:/Users/b6017871/AppData/Local/UnrealEngine/4.24/DerivedDataCache/Boot.ddc
[2020.01.31-10.05.02:905][  0]LogDerivedDataCache: FDerivedDataBackendGraph:  Pak pak cache file F:/Year 4/3D Games Prototyping/MyProject/DerivedDataCache/DDC.ddp not found, will not use a pak cache.
[2020.01.31-10.05.02:905][  0]LogDerivedDataCache: Unable to find inner node Pak for hierarchical cache Hierarchy.
[2020.01.31-10.05.02:906][  0]LogDerivedDataCache: FDerivedDataBackendGraph:  CompressedPak pak cache file F:/Year 4/3D Games Prototyping/MyProject/DerivedDataCache/Compressed.ddp not found, will not use a pak cache.
[2020.01.31-10.05.02:906][  0]LogDerivedDataCache: Unable to find inner node CompressedPak for hierarchical cache Hierarchy.
[2020.01.31-10.05.02:914][  0]LogDerivedDataCache: Display: Pak cache opened for reading ../../../Engine/DerivedDataCache/Compressed.ddp.
[2020.01.31-10.05.02:915][  0]LogDerivedDataCache: FDerivedDataBackendGraph:  EnterprisePak pak cache file ../../../Enterprise/DerivedDataCache/Compressed.ddp not found, will not use a pak cache.
[2020.01.31-10.05.02:915][  0]LogDerivedDataCache: Unable to find inner node EnterprisePak for hierarchical cache Hierarchy.
[2020.01.31-10.05.02:917][  0]LogDerivedDataCache: Using Local data cache path C:/Users/b6017871/AppData/Local/UnrealEngine/Common/DerivedDataCache: Writable
[2020.01.31-10.05.02:917][  0]LogDerivedDataCache: Shared data cache path not found in *engine.ini, will not use an Shared cache.
[2020.01.31-10.05.02:917][  0]LogDerivedDataCache: Unable to find inner node Shared for hierarchical cache Hierarchy.
[2020.01.31-10.05.02:935][  0]LogMaterial: Verifying Global Shaders for PCD3D_SM5
[2020.01.31-10.05.02:937][  0]LogSlate: Using FreeType 2.10.0
[2020.01.31-10.05.02:938][  0]LogSlate: SlateFontServices - WITH_FREETYPE: 1, WITH_HARFBUZZ: 1
[2020.01.31-10.05.02:988][  0]LogAssetRegistry: FAssetRegistry took 0.0059 seconds to start up
[2020.01.31-10.05.03:379][  0]LogInit: Selected Device Profile: [Windows]
[2020.01.31-10.05.03:508][  0]LogMeshReduction: Using QuadricMeshReduction for automatic static mesh reduction
[2020.01.31-10.05.03:508][  0]LogMeshReduction: Using SimplygonMeshReduction for automatic skeletal mesh reduction
[2020.01.31-10.05.03:508][  0]LogMeshReduction: Using ProxyLODMeshReduction for automatic mesh merging
[2020.01.31-10.05.03:508][  0]LogMeshReduction: No distributed automatic mesh merging module available
[2020.01.31-10.05.03:508][  0]LogMeshMerging: No distributed automatic mesh merging module available
[2020.01.31-10.05.03:518][  0]LogNetVersion: MyProject 1.0.0, NetCL: 10570792, EngineNetVer: 13, GameNetVer: 0 (Checksum: 2318771507)
[2020.01.31-10.05.04:660][  0]LogPackageLocalizationCache: Processed 10 localized package path(s) for 1 prioritized culture(s) in 0.261456 seconds
[2020.01.31-10.05.04:666][  0]LogUObjectArray: 46750 objects as part of root set at end of initial load.
[2020.01.31-10.05.04:666][  0]LogUObjectAllocator: 8137160 out of 0 bytes used by permanent object pool.
[2020.01.31-10.05.04:666][  0]LogUObjectArray: CloseDisregardForGC: 0/0 objects in disregard for GC pool
[2020.01.31-10.05.05:138][  0]LogTcpMessaging: Initializing TcpMessaging bridge
[2020.01.31-10.05.05:143][  0]LogUdpMessaging: Initializing bridge on interface 0.0.0.0:0 to multicast group 230.0.0.1:6666.
[2020.01.31-10.05.05:144][  0]LogDirectoryWatcher: A directory notification failed for 'F:/Year 4/3D Games Prototyping/MyProject/Content/' because it was empty or there was a buffer overflow. Attemping another request...
[2020.01.31-10.05.05:144][  0]LogDirectoryWatcher: A directory notification failed for 'F:/Year 4/3D Games Prototyping/MyProject/Content/' because it was empty or there was a buffer overflow. Attemping another request...
[2020.01.31-10.05.05:144][  0]LogDirectoryWatcher: A directory notification failed for 'F:/Year 4/3D Games Prototyping/MyProject/Binaries/Win64' because it was empty or there was a buffer overflow. Attemping another request...
[2020.01.31-10.05.05:312][  0]SourceControl: Source control is disabled
[2020.01.31-10.05.05:312][  0]SourceControl: Source control is disabled
[2020.01.31-10.05.05:314][  0]SourceControl: Source control is disabled
[2020.01.31-10.05.05:316][  0]SourceControl: Source control is disabled
[2020.01.31-10.05.05:318][  0]SourceControl: Source control is disabled
[2020.01.31-10.05.05:612][  0]LogAndroidPermission: UAndroidPermissionCallbackProxy::GetInstance
[2020.01.31-10.05.05:628][  0]LogAudioCaptureCore: Display: No Audio Capture implementations found. Audio input will be silent.
[2020.01.31-10.05.05:628][  0]LogAudioCaptureCore: Display: No Audio Capture implementations found. Audio input will be silent.
[2020.01.31-10.05.05:704][  0]LogOcInput: OculusInput pre-init called
[2020.01.31-10.05.05:715][  0]LogWindows: Failed to load 'OVRPlugin.dll' (GetLastError=126)
[2020.01.31-10.05.05:715][  0]LogWindows: File 'OVRPlugin.dll' does not exist
[2020.01.31-10.05.05:786][  0]LogEngine: Initializing Engine...
[2020.01.31-10.05.05:787][  0]LogHMD: Failed to initialize OpenVR with code 110
[2020.01.31-10.05.05:789][  0]LogStats: UGameplayTagsManager::InitializeManager -  0.001 s
[2020.01.31-10.05.06:045][  0]LogInit: Initializing FReadOnlyCVARCache
[2020.01.31-10.05.06:056][  0]LogAIModule: Creating AISystem for world Untitled
[2020.01.31-10.05.06:059][  0]LogAudioMixer: Display: Audio Mixer Platform Settings:
[2020.01.31-10.05.06:060][  0]LogAudioMixer: Display: 	Sample Rate:						  48000
[2020.01.31-10.05.06:060][  0]LogAudioMixer: Display: 	Callback Buffer Frame Size Requested: 1024
[2020.01.31-10.05.06:060][  0]LogAudioMixer: Display: 	Callback Buffer Frame Size To Use:	  1024
[2020.01.31-10.05.06:060][  0]LogAudioMixer: Display: 	Number of buffers to queue:			  2
[2020.01.31-10.05.06:060][  0]LogAudioMixer: Display: 	Max Channels (voices):				  32
[2020.01.31-10.05.06:060][  0]LogAudioMixer: Display: 	Number of Async Source Workers:		  0
[2020.01.31-10.05.06:060][  0]LogAudio: Display: AudioDevice MaxSources: 32
[2020.01.31-10.05.06:060][  0]LogAudio: Display: Using built-in audio occlusion.
[2020.01.31-10.05.06:060][  0]LogAudioMixer: Display: Initializing audio mixer.
[2020.01.31-10.05.06:078][  0]LogAudioMixer: Display: Audio Device Output Speaker Info:
[2020.01.31-10.05.06:078][  0]LogAudioMixer: Display: Name: Speakers (Synaptics HD Audio)
[2020.01.31-10.05.06:078][  0]LogAudioMixer: Display: Is Default: Yes
[2020.01.31-10.05.06:078][  0]LogAudioMixer: Display: Sample Rate: 48000
[2020.01.31-10.05.06:078][  0]LogAudioMixer: Display: Channel Count Used: 2
[2020.01.31-10.05.06:078][  0]LogAudioMixer: Display: Device Channel Count: 2
[2020.01.31-10.05.06:078][  0]LogAudioMixer: Display: Channel Order:
[2020.01.31-10.05.06:078][  0]LogAudioMixer: Display: 0: FrontLeft
[2020.01.31-10.05.06:078][  0]LogAudioMixer: Display: 1: FrontRight
[2020.01.31-10.05.06:103][  0]LogAudioMixer: Display: Using Audio Device Speakers (Synaptics HD Audio)
[2020.01.31-10.05.06:109][  0]LogInit: FAudioDevice initialized.
[2020.01.31-10.05.06:109][  0]LogNetVersion: Set ProjectVersion to 1.0.0.0. Version Checksum will be recalculated on next use.
[2020.01.31-10.05.06:157][  0]LogDerivedDataCache: Saved boot cache 0.05s 78MB C:/Users/b6017871/AppData/Local/UnrealEngine/4.24/DerivedDataCache/Boot.ddc.
[2020.01.31-10.05.06:158][  0]LogInit: Texture streaming: Enabled
[2020.01.31-10.05.06:172][  0]LogEngineSessionManager: EngineSessionManager initialized
[2020.01.31-10.05.06:172][  0]LogEngineSessionManager: EngineSessionManager sent abnormal shutdown report. Type=Debugger, SessionId={383B7811-480B-53A4-CE0F-B4919C3192EF}
[2020.01.31-10.05.06:172][  0]LogEditorSessionSummary: Verbose: Initializing EditorSessionSummaryWriter for editor session tracking
[2020.01.31-10.05.06:177][  0]LogEditorSessionSummary: EditorSessionSummaryWriter initialized
[2020.01.31-10.05.06:324][  0]LogInit: Transaction tracking system initialized
[2020.01.31-10.05.06:347][  0]BlueprintLog: New page: Editor Load
[2020.01.31-10.05.06:419][  0]LocalizationService: Localization service is disabled
[2020.01.31-10.05.06:665][  0]LogCook: Display: Max memory allowance for cook 16384mb min free memory 0mb
[2020.01.31-10.05.06:665][  0]LogCook: Display: Mobile HDR setting 1
[2020.01.31-10.05.06:762][  0]LogFileCache: Scanning file cache for directory 'F:/Year 4/3D Games Prototyping/MyProject/Content/' took 0.02s
[2020.01.31-10.05.07:300][  0]SourceControl: Source control is disabled
[2020.01.31-10.05.07:437][  0]LogSlate: Took 0.000342 seconds to synchronously load lazily loaded font '../../../Engine/Content/Slate/Fonts/Roboto-Regular.ttf' (155K)
[2020.01.31-10.05.11:830][  0]LogSlate: Window 'Restore Packages' being destroyed
[2020.01.31-10.05.11:831][  0]LogWindowsTextInputMethodSystem: Display: IME system now deactivated.
[2020.01.31-10.05.11:834][  0]LogWindowsTextInputMethodSystem: Display: IME system now deactivated.
[2020.01.31-10.05.11:849][  0]Cmd: MAP LOAD FILE="../../../Engine/Content/Maps/Templates/Template_Default.umap" TEMPLATE=1 SHOWPROGRESS=1 FEATURELEVEL=3
[2020.01.31-10.05.11:850][  0]LightingResults: New page: Lighting Build
[2020.01.31-10.05.11:850][  0]LogWorld: UWorld::CleanupWorld for Untitled, bSessionEnded=true, bCleanupResources=true
[2020.01.31-10.05.11:850][  0]LogSlate: InvalidateAllWidgets triggered.  All widgets were invalidated
[2020.01.31-10.05.11:850][  0]MapCheck: New page: Map Check
[2020.01.31-10.05.11:850][  0]LightingResults: New page: Lighting Build
[2020.01.31-10.05.11:881][  0]LogUObjectHash: Compacting FUObjectHashTables data took   1.63ms
[2020.01.31-10.05.11:949][  0]LogAIModule: Creating AISystem for world Untitled_1
[2020.01.31-10.05.11:953][  0]LogEditorServer: Finished looking for orphan Actors (0.000 secs)
[2020.01.31-10.05.11:982][  0]LogUObjectHash: Compacting FUObjectHashTables data took   1.71ms
[2020.01.31-10.05.11:982][  0]Cmd: MAP CHECKDEP NOCLEARLOG
[2020.01.31-10.05.11:983][  0]MapCheck: Map check complete: 0 Error(s), 0 Warning(s), took 0.391ms to complete.
[2020.01.31-10.05.11:983][  0]LogFileHelpers: Loading map 'Template_Default' took 0.134
[2020.01.31-10.05.12:094][  0]LogSlate: Updating window title bar state: overlay mode, drag disabled, window buttons hidden, title bar hidden
[2020.01.31-10.05.12:099][  0]LogSlate: Updating window title bar state: overlay mode, drag disabled, window buttons hidden, title bar hidden
[2020.01.31-10.05.12:104][  0]LogSlate: Updating window title bar state: overlay mode, drag disabled, window buttons hidden, title bar hidden
[2020.01.31-10.05.12:109][  0]LogSlate: Updating window title bar state: overlay mode, drag disabled, window buttons hidden, title bar hidden
[2020.01.31-10.05.12:125][  0]LogCollectionManager: Loaded 0 collections in 0.010158 seconds
[2020.01.31-10.05.12:159][  0]LogFileCache: Scanning file cache for directory 'F:/Year 4/3D Games Prototyping/MyProject/Saved/Collections/' took 0.01s
[2020.01.31-10.05.12:159][  0]LogFileCache: Scanning file cache for directory 'F:/Year 4/3D Games Prototyping/MyProject/Content/Developers/b6017871/Collections/' took 0.00s
[2020.01.31-10.05.12:160][  0]LogFileCache: Scanning file cache for directory 'F:/Year 4/3D Games Prototyping/MyProject/Content/Collections/' took 0.01s
[2020.01.31-10.05.12:160][  0]LogContentBrowser: Native class hierarchy populated in 0.0266 seconds. Added 3017 classes and 720 folders.
[2020.01.31-10.05.12:167][  0]LogContentBrowser: Native class hierarchy updated for 'WidgetCarousel' in 0.0060 seconds. Added 0 classes and 0 folders.
[2020.01.31-10.05.12:223][  0]LogContentBrowser: Native class hierarchy updated for 'AddContentDialog' in 0.0061 seconds. Added 0 classes and 0 folders.
[2020.01.31-10.05.12:233][  0]LogContentBrowser: Native class hierarchy updated for 'SceneOutliner' in 0.0058 seconds. Added 2 classes and 3 folders.
[2020.01.31-10.05.12:280][  0]LogSlate: Took 0.000147 seconds to synchronously load lazily loaded font '../../../Engine/Content/Slate/Fonts/Roboto-Bold.ttf' (160K)
[2020.01.31-10.05.12:283][  0]LogSlate: Took 0.000137 seconds to synchronously load lazily loaded font '../../../Engine/Content/Editor/Slate/Fonts/FontAwesome.ttf' (139K)
[2020.01.31-10.05.12:319][  0]LogRenderer: Reallocating scene render targets to support 1208x652 Format 10 NumSamples 1 (Frame:1).
[2020.01.31-10.05.12:415][  0]LogContentBrowser: Native class hierarchy updated for 'HierarchicalLODOutliner' in 0.0056 seconds. Added 0 classes and 0 folders.
[2020.01.31-10.05.12:416][  0]LogLoad: (Engine Initialization) Total time: 14.44 seconds
[2020.01.31-10.05.12:416][  0]LogLoad: (Engine Initialization) Total Blueprint compile time: 0.00 seconds
[2020.01.31-10.05.12:450][  0]LogAssetRegistry: Asset discovery search completed in 9.4656 seconds
[2020.01.31-10.05.12:453][  0]LogCollectionManager: Fixed up redirectors for 0 collections in 0.000006 seconds (updated 0 objects)
[2020.01.31-10.05.12:454][  0]LogContentStreaming: Texture pool size now 1000 MB
[2020.01.31-10.05.12:488][  1]LogDirectoryWatcher: A directory notification failed for 'F:/Year 4/3D Games Prototyping/MyProject/Content/' because it was empty or there was a buffer overflow. Attemping another request...
[2020.01.31-10.05.12:489][  1]LogDirectoryWatcher: A directory notification failed for 'F:/Year 4/3D Games Prototyping/MyProject/Content/', and we were unable to create a new request.
[2020.01.31-10.05.12:489][  1]LogDirectoryWatcher: A directory notification failed for 'F:/Year 4/3D Games Prototyping/MyProject/Content/' because it was empty or there was a buffer overflow. Attemping another request...
[2020.01.31-10.05.12:490][  1]LogDirectoryWatcher: A directory notification failed for 'F:/Year 4/3D Games Prototyping/MyProject/Content/', and we were unable to create a new request.
[2020.01.31-10.05.12:490][  1]LogDirectoryWatcher: A directory notification failed for 'F:/Year 4/3D Games Prototyping/MyProject/Binaries/Win64' because it was empty or there was a buffer overflow. Attemping another request...
[2020.01.31-10.05.12:490][  1]LogDirectoryWatcher: A directory notification failed for 'F:/Year 4/3D Games Prototyping/MyProject/Binaries/Win64', and we were unable to create a new request.
[2020.01.31-10.05.12:490][  1]LogDirectoryWatcher: A directory notification failed for 'F:/Year 4/3D Games Prototyping/MyProject/Saved/Collections/' because it was empty or there was a buffer overflow. Attemping another request...
[2020.01.31-10.05.12:490][  1]LogDirectoryWatcher: A directory notification failed for 'F:/Year 4/3D Games Prototyping/MyProject/Content/Developers/b6017871/Collections/' because it was empty or there was a buffer overflow. Attemping another request...
[2020.01.31-10.05.12:491][  1]LogDirectoryWatcher: A directory notification failed for 'F:/Year 4/3D Games Prototyping/MyProject/Content/Collections/' because it was empty or there was a buffer overflow. Attemping another request...
[2020.01.31-10.05.12:495][  2]LogDirectoryWatcher: A directory notification failed for 'F:/Year 4/3D Games Prototyping/MyProject/Content/Developers/b6017871/Collections/' because it was empty or there was a buffer overflow. Attemping another request...
[2020.01.31-10.05.12:497][  2]LogDirectoryWatcher: A directory notification failed for 'F:/Year 4/3D Games Prototyping/MyProject/Content/Developers/b6017871/Collections/', and we were unable to create a new request.
[2020.01.31-10.05.12:497][  2]LogDirectoryWatcher: A directory notification failed for 'F:/Year 4/3D Games Prototyping/MyProject/Saved/Collections/' because it was empty or there was a buffer overflow. Attemping another request...
[2020.01.31-10.05.12:498][  2]LogDirectoryWatcher: A directory notification failed for 'F:/Year 4/3D Games Prototyping/MyProject/Saved/Collections/', and we were unable to create a new request.
[2020.01.31-10.05.12:498][  2]LogDirectoryWatcher: A directory notification failed for 'F:/Year 4/3D Games Prototyping/MyProject/Content/Collections/' because it was empty or there was a buffer overflow. Attemping another request...
[2020.01.31-10.05.12:498][  2]LogDirectoryWatcher: A directory notification failed for 'F:/Year 4/3D Games Prototyping/MyProject/Content/Collections/', and we were unable to create a new request.
[2020.01.31-10.05.34:736][312]Candidate modules for hot reload:
[2020.01.31-10.05.34:737][312]  MyProject
[2020.01.31-10.05.34:739][312]Launching UnrealBuildTool... [C:/Program Files/Epic Games/UE_4.24/Engine/Binaries/DotNET/UnrealBuildTool.exe  -ModuleWithSuffix=MyProject,7467 Win64 Development -TargetType=Editor -Project="F:/Year 4/3D Games Prototyping/MyProject/MyProject.uproject" "F:/Year 4/3D Games Prototyping/MyProject/MyProject.uproject"  -IgnoreJunk]
[2020.01.31-10.05.34:744][312]Warning: Starting HotReload took  0.0s.
[2020.01.31-10.05.38:186][676]LogSlate: Took 0.000309 seconds to synchronously load lazily loaded font '../../../Engine/Content/Slate/Fonts/Roboto-Light.ttf' (167K)
[2020.01.31-10.05.43:661][324]LogEditor: Attempting to add actor of class 'PlayerCharacter' to level at -560.00,-390.00,118.00
[2020.01.31-10.05.44:545][426]LogEditor: Attempting to add actor of class 'PlayerCharacter' to level at -150.00,-90.00,108.00
[2020.01.31-10.05.46:433][643]LogActorFactory: Actor Factory created Cube
[2020.01.31-10.05.46:983][707]LogActorFactory: Actor Factory created Cube
[2020.01.31-10.05.47:455][759]LogSlate: Took 0.000204 seconds to synchronously load lazily loaded font '../../../Engine/Content/Slate/Fonts/Roboto-Italic.ttf' (157K)
[2020.01.31-10.05.51:754][251]EditorErrors: New page: Actor attachment
[2020.01.31-10.05.59:424][933]LogSlate: Window 'Save Level As' being destroyed
[2020.01.31-10.06.20:598][885]LogSlate: Window 'Save Level As' being destroyed
[2020.01.31-10.06.20:643][885]LogSlate: Took 0.000148 seconds to synchronously load lazily loaded font '../../../Engine/Content/Slate/Fonts/Roboto-Light.ttf' (167K)
[2020.01.31-10.06.20:760][885]Cmd: OBJ SAVEPACKAGE PACKAGE="/Game/Maps/Test" FILE="F:/Year 4/3D Games Prototyping/MyProject/Content/Maps/Test.umap" SILENT=true AUTOSAVING=false KEEPDIRTY=false
[2020.01.31-10.06.20:840][885]LogUObjectHash: Compacting FUObjectHashTables data took   1.43ms
[2020.01.31-10.06.22:375][885]LogSavePackage: Moving 'F:/Year 4/3D Games Prototyping/MyProject/Saved/Test92948E3440DB4FD457838F8C7F331F25.tmp' to 'F:/Year 4/3D Games Prototyping/MyProject/Content/Maps/Test.umap'
[2020.01.31-10.06.22:438][885]Cmd: OBJ SAVEPACKAGE PACKAGE="/Game/Maps/Test_BuiltData" FILE="F:/Year 4/3D Games Prototyping/MyProject/Content/Maps/Test_BuiltData.uasset" SILENT=true
[2020.01.31-10.06.22:789][885]LogSavePackage: Moving 'F:/Year 4/3D Games Prototyping/MyProject/Saved/Test_BuiltData6EFB58CE42A094D3BE04FA96082286EA.tmp' to 'F:/Year 4/3D Games Prototyping/MyProject/Content/Maps/Test_BuiltData.uasset'
[2020.01.31-10.06.22:866][885]LogFileHelpers: Saving map 'Test' took 2.249
[2020.01.31-10.06.22:907][885]AssetCheck: New page: Asset Save: multiple assets
[2020.01.31-10.06.22:907][885]LogContentValidation: Display: Validating World /Game/Maps/Test.Test
[2020.01.31-10.06.22:907][885]LogContentValidation: Display: Validating MapBuildDataRegistry /Game/Maps/Test_BuiltData.Test_BuiltData
[2020.01.31-10.06.22:923][886]CompilerResultsLog: New page: Compilation - 31 Jan 2020, 10:06:22
[2020.01.31-10.06.22:923][886]CompilerResultsLog: Using 'git status' to determine working set for adaptive non-unity build (F:\Year 4\3D Games Prototyping).
[2020.01.31-10.06.22:923][886]CompilerResultsLog: Parsing headers for MyProjectEditor
[2020.01.31-10.06.22:924][886]CompilerResultsLog:   Running UnrealHeaderTool "F:\Year 4\3D Games Prototyping\MyProject\MyProject.uproject" "F:\Year 4\3D Games Prototyping\MyProject\Intermediate\Build\Win64\MyProjectEditor\Development\MyProjectEditor.uhtmanifest" -LogCmds="loginit warning, logexit warning, logdatabase error" -Unattended -WarningsAsErrors -installed
[2020.01.31-10.06.22:924][886]CompilerResultsLog: Reflection code generated for MyProjectEditor in 5.2382699 seconds
[2020.01.31-10.06.22:924][886]CompilerResultsLog: Building MyProjectEditor...
[2020.01.31-10.06.22:924][886]CompilerResultsLog: Using Visual Studio 2017 14.16.27031 toolchain (C:\Program Files (x86)\Microsoft Visual Studio\2017\VC\Tools\MSVC\14.16.27023) and Windows 10.0.17763.0 SDK (C:\Program Files (x86)\Windows Kits\10).
[2020.01.31-10.06.22:924][886]CompilerResultsLog: [Upgrade]
[2020.01.31-10.06.22:924][886]CompilerResultsLog: [Upgrade] Using backward-compatible build settings. The latest version of UE4 sets the following values by default, which may require code changes:
[2020.01.31-10.06.22:924][886]CompilerResultsLog: [Upgrade]     bLegacyPublicIncludePaths = false                 => Omits subfolders from public include paths to reduce compiler command line length. (Previously: true).
[2020.01.31-10.06.22:924][886]CompilerResultsLog: [Upgrade]     ShadowVariableWarningLevel = WarningLevel.Error   => Treats shadowed variable warnings as errors. (Previously: WarningLevel.Warning).
[2020.01.31-10.06.22:924][886]CompilerResultsLog: [Upgrade]     PCHUsage = PCHUsageMode.UseExplicitOrSharedPCHs   => Set in build.cs files to enables IWYU-style PCH model. See https://docs.unrealengine.com/en-US/Programming/BuildTools/UnrealBuildTool/IWYU/index.html. (Previously: PCHUsageMode.UseSharedPCHs).
[2020.01.31-10.06.22:924][886]CompilerResultsLog: [Upgrade] Suppress this message by setting 'DefaultBuildSettings = BuildSettingsVersion.V2;' in MyProjectEditor.Target.cs, and explicitly overriding settings that differ from the new defaults.
[2020.01.31-10.06.22:924][886]CompilerResultsLog: [Upgrade]
[2020.01.31-10.06.22:924][886]CompilerResultsLog: Building 4 actions with 12 processes...
[2020.01.31-10.06.22:924][886]CompilerResultsLog:   [1/4] PlayerCharacter.cpp
[2020.01.31-10.06.22:924][886]CompilerResultsLog:   F:\Year 4\3D Games Prototyping\MyProject\Source\MyProject\Player\PlayerCharacter.cpp(17): warning C4458: declaration of 'InputComponent' hides class member
[2020.01.31-10.06.22:924][886]CompilerResultsLog:   C:\Program Files\Epic Games\UE_4.24\Engine\Source\Runtime\Engine\Classes\GameFramework/Actor.h(560): note: see declaration of 'AActor::InputComponent'
[2020.01.31-10.06.22:924][886]CompilerResultsLog:   [2/4] UE4Editor-MyProject-7467.lib
[2020.01.31-10.06.22:925][886]CompilerResultsLog:      Creating library F:\Year 4\3D Games Prototyping\MyProject\Intermediate\Build\Win64\UE4Editor\Development\MyProject\UE4Editor-MyProject-7467.lib and object F:\Year 4\3D Games Prototyping\MyProject\Intermediate\Build\Win64\UE4Editor\Development\MyProject\UE4Editor-MyProject-7467.exp
[2020.01.31-10.06.22:925][886]CompilerResultsLog:   [3/4] UE4Editor-MyProject-7467.dll
[2020.01.31-10.06.22:925][886]CompilerResultsLog:      Creating library F:\Year 4\3D Games Prototyping\MyProject\Intermediate\Build\Win64\UE4Editor\Development\MyProject\UE4Editor-MyProject-7467.suppressed.lib and object F:\Year 4\3D Games Prototyping\MyProject\Intermediate\Build\Win64\UE4Editor\Development\MyProject\UE4Editor-MyProject-7467.suppressed.exp
[2020.01.31-10.06.22:925][886]CompilerResultsLog:   [4/4] MyProjectEditor.target
[2020.01.31-10.06.22:925][886]CompilerResultsLog: Total time in Parallel executor: 41.17 seconds
[2020.01.31-10.06.22:925][886]CompilerResultsLog: Total execution time: 47.79 seconds
[2020.01.31-10.06.22:925][886]LogMainFrame: MainFrame: Module compiling took 48.196 seconds
[2020.01.31-10.06.22:948][886]LogUObjectHash: Compacting FUObjectHashTables data took   0.56ms
[2020.01.31-10.06.23:057][886]LogHotReload: Re-instancing PlayerCharacter after hot-reload.
[2020.01.31-10.06.23:176][886]LogContentBrowser: Native class hierarchy updated for 'MyProject' in 0.0256 seconds. Added 2 classes and 3 folders.
[2020.01.31-10.06.23:182][886]Display: HotReload successful (0 functions remapped  0 scriptstructs remapped)
[2020.01.31-10.06.23:242][886]LogUObjectHash: Compacting FUObjectHashTables data took   1.33ms
[2020.01.31-10.06.23:275][886]LogContentBrowser: Native class hierarchy populated in 0.0297 seconds. Added 3019 classes and 723 folders.
[2020.01.31-10.06.23:275][886]Display: HotReload took 48.6s.
[2020.01.31-10.06.27:289][339]LogTemp: Repeating last play command: Selected Viewport
[2020.01.31-10.06.27:304][339]LogPlayLevel: PlayLevel: No blueprints needed recompiling
[2020.01.31-10.06.27:304][339]PIE: New page: PIE session: Test (31 Jan 2020, 10:06:27)
[2020.01.31-10.06.27:306][339]LogOnline: OSS: Creating online subsystem instance for: NULL
[2020.01.31-10.06.27:307][339]LogOnline: OSS: TryLoadSubsystemAndSetDefault: Loaded subsystem for module [NULL]
[2020.01.31-10.06.27:307][339]LogPlayLevel: Creating play world package: /Game/Maps/UEDPIE_0_Test
[2020.01.31-10.06.27:311][339]LogPlayLevel: PIE: StaticDuplicateObject took: (0.001764s)
[2020.01.31-10.06.27:312][339]LogAIModule: Creating AISystem for world Test
[2020.01.31-10.06.27:312][339]LogPlayLevel: PIE: World Init took: (0.000837s)
[2020.01.31-10.06.27:312][339]LogPlayLevel: PIE: Created PIE world by copying editor world from /Game/Maps/Test.Test to /Game/Maps/UEDPIE_0_Test.Test (0.004527s)
[2020.01.31-10.06.27:336][339]LogUObjectHash: Compacting FUObjectHashTables data took   1.10ms
[2020.01.31-10.06.27:336][339]LogAudioMixer: Display: Audio Mixer Platform Settings:
[2020.01.31-10.06.27:337][339]LogAudioMixer: Display: 	Sample Rate:						  48000
[2020.01.31-10.06.27:337][339]LogAudioMixer: Display: 	Callback Buffer Frame Size Requested: 1024
[2020.01.31-10.06.27:337][339]LogAudioMixer: Display: 	Callback Buffer Frame Size To Use:	  1024
[2020.01.31-10.06.27:337][339]LogAudioMixer: Display: 	Number of buffers to queue:			  2
[2020.01.31-10.06.27:337][339]LogAudioMixer: Display: 	Max Channels (voices):				  32
[2020.01.31-10.06.27:337][339]LogAudioMixer: Display: 	Number of Async Source Workers:		  0
[2020.01.31-10.06.27:337][339]LogAudio: Display: AudioDevice MaxSources: 32
[2020.01.31-10.06.27:338][339]LogAudio: Display: Using built-in audio occlusion.
[2020.01.31-10.06.27:338][339]LogAudioMixer: Display: Initializing audio mixer.
[2020.01.31-10.06.27:342][339]LogAudioMixer: Display: Audio Device Output Speaker Info:
[2020.01.31-10.06.27:342][339]LogAudioMixer: Display: Name: Speakers (Synaptics HD Audio)
[2020.01.31-10.06.27:343][339]LogAudioMixer: Display: Is Default: Yes
[2020.01.31-10.06.27:343][339]LogAudioMixer: Display: Sample Rate: 48000
[2020.01.31-10.06.27:343][339]LogAudioMixer: Display: Channel Count Used: 2
[2020.01.31-10.06.27:343][339]LogAudioMixer: Display: Device Channel Count: 2
[2020.01.31-10.06.27:343][339]LogAudioMixer: Display: Channel Order:
[2020.01.31-10.06.27:343][339]LogAudioMixer: Display: 0: FrontLeft
[2020.01.31-10.06.27:343][339]LogAudioMixer: Display: 1: FrontRight
[2020.01.31-10.06.27:349][339]LogAudioMixer: Display: Using Audio Device Speakers (Synaptics HD Audio)
[2020.01.31-10.06.27:351][339]LogInit: FAudioDevice initialized.
[2020.01.31-10.06.27:365][339]LogLoad: Game class is 'GameModeBase'
[2020.01.31-10.06.27:375][339]LogWorld: Bringing World /Game/Maps/UEDPIE_0_Test.Test up for play (max tick rate 0) at 2020.01.31-10.06.27
[2020.01.31-10.06.27:378][339]LogWorld: Bringing up level for play took: 0.002725
[2020.01.31-10.06.27:378][339]LogOnline: OSS: Creating online subsystem instance for: :Context_3
[2020.01.31-10.06.27:412][339]LogContentBrowser: Native class hierarchy updated for 'MovieSceneCapture' in 0.0056 seconds. Added 20 classes and 0 folders.
[2020.01.31-10.06.27:413][339]PIE: Play in editor start time for /Game/Maps/UEDPIE_0_Test -0.888
[2020.01.31-10.06.50:479][102]LogAudioMixer: Display: No commands were queued while flushing the source manager.
[2020.01.31-10.06.50:479][102]LogAudioMixer: Display: No commands were queued while flushing the source manager.
[2020.01.31-10.06.50:479][102]LogSlate: Updating window title bar state: overlay mode, drag disabled, window buttons hidden, title bar hidden
[2020.01.31-10.06.50:480][102]LogWorld: BeginTearingDown for /Game/Maps/UEDPIE_0_Test
[2020.01.31-10.06.50:480][102]LogAudioMixer: Display: No commands were queued while flushing the source manager.
[2020.01.31-10.06.50:480][102]LogWorld: UWorld::CleanupWorld for Test, bSessionEnded=true, bCleanupResources=true
[2020.01.31-10.06.50:480][102]LogSlate: InvalidateAllWidgets triggered.  All widgets were invalidated
[2020.01.31-10.06.50:499][102]LogPlayLevel: Display: Shutting down PIE online subsystems
[2020.01.31-10.06.50:503][102]LogSlate: InvalidateAllWidgets triggered.  All widgets were invalidated
[2020.01.31-10.06.50:530][102]LogAudioMixer: Display: No commands were queued while flushing the source manager.
[2020.01.31-10.06.50:533][102]LogSlate: Updating window title bar state: overlay mode, drag disabled, window buttons hidden, title bar hidden
[2020.01.31-10.06.50:535][102]LogUObjectHash: Compacting FUObjectHashTables data took   1.24ms
[2020.01.31-10.06.50:581][106]LogPlayLevel: Display: Destroying online subsystem :Context_3
[2020.01.31-10.07.02:168][465]LogTemp: Repeating last play command: Selected Viewport
[2020.01.31-10.07.02:181][465]LogPlayLevel: PlayLevel: No blueprints needed recompiling
[2020.01.31-10.07.02:181][465]PIE: New page: PIE session: Test (31 Jan 2020, 10:07:02)
[2020.01.31-10.07.02:181][465]LogPlayLevel: Creating play world package: /Game/Maps/UEDPIE_0_Test
[2020.01.31-10.07.02:184][465]LogPlayLevel: PIE: StaticDuplicateObject took: (0.002612s)
[2020.01.31-10.07.02:185][465]LogAIModule: Creating AISystem for world Test
[2020.01.31-10.07.02:185][465]LogPlayLevel: PIE: World Init took: (0.000829s)
[2020.01.31-10.07.02:185][465]LogPlayLevel: PIE: Created PIE world by copying editor world from /Game/Maps/Test.Test to /Game/Maps/UEDPIE_0_Test.Test (0.003748s)
[2020.01.31-10.07.02:209][465]LogUObjectHash: Compacting FUObjectHashTables data took   1.22ms
[2020.01.31-10.07.02:210][465]LogAudioMixer: Display: Audio Mixer Platform Settings:
[2020.01.31-10.07.02:210][465]LogAudioMixer: Display: 	Sample Rate:						  48000
[2020.01.31-10.07.02:210][465]LogAudioMixer: Display: 	Callback Buffer Frame Size Requested: 1024
[2020.01.31-10.07.02:210][465]LogAudioMixer: Display: 	Callback Buffer Frame Size To Use:	  1024
[2020.01.31-10.07.02:211][465]LogAudioMixer: Display: 	Number of buffers to queue:			  2
[2020.01.31-10.07.02:211][465]LogAudioMixer: Display: 	Max Channels (voices):				  32
[2020.01.31-10.07.02:211][465]LogAudioMixer: Display: 	Number of Async Source Workers:		  0
[2020.01.31-10.07.02:211][465]LogAudio: Display: AudioDevice MaxSources: 32
[2020.01.31-10.07.02:211][465]LogAudio: Display: Using built-in audio occlusion.
[2020.01.31-10.07.02:211][465]LogAudioMixer: Display: Initializing audio mixer.
[2020.01.31-10.07.02:216][465]LogAudioMixer: Display: Audio Device Output Speaker Info:
[2020.01.31-10.07.02:216][465]LogAudioMixer: Display: Name: Speakers (Synaptics HD Audio)
[2020.01.31-10.07.02:216][465]LogAudioMixer: Display: Is Default: Yes
[2020.01.31-10.07.02:216][465]LogAudioMixer: Display: Sample Rate: 48000
[2020.01.31-10.07.02:216][465]LogAudioMixer: Display: Channel Count Used: 2
[2020.01.31-10.07.02:216][465]LogAudioMixer: Display: Device Channel Count: 2
[2020.01.31-10.07.02:216][465]LogAudioMixer: Display: Channel Order:
[2020.01.31-10.07.02:217][465]LogAudioMixer: Display: 0: FrontLeft
[2020.01.31-10.07.02:217][465]LogAudioMixer: Display: 1: FrontRight
[2020.01.31-10.07.02:222][465]LogAudioMixer: Display: Using Audio Device Speakers (Synaptics HD Audio)
[2020.01.31-10.07.02:225][465]LogInit: FAudioDevice initialized.
[2020.01.31-10.07.02:235][465]LogLoad: Game class is 'GameModeBase'
[2020.01.31-10.07.02:236][465]LogWorld: Bringing World /Game/Maps/UEDPIE_0_Test.Test up for play (max tick rate 0) at 2020.01.31-10.07.02
[2020.01.31-10.07.02:236][465]LogWorld: Bringing up level for play took: 0.000683
[2020.01.31-10.07.02:236][465]LogOnline: OSS: Creating online subsystem instance for: :Context_4
[2020.01.31-10.07.02:239][465]PIE: Play in editor start time for /Game/Maps/UEDPIE_0_Test -0.062
[2020.01.31-10.07.09:576][344]LogAudioMixer: Display: No commands were queued while flushing the source manager.
[2020.01.31-10.07.09:576][344]LogAudioMixer: Display: No commands were queued while flushing the source manager.
[2020.01.31-10.07.09:577][344]LogSlate: Updating window title bar state: overlay mode, drag disabled, window buttons hidden, title bar hidden
[2020.01.31-10.07.09:577][344]LogWorld: BeginTearingDown for /Game/Maps/UEDPIE_0_Test
[2020.01.31-10.07.09:577][344]LogAudioMixer: Display: No commands were queued while flushing the source manager.
[2020.01.31-10.07.09:577][344]LogWorld: UWorld::CleanupWorld for Test, bSessionEnded=true, bCleanupResources=true
[2020.01.31-10.07.09:577][344]LogSlate: InvalidateAllWidgets triggered.  All widgets were invalidated
[2020.01.31-10.07.09:584][344]LogPlayLevel: Display: Shutting down PIE online subsystems
[2020.01.31-10.07.09:587][344]LogSlate: InvalidateAllWidgets triggered.  All widgets were invalidated
[2020.01.31-10.07.09:611][344]LogAudioMixer: Display: No commands were queued while flushing the source manager.
[2020.01.31-10.07.09:614][344]LogSlate: Updating window title bar state: overlay mode, drag disabled, window buttons hidden, title bar hidden
[2020.01.31-10.07.09:616][344]LogUObjectHash: Compacting FUObjectHashTables data took   1.08ms
[2020.01.31-10.07.09:681][350]LogPlayLevel: Display: Destroying online subsystem :Context_4
[2020.01.31-10.07.11:774][598]LogTemp: Repeating last play command: Selected Viewport
[2020.01.31-10.07.11:785][598]LogPlayLevel: PlayLevel: No blueprints needed recompiling
[2020.01.31-10.07.11:785][598]PIE: New page: PIE session: Test (31 Jan 2020, 10:07:11)
[2020.01.31-10.07.11:785][598]LogPlayLevel: Creating play world package: /Game/Maps/UEDPIE_0_Test
[2020.01.31-10.07.11:788][598]LogPlayLevel: PIE: StaticDuplicateObject took: (0.003224s)
[2020.01.31-10.07.11:789][598]LogAIModule: Creating AISystem for world Test
[2020.01.31-10.07.11:789][598]LogPlayLevel: PIE: World Init took: (0.000865s)
[2020.01.31-10.07.11:789][598]LogPlayLevel: PIE: Created PIE world by copying editor world from /Game/Maps/Test.Test to /Game/Maps/UEDPIE_0_Test.Test (0.004378s)
[2020.01.31-10.07.11:812][598]LogUObjectHash: Compacting FUObjectHashTables data took   1.20ms
[2020.01.31-10.07.11:812][598]LogAudioMixer: Display: Audio Mixer Platform Settings:
[2020.01.31-10.07.11:812][598]LogAudioMixer: Display: 	Sample Rate:						  48000
[2020.01.31-10.07.11:812][598]LogAudioMixer: Display: 	Callback Buffer Frame Size Requested: 1024
[2020.01.31-10.07.11:812][598]LogAudioMixer: Display: 	Callback Buffer Frame Size To Use:	  1024
[2020.01.31-10.07.11:812][598]LogAudioMixer: Display: 	Number of buffers to queue:			  2
[2020.01.31-10.07.11:812][598]LogAudioMixer: Display: 	Max Channels (voices):				  32
[2020.01.31-10.07.11:812][598]LogAudioMixer: Display: 	Number of Async Source Workers:		  0
[2020.01.31-10.07.11:812][598]LogAudio: Display: AudioDevice MaxSources: 32
[2020.01.31-10.07.11:812][598]LogAudio: Display: Using built-in audio occlusion.
[2020.01.31-10.07.11:812][598]LogAudioMixer: Display: Initializing audio mixer.
[2020.01.31-10.07.11:817][598]LogAudioMixer: Display: Audio Device Output Speaker Info:
[2020.01.31-10.07.11:817][598]LogAudioMixer: Display: Name: Speakers (Synaptics HD Audio)
[2020.01.31-10.07.11:817][598]LogAudioMixer: Display: Is Default: Yes
[2020.01.31-10.07.11:817][598]LogAudioMixer: Display: Sample Rate: 48000
[2020.01.31-10.07.11:817][598]LogAudioMixer: Display: Channel Count Used: 2
[2020.01.31-10.07.11:817][598]LogAudioMixer: Display: Device Channel Count: 2
[2020.01.31-10.07.11:817][598]LogAudioMixer: Display: Channel Order:
[2020.01.31-10.07.11:817][598]LogAudioMixer: Display: 0: FrontLeft
[2020.01.31-10.07.11:817][598]LogAudioMixer: Display: 1: FrontRight
[2020.01.31-10.07.11:823][598]LogAudioMixer: Display: Using Audio Device Speakers (Synaptics HD Audio)
[2020.01.31-10.07.11:825][598]LogInit: FAudioDevice initialized.
[2020.01.31-10.07.11:838][598]LogLoad: Game class is 'GameModeBase'
[2020.01.31-10.07.11:839][598]LogWorld: Bringing World /Game/Maps/UEDPIE_0_Test.Test up for play (max tick rate 0) at 2020.01.31-10.07.11
[2020.01.31-10.07.11:839][598]LogWorld: Bringing up level for play took: 0.000716
[2020.01.31-10.07.11:839][598]LogOnline: OSS: Creating online subsystem instance for: :Context_5
[2020.01.31-10.07.11:841][598]PIE: Play in editor start time for /Game/Maps/UEDPIE_0_Test -0.459
[2020.01.31-10.07.18:262][355]LogAudioMixer: Display: No commands were queued while flushing the source manager.
[2020.01.31-10.07.18:262][355]LogAudioMixer: Display: No commands were queued while flushing the source manager.
[2020.01.31-10.07.18:262][355]LogSlate: Updating window title bar state: overlay mode, drag disabled, window buttons hidden, title bar hidden
[2020.01.31-10.07.18:262][355]LogWorld: BeginTearingDown for /Game/Maps/UEDPIE_0_Test
[2020.01.31-10.07.18:263][355]LogAudioMixer: Display: No commands were queued while flushing the source manager.
[2020.01.31-10.07.18:263][355]LogWorld: UWorld::CleanupWorld for Test, bSessionEnded=true, bCleanupResources=true
[2020.01.31-10.07.18:264][355]LogSlate: InvalidateAllWidgets triggered.  All widgets were invalidated
[2020.01.31-10.07.18:272][355]LogPlayLevel: Display: Shutting down PIE online subsystems
[2020.01.31-10.07.18:274][355]LogSlate: InvalidateAllWidgets triggered.  All widgets were invalidated
[2020.01.31-10.07.18:295][355]LogAudioMixer: Display: No commands were queued while flushing the source manager.
[2020.01.31-10.07.18:299][355]LogSlate: Updating window title bar state: overlay mode, drag disabled, window buttons hidden, title bar hidden
[2020.01.31-10.07.18:301][355]LogUObjectHash: Compacting FUObjectHashTables data took   1.22ms
[2020.01.31-10.07.18:367][363]LogPlayLevel: Display: Destroying online subsystem :Context_5
[2020.01.31-10.07.21:929][788]LogEditorViewport: Clicking on Actor (LMB): StaticMeshActor (Cube)
[2020.01.31-10.07.25:044][155]Cmd: DELETE
[2020.01.31-10.07.25:044][155]Cmd: ACTOR DELETE
[2020.01.31-10.07.25:063][155]LogEditorActor: Deleted Actor: StaticMeshActor
[2020.01.31-10.07.25:088][155]LogUObjectHash: Compacting FUObjectHashTables data took   0.57ms
[2020.01.31-10.07.25:089][155]LogEditorActor: Deleted 1 Actors (0.044 secs)
[2020.01.31-10.07.25:722][227]Cmd: DELETE
[2020.01.31-10.07.25:722][227]Cmd: ACTOR DELETE
[2020.01.31-10.07.25:723][227]LogEditorActor: Deleted Actor: PlayerCharacter
[2020.01.31-10.07.25:750][227]LogUObjectHash: Compacting FUObjectHashTables data took   0.68ms
[2020.01.31-10.07.25:750][227]LogEditorActor: Deleted 1 Actors (0.028 secs)
[2020.01.31-10.07.26:982][373]LogEditorViewport: Clicking on Actor (LMB): PlayerStart (Player Start)
[2020.01.31-10.07.51:363][230]LogAssetEditorSubsystem: Opening Asset editor for Class /Script/MyProject.MyProjectGameModeBase
[2020.01.31-10.07.51:578][230]LogVSAccessor: Warning: Couldn't goto line number '1' in 'F:/Year 4/3D Games Prototyping/MyProject/Source/MyProject/MyProjectGameModeBase.h'
[2020.01.31-10.07.51:721][230]LogVSAccessor: Warning: Couldn't goto line number '1' in 'F:/Year 4/3D Games Prototyping/MyProject/Source/MyProject/MyProjectGameModeBase.cpp'
[2020.01.31-10.08.39:031][544]LogEditorViewport: Clicking on Actor (LMB): PlayerStart (Player Start)
[2020.01.31-10.08.41:201][802]LogTemp: Repeating last play command: Selected Viewport
[2020.01.31-10.08.41:216][802]LogPlayLevel: PlayLevel: No blueprints needed recompiling
[2020.01.31-10.08.41:216][802]PIE: New page: PIE session: Test (31 Jan 2020, 10:08:41)
[2020.01.31-10.08.41:216][802]LogPlayLevel: Creating play world package: /Game/Maps/UEDPIE_0_Test
[2020.01.31-10.08.41:219][802]LogPlayLevel: PIE: StaticDuplicateObject took: (0.002386s)
[2020.01.31-10.08.41:220][802]LogAIModule: Creating AISystem for world Test
[2020.01.31-10.08.41:220][802]LogPlayLevel: PIE: World Init took: (0.000921s)
[2020.01.31-10.08.41:220][802]LogPlayLevel: PIE: Created PIE world by copying editor world from /Game/Maps/Test.Test to /Game/Maps/UEDPIE_0_Test.Test (0.003573s)
[2020.01.31-10.08.41:244][802]LogUObjectHash: Compacting FUObjectHashTables data took   1.08ms
[2020.01.31-10.08.41:244][802]LogAudioMixer: Display: Audio Mixer Platform Settings:
[2020.01.31-10.08.41:244][802]LogAudioMixer: Display: 	Sample Rate:						  48000
[2020.01.31-10.08.41:244][802]LogAudioMixer: Display: 	Callback Buffer Frame Size Requested: 1024
[2020.01.31-10.08.41:245][802]LogAudioMixer: Display: 	Callback Buffer Frame Size To Use:	  1024
[2020.01.31-10.08.41:245][802]LogAudioMixer: Display: 	Number of buffers to queue:			  2
[2020.01.31-10.08.41:245][802]LogAudioMixer: Display: 	Max Channels (voices):				  32
[2020.01.31-10.08.41:245][802]LogAudioMixer: Display: 	Number of Async Source Workers:		  0
[2020.01.31-10.08.41:245][802]LogAudio: Display: AudioDevice MaxSources: 32
[2020.01.31-10.08.41:245][802]LogAudio: Display: Using built-in audio occlusion.
[2020.01.31-10.08.41:245][802]LogAudioMixer: Display: Initializing audio mixer.
[2020.01.31-10.08.41:250][802]LogAudioMixer: Display: Audio Device Output Speaker Info:
[2020.01.31-10.08.41:250][802]LogAudioMixer: Display: Name: Speakers (Synaptics HD Audio)
[2020.01.31-10.08.41:250][802]LogAudioMixer: Display: Is Default: Yes
[2020.01.31-10.08.41:250][802]LogAudioMixer: Display: Sample Rate: 48000
[2020.01.31-10.08.41:250][802]LogAudioMixer: Display: Channel Count Used: 2
[2020.01.31-10.08.41:250][802]LogAudioMixer: Display: Device Channel Count: 2
[2020.01.31-10.08.41:250][802]LogAudioMixer: Display: Channel Order:
[2020.01.31-10.08.41:250][802]LogAudioMixer: Display: 0: FrontLeft
[2020.01.31-10.08.41:250][802]LogAudioMixer: Display: 1: FrontRight
[2020.01.31-10.08.41:256][802]LogAudioMixer: Display: Using Audio Device Speakers (Synaptics HD Audio)
[2020.01.31-10.08.41:258][802]LogInit: FAudioDevice initialized.
[2020.01.31-10.08.41:269][802]LogLoad: Game class is 'MyProjectGameModeBase'
[2020.01.31-10.08.41:270][802]LogWorld: Bringing World /Game/Maps/UEDPIE_0_Test.Test up for play (max tick rate 0) at 2020.01.31-10.08.41
[2020.01.31-10.08.41:270][802]LogWorld: Bringing up level for play took: 0.000433
[2020.01.31-10.08.41:270][802]LogOnline: OSS: Creating online subsystem instance for: :Context_6
[2020.01.31-10.08.41:272][802]PIE: Play in editor start time for /Game/Maps/UEDPIE_0_Test 0.97
[2020.01.31-10.08.46:339][408]LogAudioMixer: Display: No commands were queued while flushing the source manager.
[2020.01.31-10.08.46:339][408]LogAudioMixer: Display: No commands were queued while flushing the source manager.
[2020.01.31-10.08.46:339][408]LogSlate: Updating window title bar state: overlay mode, drag disabled, window buttons hidden, title bar hidden
[2020.01.31-10.08.46:339][408]LogWorld: BeginTearingDown for /Game/Maps/UEDPIE_0_Test
[2020.01.31-10.08.46:339][408]LogAudioMixer: Display: No commands were queued while flushing the source manager.
[2020.01.31-10.08.46:339][408]LogWorld: UWorld::CleanupWorld for Test, bSessionEnded=true, bCleanupResources=true
[2020.01.31-10.08.46:340][408]LogSlate: InvalidateAllWidgets triggered.  All widgets were invalidated
[2020.01.31-10.08.46:349][408]LogPlayLevel: Display: Shutting down PIE online subsystems
[2020.01.31-10.08.46:351][408]LogSlate: InvalidateAllWidgets triggered.  All widgets were invalidated
[2020.01.31-10.08.46:373][408]LogAudioMixer: Display: No commands were queued while flushing the source manager.
[2020.01.31-10.08.46:376][408]LogSlate: Updating window title bar state: overlay mode, drag disabled, window buttons hidden, title bar hidden
[2020.01.31-10.08.46:378][408]LogUObjectHash: Compacting FUObjectHashTables data took   1.08ms
[2020.01.31-10.08.46:442][414]LogPlayLevel: Display: Destroying online subsystem :Context_6
[2020.01.31-10.08.51:391][  5]LogEditorViewport: Clicking on Actor (LMB): SphereReflectionCapture (SphereReflectionCapture)
[2020.01.31-10.08.53:633][271]LogEditorViewport: Clicking on Actor (LMB): PlayerStart (Player Start)
[2020.01.31-10.09.38:641][322]LogSlate: Window 'Create New Blueprint' being destroyed
[2020.01.31-10.10.19:460][714]LogVSAccessor: Warning: Couldn't goto line number '1' in 'C:/Program Files/Epic Games/UE_4.24/Engine/Source/Runtime/Engine/Classes/GameFramework/DefaultPawn.h'
